<?xml version="1.0" encoding="utf-8"?><testsuites name="pytest tests"><testsuite name="pytest" errors="0" failures="0" skipped="0" tests="22" time="3.146" timestamp="2026-06-27T14:04:10.519569+00:00" hostname="agent-env-dd9109b4-2ed5-4fab-9ed5-c989f6ee51cc"><testcase classname="backend.tests.test_admin.TestAdminAuth" name="test_admin_login_role_and_token" time="0.458" /><testcase classname="backend.tests.test_admin.TestAdminStats" name="test_stats_keys_and_types" time="0.050" /><testcase classname="backend.tests.test_admin.TestAdminStats" name="test_stats_non_admin_forbidden" time="0.329" /><testcase classname="backend.tests.test_admin.TestAdminStats" name="test_stats_no_token" time="0.040" /><testcase classname="backend.tests.test_admin.TestAdminUsers" name="test_list_all_users" time="0.046" /><testcase classname="backend.tests.test_admin.TestAdminUsers" name="test_filter_by_role_worker" time="0.044" /><testcase classname="backend.tests.test_admin.TestAdminUsers" name="test_search_by_mobile" time="0.044" /><testcase classname="backend.tests.test_admin.TestAdminUsers" name="test_users_non_admin_forbidden" time="0.305" /><testcase classname="backend.tests.test_admin.TestAdminUserActions" name="test_verify_user" time="0.354" /><testcase classname="backend.tests.test_admin.TestAdminUserActions" name="test_suspend_and_login_blocked" time="0.307" /><testcase classname="backend.tests.test_admin.TestAdminUserActions" name="test_unsuspend_and_login_works" time="0.308" /><testcase classname="backend.tests.test_admin.TestAdminUserActions" name="test_verify_unknown_404" time="0.054" /><testcase classname="backend.tests.test_admin.TestAdminUserActions" name="test_suspend_by_non_admin_forbidden" time="0.043" /><testcase classname="backend.tests.test_admin.TestAdminJobs" name="test_list_all_jobs" time="0.046" /><testcase classname="backend.tests.test_admin.TestAdminJobs" name="test_close_job" time="0.131" /><testcase classname="backend.tests.test_admin.TestAdminJobs" name="test_close_unknown_404" time="0.044" /><testcase classname="backend.tests.test_admin.TestAdminJobs" name="test_jobs_non_admin_forbidden" time="0.044" /><testcase classname="backend.tests.test_admin.TestAdminComplaints" name="test_list_open_complaints_has_seed" time="0.044" /><testcase classname="backend.tests.test_admin.TestAdminComplaints" name="test_resolve_complaint" time="0.141" /><testcase classname="backend.tests.test_admin.TestAdminComplaints" name="test_reject_complaint" time="0.129" /><testcase classname="backend.tests.test_admin.TestAdminComplaints" name="test_resolve_unknown_404" time="0.045" /><testcase classname="backend.tests.test_admin.TestAdminComplaints" name="test_complaints_non_admin_forbidden" time="0.043" /></testsuite></testsuites>