<?xml version="1.0" encoding="utf-8"?><testsuites name="pytest tests"><testsuite name="pytest" errors="0" failures="0" skipped="0" tests="9" time="3.249" timestamp="2026-06-28T04:26:27.624086+00:00" hostname="agent-env-dd9109b4-2ed5-4fab-9ed5-c989f6ee51cc"><testcase classname="backend.tests.test_complaints.TestFileComplaint" name="test_file_complaint_success" time="0.634" /><testcase classname="backend.tests.test_complaints.TestFileComplaint" name="test_file_complaint_unauthenticated" time="0.121" /><testcase classname="backend.tests.test_complaints.TestFileComplaint" name="test_file_complaint_missing_subject" time="0.138" /><testcase classname="backend.tests.test_complaints.TestMyComplaints" name="test_my_complaints_lists_filed" time="0.141" /><testcase classname="backend.tests.test_complaints.TestMyComplaints" name="test_my_complaints_includes_recent_file" time="0.248" /><testcase classname="backend.tests.test_complaints.TestMyComplaints" name="test_my_complaints_isolation_admin_sees_via_admin_route" time="0.439" /><testcase classname="backend.tests.test_complaints.TestAdminComplaintsRegression" name="test_admin_can_see_user_complaint" time="0.211" /><testcase classname="backend.tests.test_complaints.TestRegressionProfile" name="test_change_password_roundtrip" time="1.079" /><testcase classname="backend.tests.test_complaints.TestRegressionProfile" name="test_photo_update_clear" time="0.109" /></testsuite></testsuites>