<?xml version="1.0" encoding="utf-8"?><testsuites name="pytest tests"><testsuite name="pytest" errors="0" failures="0" skipped="0" tests="29" time="5.198" timestamp="2026-06-27T14:45:53.908417+00:00" hostname="agent-env-dd9109b4-2ed5-4fab-9ed5-c989f6ee51cc"><testcase classname="backend.tests.test_erp.TestMaterials" name="test_create_material" time="0.630" /><testcase classname="backend.tests.test_erp.TestMaterials" name="test_list_materials_persists" time="0.095" /><testcase classname="backend.tests.test_erp.TestMaterials" name="test_update_material" time="0.269" /><testcase classname="backend.tests.test_erp.TestMaterials" name="test_delete_material" time="0.197" /><testcase classname="backend.tests.test_erp.TestTools" name="test_create_tool_with_status" time="0.110" /><testcase classname="backend.tests.test_erp.TestTools" name="test_list_tools" time="0.134" /><testcase classname="backend.tests.test_erp.TestTools" name="test_delete_tool" time="0.135" /><testcase classname="backend.tests.test_erp.TestEstimates" name="test_create_estimate_auto_computes" time="0.103" /><testcase classname="backend.tests.test_erp.TestEstimates" name="test_estimate_zero_revenue" time="0.091" /><testcase classname="backend.tests.test_erp.TestEstimates" name="test_list_estimates" time="0.134" /><testcase classname="backend.tests.test_erp.TestBills" name="test_create_bill_auto_bill_no_and_calc" time="0.126" /><testcase classname="backend.tests.test_erp.TestBills" name="test_bill_no_increments" time="0.095" /><testcase classname="backend.tests.test_erp.TestBills" name="test_mark_paid" time="0.224" /><testcase classname="backend.tests.test_erp.TestBills" name="test_mark_paid_404" time="0.152" /><testcase classname="backend.tests.test_erp.TestDashboard" name="test_dashboard_keys" time="0.092" /><testcase classname="backend.tests.test_erp.TestDashboard" name="test_low_stock_detection" time="0.286" /><testcase classname="backend.tests.test_erp.TestAuthGuards" name="test_worker_blocked[/erp/materials-GET]" time="0.413" /><testcase classname="backend.tests.test_erp.TestAuthGuards" name="test_worker_blocked[/erp/materials-POST]" time="0.098" /><testcase classname="backend.tests.test_erp.TestAuthGuards" name="test_worker_blocked[/erp/tools-GET]" time="0.095" /><testcase classname="backend.tests.test_erp.TestAuthGuards" name="test_worker_blocked[/erp/tools-POST]" time="0.090" /><testcase classname="backend.tests.test_erp.TestAuthGuards" name="test_worker_blocked[/erp/estimates-GET]" time="0.102" /><testcase classname="backend.tests.test_erp.TestAuthGuards" name="test_worker_blocked[/erp/estimates-POST]" time="0.096" /><testcase classname="backend.tests.test_erp.TestAuthGuards" name="test_worker_blocked[/erp/bills-GET]" time="0.092" /><testcase classname="backend.tests.test_erp.TestAuthGuards" name="test_worker_blocked[/erp/bills-POST]" time="0.094" /><testcase classname="backend.tests.test_erp.TestAuthGuards" name="test_worker_blocked[/erp/dashboard-GET]" time="0.093" /><testcase classname="backend.tests.test_erp.TestAuthGuards" name="test_client_blocked_dashboard" time="0.425" /><testcase classname="backend.tests.test_erp.TestAuthGuards" name="test_admin_blocked_dashboard" time="0.429" /><testcase classname="backend.tests.test_erp.TestAuthGuards" name="test_no_token_blocked" time="0.099" /><testcase classname="backend.tests.test_erp.TestOwnerIsolation" name="test_delete_other_owner_returns_404" time="0.095" /></testsuite></testsuites>