<?xml version="1.0" encoding="utf-8"?><testsuites name="pytest tests"><testsuite name="pytest" errors="0" failures="0" skipped="0" tests="19" time="8.688" timestamp="2026-06-28T07:35:46.168428+00:00" hostname="agent-env-dd9109b4-2ed5-4fab-9ed5-c989f6ee51cc"><testcase classname="backend.tests.test_health_and_regression.TestHealthEndpoints" name="test_health_endpoint_200[/api/health-status-False]" time="0.250" /><testcase classname="backend.tests.test_health_and_regression.TestHealthEndpoints" name="test_health_endpoint_200[/api/healthz-status-False]" time="0.049" /><testcase classname="backend.tests.test_health_and_regression.TestHealthEndpoints" name="test_health_endpoint_200[/health-status-True]" time="0.002" /><testcase classname="backend.tests.test_health_and_regression.TestHealthEndpoints" name="test_health_endpoint_200[/healthz-status-True]" time="0.042" /><testcase classname="backend.tests.test_health_and_regression.TestHealthEndpoints" name="test_api_root_alive" time="0.045" /><testcase classname="backend.tests.test_health_and_regression.TestHealthLoad" name="test_50_rapid_sequential_hits" time="2.500" /><testcase classname="backend.tests.test_health_and_regression.TestHealthLoad" name="test_50_concurrent_hits" time="1.730" /><testcase classname="backend.tests.test_health_and_regression.TestSeedUsers" name="test_demo_login[9000000001-demo1234-client]" time="0.264" /><testcase classname="backend.tests.test_health_and_regression.TestSeedUsers" name="test_demo_login[9000000002-demo1234-worker]" time="0.264" /><testcase classname="backend.tests.test_health_and_regression.TestSeedUsers" name="test_demo_login[9000000003-demo1234-contractor]" time="0.269" /><testcase classname="backend.tests.test_health_and_regression.TestSeedUsers" name="test_demo_login[9000000000-admin1234-admin]" time="0.264" /><testcase classname="backend.tests.test_health_and_regression.TestAuthAndProfile" name="test_login_works" time="0.273" /><testcase classname="backend.tests.test_health_and_regression.TestAuthAndProfile" name="test_me_endpoint" time="0.043" /><testcase classname="backend.tests.test_health_and_regression.TestAuthAndProfile" name="test_me_unauthorized" time="0.041" /><testcase classname="backend.tests.test_health_and_regression.TestAuthAndProfile" name="test_password_change_roundtrip" time="1.852" /><testcase classname="backend.tests.test_health_and_regression.TestAuthAndProfile" name="test_password_change_wrong_old" time="0.265" /><testcase classname="backend.tests.test_health_and_regression.TestComplaints" name="test_create_and_get_mine" time="0.102" /><testcase classname="backend.tests.test_health_and_regression.TestPayroll" name="test_payroll_get" time="0.044" /><testcase classname="backend.tests.test_health_and_regression.TestPayroll" name="test_payroll_forbidden_for_worker" time="0.307" /></testsuite></testsuites>