<?xml version="1.0" encoding="utf-8"?><testsuites name="pytest tests"><testsuite name="pytest" errors="0" failures="0" skipped="0" tests="24" time="14.836" timestamp="2026-08-19T23:42:11.655467+00:00" hostname="agent-env-dd9109b4-2ed5-4fab-9ed5-c989f6ee51cc"><testcase classname="backend.tests.test_iter44_notifications.TestNotificationAuth" name="test_list_requires_auth" time="3.371" /><testcase classname="backend.tests.test_iter44_notifications.TestNotificationAuth" name="test_unread_count_requires_auth" time="0.107" /><testcase classname="backend.tests.test_iter44_notifications.TestNotificationAuth" name="test_mark_read_requires_auth" time="0.132" /><testcase classname="backend.tests.test_iter44_notifications.TestNotificationAuth" name="test_delete_requires_auth" time="0.121" /><testcase classname="backend.tests.test_iter44_notifications.TestNotificationAuth" name="test_clear_all_requires_auth" time="0.210" /><testcase classname="backend.tests.test_iter44_notifications.TestNotificationCoreEndpoints" name="test_unread_count_shape" time="0.125" /><testcase classname="backend.tests.test_iter44_notifications.TestNotificationCoreEndpoints" name="test_list_shape" time="0.113" /><testcase classname="backend.tests.test_iter44_notifications.TestNotificationCoreEndpoints" name="test_mark_read_requires_ids_or_all" time="0.136" /><testcase classname="backend.tests.test_iter44_notifications.TestNotificationCoreEndpoints" name="test_delete_missing_returns_404" time="0.152" /><testcase classname="backend.tests.test_iter44_notifications.TestApplicationTriggers" name="test_application_new_and_status" time="0.993" /><testcase classname="backend.tests.test_iter44_notifications.TestApplicationTriggers" name="test_application_rejected_triggers" time="0.446" /><testcase classname="backend.tests.test_iter44_notifications.TestAttendanceTriggers" name="test_check_in_and_check_out_notify_poster" time="0.552" /><testcase classname="backend.tests.test_iter44_notifications.TestComplaintTriggers" name="test_complaint_notifies_admins" time="0.390" /><testcase classname="backend.tests.test_iter44_notifications.TestComplaintTriggers" name="test_complaint_resolve_notifies_user" time="0.231" /><testcase classname="backend.tests.test_iter44_notifications.TestComplaintTriggers" name="test_complaint_reject_notifies_user" time="0.350" /><testcase classname="backend.tests.test_iter44_notifications.TestEscrowTriggers" name="test_escrow_release_notifies_worker" time="0.382" /><testcase classname="backend.tests.test_iter44_notifications.TestLeaveTriggers" name="test_leave_request_and_decision" time="0.595" /><testcase classname="backend.tests.test_iter44_notifications.TestLeaveTriggers" name="test_leave_rejected" time="0.320" /><testcase classname="backend.tests.test_iter44_notifications.TestAdminUserTriggers" name="test_verify_suspend_unsuspend" time="1.076" /><testcase classname="backend.tests.test_iter44_notifications.TestNotificationManagement" name="test_unread_only_filter_and_mark_read" time="0.652" /><testcase classname="backend.tests.test_iter44_notifications.TestNotificationManagement" name="test_mark_all_read_only_affects_current_user" time="0.490" /><testcase classname="backend.tests.test_iter44_notifications.TestNotificationManagement" name="test_delete_others_notif_returns_404" time="0.372" /><testcase classname="backend.tests.test_iter44_notifications.TestNotificationManagement" name="test_delete_own_notif" time="0.361" /><testcase classname="backend.tests.test_iter44_notifications.TestNotificationManagement" name="test_clear_all_isolation" time="3.042" /></testsuite></testsuites>