<?xml version="1.0" encoding="utf-8"?><testsuites name="pytest tests"><testsuite name="pytest" errors="0" failures="0" skipped="0" tests="8" time="32.900" timestamp="2026-08-10T13:17:13.411639+00:00" hostname="agent-env-dd9109b4-2ed5-4fab-9ed5-c989f6ee51cc"><testcase classname="backend.tests.test_iter37_phase3_profile" name="test_worker_put_me_new_fields_and_aadhaar_forced_pending" time="0.668" /><testcase classname="backend.tests.test_iter37_phase3_profile" name="test_worker_get_me_verifies_persistence" time="0.138" /><testcase classname="backend.tests.test_iter37_phase3_profile" name="test_worker_cannot_self_verify_status_without_document" time="0.232" /><testcase classname="backend.tests.test_iter37_phase3_profile" name="test_contractor_put_me_permanent_address" time="15.674" /><testcase classname="backend.tests.test_iter37_phase3_profile" name="test_client_put_me_accepts_permanent_backward_compat" time="15.532" /><testcase classname="backend.tests.test_iter37_phase3_profile" name="test_regression_worker_basic_name_update" time="0.121" /><testcase classname="backend.tests.test_iter37_phase3_profile" name="test_regression_client_basic_update" time="0.240" /><testcase classname="backend.tests.test_iter37_phase3_profile" name="test_regression_contractor_basic_update" time="0.207" /></testsuite></testsuites>