<?xml version="1.0" encoding="utf-8"?><testsuites name="pytest tests"><testsuite name="pytest" errors="0" failures="0" skipped="0" tests="3" time="3.064" timestamp="2026-08-10T13:43:58.015682+00:00" hostname="agent-env-dd9109b4-2ed5-4fab-9ed5-c989f6ee51cc"><testcase classname="backend.tests.test_iter39_slot_wage_refinement.TestMixedSkillExpansion" name="test_four_slots_carry_per_slot_skill_and_wage" time="1.049" /><testcase classname="backend.tests.test_iter39_slot_wage_refinement.TestSupervisorHourly" name="test_supervisor_slot_carries_hourly_metadata" time="0.601" /><testcase classname="backend.tests.test_iter39_slot_wage_refinement.TestSlotShiftAfterAcceptance" name="test_remaining_slots_shift_after_one_full_trained_accepted" time="1.323" /></testsuite></testsuites>