<?xml version="1.0" encoding="utf-8"?><testsuites name="pytest tests"><testsuite name="pytest" errors="0" failures="0" skipped="0" tests="6" time="1.995" timestamp="2026-08-08T14:37:11.620898+00:00" hostname="agent-env-dd9109b4-2ed5-4fab-9ed5-c989f6ee51cc"><testcase classname="backend.tests.test_post_job_iter32.TestDailyWorkerJob" name="test_post_daily_worker_full" time="0.720" /><testcase classname="backend.tests.test_post_job_iter32.TestContractorJob" name="test_post_contractor_no_optional" time="0.126" /><testcase classname="backend.tests.test_post_job_iter32.TestBackwardCompat" name="test_post_minimal_no_new_fields" time="0.138" /><testcase classname="backend.tests.test_post_job_iter32.TestWorkerForbidden" name="test_worker_cannot_post" time="0.414" /><testcase classname="backend.tests.test_post_job_iter32.TestJobsListRegression" name="test_list_jobs_ok" time="0.109" /><testcase classname="backend.tests.test_post_job_iter32.TestJobsListRegression" name="test_contractor_can_also_post" time="0.417" /></testsuite></testsuites>