<?xml version="1.0" encoding="utf-8"?><testsuites name="pytest tests"><testsuite name="pytest" errors="0" failures="0" skipped="0" tests="3" time="2.769" timestamp="2026-08-11T15:31:07.229148+00:00" hostname="agent-env-dd9109b4-2ed5-4fab-9ed5-c989f6ee51cc"><testcase classname="backend.tests.test_iter42_distance_regression" name="test_vacancies_endpoint_ok" time="0.746" /><testcase classname="backend.tests.test_iter42_distance_regression" name="test_post_job_persists_lat_lng" time="1.089" /><testcase classname="backend.tests.test_iter42_distance_regression" name="test_post_job_without_lat_lng" time="0.746" /></testsuite></testsuites>