<?xml version="1.0" encoding="utf-8"?><testsuites name="pytest tests"><testsuite name="pytest" errors="0" failures="3" skipped="0" tests="52" time="8.618" timestamp="2026-07-03T15:27:24.506391+00:00" hostname="agent-env-dd9109b4-2ed5-4fab-9ed5-c989f6ee51cc"><testcase classname="backend.tests.test_phase2_features.TestSmokeRegression" name="test_health" time="0.260" /><testcase classname="backend.tests.test_phase2_features.TestSmokeRegression" name="test_login_all_roles" time="1.430" /><testcase classname="backend.tests.test_phase2_features.TestSmokeRegression" name="test_me" time="0.133" /><testcase classname="backend.tests.test_phase2_features.TestSmokeRegression" name="test_jobs_list" time="0.109" /><testcase classname="backend.tests.test_phase2_features.TestSmokeRegression" name="test_complaints_mine" time="0.100" /><testcase classname="backend.tests.test_phase2_features.TestSmokeRegression" name="test_erp_bills" time="0.124" /><testcase classname="backend.tests.test_phase2_features.TestSmokeRegression" name="test_attendance_mine" time="0.102" /><testcase classname="backend.tests.test_phase2_features.TestSmokeRegression" name="test_payroll" time="0.098" /><testcase classname="backend.tests.test_phase2_features.TestForgotPassword" name="test_forgot_invalid_mobile" time="0.175" /><testcase classname="backend.tests.test_phase2_features.TestForgotPassword" name="test_forgot_nonexistent_user_still_ok" time="0.105" /><testcase classname="backend.tests.test_phase2_features.TestForgotPassword" name="test_forgot_existing_user_returns_dev_code" time="0.108" /><testcase classname="backend.tests.test_phase2_features.TestForgotPassword" name="test_reset_short_password_400" time="0.099" /><testcase classname="backend.tests.test_phase2_features.TestForgotPassword" name="test_reset_invalid_otp_401" time="0.236" /><testcase classname="backend.tests.test_phase2_features.TestForgotPassword" name="test_reset_flow_success_and_login_works" time="0.788" /><testcase classname="backend.tests.test_phase2_features.TestJobsSearch" name="test_requires_auth" time="0.103"><failure message="assert 404 == 401&#10; +  where 404 = &lt;Response [404]&gt;.status_code">backend/tests/test_phase2_features.py:140: in test_requires_auth
    assert r.status_code == 401
E   assert 404 == 401
E    +  where 404 = &lt;Response [404]&gt;.status_code</failure></testcase><testcase classname="backend.tests.test_phase2_features.TestJobsSearch" name="test_search_defaults" time="0.125"><failure message="assert 404 == 200&#10; +  where 404 = &lt;Response [404]&gt;.status_code">backend/tests/test_phase2_features.py:145: in test_search_defaults
    assert r.status_code == 200
E   assert 404 == 200
E    +  where 404 = &lt;Response [404]&gt;.status_code</failure></testcase><testcase classname="backend.tests.test_phase2_features.TestJobsSearch" name="test_search_with_filters" time="0.103"><failure message="assert 404 == 200&#10; +  where 404 = &lt;Response [404]&gt;.status_code">backend/tests/test_phase2_features.py:151: in test_search_with_filters
    assert r.status_code == 200
E   assert 404 == 200
E    +  where 404 = &lt;Response [404]&gt;.status_code</failure></testcase><testcase classname="backend.tests.test_phase2_features.TestEscrow" name="test_deposit_only_client_contractor" time="0.209" /><testcase classname="backend.tests.test_phase2_features.TestEscrow" name="test_deposit_invalid_amount" time="0.097" /><testcase classname="backend.tests.test_phase2_features.TestEscrow" name="test_deposit_not_your_job" time="0.102" /><testcase classname="backend.tests.test_phase2_features.TestEscrow" name="test_deposit_success_5000" time="0.106" /><testcase classname="backend.tests.test_phase2_features.TestEscrow" name="test_escrow_mine_shows_deposit" time="0.106" /><testcase classname="backend.tests.test_phase2_features.TestEscrow" name="test_release_amount_gt_balance_fails" time="0.101" /><testcase classname="backend.tests.test_phase2_features.TestEscrow" name="test_release_partial_1000_and_wallet_credit" time="0.344" /><testcase classname="backend.tests.test_phase2_features.TestEscrow" name="test_release_by_non_owner_forbidden" time="0.099" /><testcase classname="backend.tests.test_phase2_features.TestEscrow" name="test_refund_held_ok" time="0.302" /><testcase classname="backend.tests.test_phase2_features.TestE2EJobFlow" name="test_worker_apply" time="0.094" /><testcase classname="backend.tests.test_phase2_features.TestE2EJobFlow" name="test_client_accept_worker" time="0.098" /><testcase classname="backend.tests.test_phase2_features.TestE2EJobFlow" name="test_worker_checkin_within_geofence" time="0.092" /><testcase classname="backend.tests.test_phase2_features.TestRatings" name="test_public_user_ratings" time="0.112" /><testcase classname="backend.tests.test_phase2_features.TestRatings" name="test_create_rating" time="0.114" /><testcase classname="backend.tests.test_phase2_features.TestRatings" name="test_ratings_mine" time="0.091" /><testcase classname="backend.tests.test_phase2_features.TestLeave" name="test_leave_request_worker_only" time="0.095" /><testcase classname="backend.tests.test_phase2_features.TestLeave" name="test_leave_missing_fields_400" time="0.118" /><testcase classname="backend.tests.test_phase2_features.TestLeave" name="test_leave_request_ok" time="0.116" /><testcase classname="backend.tests.test_phase2_features.TestLeave" name="test_leave_mine" time="0.100" /><testcase classname="backend.tests.test_phase2_features.TestLeave" name="test_leave_inbox_client" time="0.095" /><testcase classname="backend.tests.test_phase2_features.TestLeave" name="test_leave_decision_by_non_approver" time="0.098" /><testcase classname="backend.tests.test_phase2_features.TestLeave" name="test_leave_decision_approve" time="0.135" /><testcase classname="backend.tests.test_phase2_features.TestProgressPhotos" name="test_upload_photo" time="0.118" /><testcase classname="backend.tests.test_phase2_features.TestProgressPhotos" name="test_upload_nonexistent_job_404" time="0.088" /><testcase classname="backend.tests.test_phase2_features.TestProgressPhotos" name="test_list_photos" time="0.107" /><testcase classname="backend.tests.test_phase2_features.TestProgressPhotos" name="test_delete_non_owner_forbidden" time="0.098" /><testcase classname="backend.tests.test_phase2_features.TestProgressPhotos" name="test_delete_by_owner_ok" time="0.206" /><testcase classname="backend.tests.test_phase2_features.TestProjectProgress" name="test_client_sees_progress" time="0.100" /><testcase classname="backend.tests.test_phase2_features.TestProjectProgress" name="test_worker_forbidden" time="0.099" /><testcase classname="backend.tests.test_phase2_features.TestSalarySummary" name="test_worker_summary" time="0.112" /><testcase classname="backend.tests.test_phase2_features.TestSalarySummary" name="test_non_worker_403" time="0.103" /><testcase classname="backend.tests.test_phase2_features.TestAdminMonitor" name="test_monitor_admin_only" time="0.101" /><testcase classname="backend.tests.test_phase2_features.TestAdminMonitor" name="test_monitor_ok" time="0.098" /><testcase classname="backend.tests.test_phase2_features.TestAdminMonitor" name="test_activity_admin_only" time="0.094" /><testcase classname="backend.tests.test_phase2_features.TestAdminMonitor" name="test_activity_ok" time="0.107" /></testsuite></testsuites>