<?xml version="1.0" encoding="utf-8"?><testsuites name="pytest tests"><testsuite name="pytest" errors="0" failures="2" skipped="0" tests="30" time="1.830" timestamp="2026-06-28T10:52:17.544024+00:00" hostname="agent-env-dd9109b4-2ed5-4fab-9ed5-c989f6ee51cc"><testcase classname="backend.tests.test_spa_head_iter10.TestHeadSpa" name="test_head_root" time="0.006" /><testcase classname="backend.tests.test_spa_head_iter10.TestHeadSpa" name="test_head_random_route_spa_fallback" time="0.002" /><testcase classname="backend.tests.test_spa_head_iter10.TestHeadSpa" name="test_head_deep_nested_route" time="0.001" /><testcase classname="backend.tests.test_spa_head_iter10.TestHeadSpa" name="test_head_favicon" time="0.004" /><testcase classname="backend.tests.test_spa_head_iter10.TestHeadSpa" name="test_head_api_health" time="0.002"><failure message="AssertionError: HEAD /api/health -&gt; 404&#10;assert 404 == 200&#10; +  where 404 = &lt;Response [404]&gt;.status_code">backend/tests/test_spa_head_iter10.py:49: in test_head_api_health
    assert r.status_code == 200, f"HEAD /api/health -&gt; {r.status_code}"
E   AssertionError: HEAD /api/health -&gt; 404
E   assert 404 == 200
E    +  where 404 = &lt;Response [404]&gt;.status_code</failure></testcase><testcase classname="backend.tests.test_spa_head_iter10.TestHeadSpa" name="test_head_root_health" time="0.002"><failure message="assert 404 == 200&#10; +  where 404 = &lt;Response [404]&gt;.status_code">backend/tests/test_spa_head_iter10.py:53: in test_head_root_health
    assert r.status_code == 200
E   assert 404 == 200
E    +  where 404 = &lt;Response [404]&gt;.status_code</failure></testcase><testcase classname="backend.tests.test_spa_head_iter10.TestGetRegression" name="test_get_root_has_html_root" time="0.042" /><testcase classname="backend.tests.test_spa_head_iter10.TestGetRegression" name="test_get_spa_fallback_serves_index" time="0.043" /><testcase classname="backend.tests.test_spa_head_iter10.TestGetRegression" name="test_get_api_not_shadowed_health" time="0.042" /><testcase classname="backend.tests.test_spa_head_iter10.TestGetRegression" name="test_get_api_skills" time="0.042" /><testcase classname="backend.tests.test_spa_head_iter10.TestGetRegression" name="test_get_api_login" time="0.264" /><testcase classname="backend.tests.test_spa_head_iter10.TestGetRegression" name="test_get_api_unknown_json_404" time="0.042" /><testcase classname="backend.tests.test_spa_serving_iter9.TestSpaRoot" name="test_root_returns_html" time="0.003" /><testcase classname="backend.tests.test_spa_serving_iter9.TestSpaRoot" name="test_js_bundle_served" time="0.018" /><testcase classname="backend.tests.test_spa_serving_iter9.TestSpaRoot" name="test_favicon_served" time="0.042" /><testcase classname="backend.tests.test_spa_serving_iter9.TestSpaRoot" name="test_missing_static_asset_returns_404" time="0.042" /><testcase classname="backend.tests.test_spa_serving_iter9.TestSpaFallback" name="test_unknown_route_returns_spa[random-route]" time="0.043" /><testcase classname="backend.tests.test_spa_serving_iter9.TestSpaFallback" name="test_unknown_route_returns_spa[complaints]" time="0.043" /><testcase classname="backend.tests.test_spa_serving_iter9.TestSpaFallback" name="test_unknown_route_returns_spa[help]" time="0.043" /><testcase classname="backend.tests.test_spa_serving_iter9.TestSpaFallback" name="test_unknown_route_returns_spa[deep/nested/route]" time="0.043" /><testcase classname="backend.tests.test_spa_serving_iter9.TestApiNotShadowed" name="test_api_root" time="0.042" /><testcase classname="backend.tests.test_spa_serving_iter9.TestApiNotShadowed" name="test_api_health" time="0.042" /><testcase classname="backend.tests.test_spa_serving_iter9.TestApiNotShadowed" name="test_api_healthz" time="0.042" /><testcase classname="backend.tests.test_spa_serving_iter9.TestApiNotShadowed" name="test_api_skills" time="0.042" /><testcase classname="backend.tests.test_spa_serving_iter9.TestApiNotShadowed" name="test_api_login_password" time="0.265" /><testcase classname="backend.tests.test_spa_serving_iter9.TestApiNotShadowed" name="test_api_unknown_returns_404_json" time="0.042" /><testcase classname="backend.tests.test_spa_serving_iter9.TestRootHealth" name="test_health" time="0.042" /><testcase classname="backend.tests.test_spa_serving_iter9.TestRootHealth" name="test_healthz" time="0.042" /><testcase classname="backend.tests.test_spa_serving_iter9.TestRegressionAuth" name="test_me_with_token" time="0.307" /><testcase classname="backend.tests.test_spa_serving_iter9.TestRegressionAuth" name="test_complaints_list" time="0.046" /></testsuite></testsuites>