<?xml version="1.0" encoding="utf-8"?><testsuites name="pytest tests"><testsuite name="pytest" errors="0" failures="0" skipped="0" tests="139" time="103.140" timestamp="2026-06-28T07:54:33.600331+00:00" hostname="agent-env-dd9109b4-2ed5-4fab-9ed5-c989f6ee51cc"><testcase classname="backend.tests.test_admin.TestAdminAuth" name="test_admin_login_role_and_token" time="0.381" /><testcase classname="backend.tests.test_admin.TestAdminStats" name="test_stats_keys_and_types" time="0.048" /><testcase classname="backend.tests.test_admin.TestAdminStats" name="test_stats_non_admin_forbidden" time="0.311" /><testcase classname="backend.tests.test_admin.TestAdminStats" name="test_stats_no_token" time="0.082" /><testcase classname="backend.tests.test_admin.TestAdminUsers" name="test_list_all_users" time="0.043" /><testcase classname="backend.tests.test_admin.TestAdminUsers" name="test_filter_by_role_worker" time="0.042" /><testcase classname="backend.tests.test_admin.TestAdminUsers" name="test_search_by_mobile" time="0.042" /><testcase classname="backend.tests.test_admin.TestAdminUsers" name="test_users_non_admin_forbidden" time="0.387" /><testcase classname="backend.tests.test_admin.TestAdminUserActions" name="test_verify_user" time="0.430" /><testcase classname="backend.tests.test_admin.TestAdminUserActions" name="test_suspend_and_login_blocked" time="0.343" /><testcase classname="backend.tests.test_admin.TestAdminUserActions" name="test_unsuspend_and_login_works" time="0.307" /><testcase classname="backend.tests.test_admin.TestAdminUserActions" name="test_verify_unknown_404" time="0.044" /><testcase classname="backend.tests.test_admin.TestAdminUserActions" name="test_suspend_by_non_admin_forbidden" time="0.041" /><testcase classname="backend.tests.test_admin.TestAdminJobs" name="test_list_all_jobs" time="0.043" /><testcase classname="backend.tests.test_admin.TestAdminJobs" name="test_close_job" time="0.125" /><testcase classname="backend.tests.test_admin.TestAdminJobs" name="test_close_unknown_404" time="0.041" /><testcase classname="backend.tests.test_admin.TestAdminJobs" name="test_jobs_non_admin_forbidden" time="0.041" /><testcase classname="backend.tests.test_admin.TestAdminComplaints" name="test_list_open_complaints_has_seed" time="0.043" /><testcase classname="backend.tests.test_admin.TestAdminComplaints" name="test_resolve_complaint" time="0.207" /><testcase classname="backend.tests.test_admin.TestAdminComplaints" name="test_reject_complaint" time="0.152" /><testcase classname="backend.tests.test_admin.TestAdminComplaints" name="test_resolve_unknown_404" time="0.041" /><testcase classname="backend.tests.test_admin.TestAdminComplaints" name="test_complaints_non_admin_forbidden" time="0.081" /><testcase classname="backend.tests.test_buildmitra.TestAuth" name="test_login_worker" time="0.363" /><testcase classname="backend.tests.test_buildmitra.TestAuth" name="test_login_invalid" time="0.268" /><testcase classname="backend.tests.test_buildmitra.TestAuth" name="test_register_and_me" time="0.307" /><testcase classname="backend.tests.test_buildmitra.TestAuth" name="test_me_no_token" time="0.041" /><testcase classname="backend.tests.test_buildmitra.TestJobs" name="test_list_jobs_seeded" time="0.054" /><testcase classname="backend.tests.test_buildmitra.TestJobs" name="test_list_jobs_filter_skill" time="0.043" /><testcase classname="backend.tests.test_buildmitra.TestJobs" name="test_post_job_client" time="0.415" /><testcase classname="backend.tests.test_buildmitra.TestJobs" name="test_post_job_worker_forbidden" time="0.042" /><testcase classname="backend.tests.test_buildmitra.TestApplications" name="test_apply_and_list" time="0.171" /><testcase classname="backend.tests.test_buildmitra.TestAttendance" name="test_attendance_create" time="0.086" /><testcase classname="backend.tests.test_buildmitra.TestWallet" name="test_wallet_worker" time="0.042" /><testcase classname="backend.tests.test_buildmitra.TestAIMatch" name="test_ai_match_worker" time="3.095" /><testcase classname="backend.tests.test_buildmitra.TestAIMatch" name="test_ai_match_client_forbidden" time="0.042" /><testcase classname="backend.tests.test_complaints.TestFileComplaint" name="test_file_complaint_success" time="0.471" /><testcase classname="backend.tests.test_complaints.TestFileComplaint" name="test_file_complaint_unauthenticated" time="0.123" /><testcase classname="backend.tests.test_complaints.TestFileComplaint" name="test_file_complaint_missing_subject" time="0.092" /><testcase classname="backend.tests.test_complaints.TestMyComplaints" name="test_my_complaints_lists_filed" time="0.094" /><testcase classname="backend.tests.test_complaints.TestMyComplaints" name="test_my_complaints_includes_recent_file" time="0.250" /><testcase classname="backend.tests.test_complaints.TestMyComplaints" name="test_my_complaints_isolation_admin_sees_via_admin_route" time="0.405" /><testcase classname="backend.tests.test_complaints.TestAdminComplaintsRegression" name="test_admin_can_see_user_complaint" time="0.189" /><testcase classname="backend.tests.test_complaints.TestRegressionProfile" name="test_change_password_roundtrip" time="1.070" /><testcase classname="backend.tests.test_complaints.TestRegressionProfile" name="test_photo_update_clear" time="0.094" /><testcase classname="backend.tests.test_deployment_fixes_iter8.TestHealth" name="test_health_endpoint[/api/health-False-2000]" time="0.120" /><testcase classname="backend.tests.test_deployment_fixes_iter8.TestHealth" name="test_health_endpoint[/api/healthz-False-2000]" time="0.039" /><testcase classname="backend.tests.test_deployment_fixes_iter8.TestHealth" name="test_health_endpoint[/health-True-300]" time="0.002" /><testcase classname="backend.tests.test_deployment_fixes_iter8.TestHealth" name="test_health_endpoint[/healthz-True-300]" time="0.041" /><testcase classname="backend.tests.test_deployment_fixes_iter8.TestSeedUsers" name="test_demo_login[9000000000-admin1234-admin]" time="0.262" /><testcase classname="backend.tests.test_deployment_fixes_iter8.TestSeedUsers" name="test_demo_login[9000000001-demo1234-client]" time="0.301" /><testcase classname="backend.tests.test_deployment_fixes_iter8.TestSeedUsers" name="test_demo_login[9000000002-demo1234-worker]" time="0.261" /><testcase classname="backend.tests.test_deployment_fixes_iter8.TestSeedUsers" name="test_demo_login[9000000003-demo1234-contractor]" time="0.305" /><testcase classname="backend.tests.test_deployment_fixes_iter8.TestLimitedListEndpoints" name="test_jobs_mine" time="0.304" /><testcase classname="backend.tests.test_deployment_fixes_iter8.TestLimitedListEndpoints" name="test_applications_mine" time="0.346" /><testcase classname="backend.tests.test_deployment_fixes_iter8.TestLimitedListEndpoints" name="test_applications_by_job" time="0.352" /><testcase classname="backend.tests.test_deployment_fixes_iter8.TestLimitedListEndpoints" name="test_erp_materials" time="0.075" /><testcase classname="backend.tests.test_deployment_fixes_iter8.TestLimitedListEndpoints" name="test_erp_tools" time="0.040" /><testcase classname="backend.tests.test_deployment_fixes_iter8.TestLimitedListEndpoints" name="test_erp_estimates" time="0.039" /><testcase classname="backend.tests.test_deployment_fixes_iter8.TestLimitedListEndpoints" name="test_erp_bills" time="0.047" /><testcase classname="backend.tests.test_deployment_fixes_iter8.TestLimitedListEndpoints" name="test_complaints_mine" time="0.049" /><testcase classname="backend.tests.test_deployment_fixes_iter8.TestBillExports" name="test_pdf_export" time="0.086" /><testcase classname="backend.tests.test_deployment_fixes_iter8.TestBillExports" name="test_excel_export" time="0.054" /><testcase classname="backend.tests.test_deployment_fixes_iter8.TestIntegrationsDevMode" name="test_pricing_razorpay_disabled" time="0.040" /><testcase classname="backend.tests.test_deployment_fixes_iter8.TestIntegrationsDevMode" name="test_otp_send_dev_mode" time="0.081" /><testcase classname="backend.tests.test_deployment_fixes_iter8.TestIntegrationsDevMode" name="test_otp_verify_existing_user_login" time="0.118" /><testcase classname="backend.tests.test_deployment_fixes_iter8.TestRequirementsTxt" name="test_required_packages_present" time="0.001" /><testcase classname="backend.tests.test_deployment_fixes_iter8.TestRegressionCriticalFlows" name="test_password_change_roundtrip" time="1.614" /><testcase classname="backend.tests.test_deployment_fixes_iter8.TestRegressionCriticalFlows" name="test_profile_photo_update_via_me" time="0.205" /><testcase classname="backend.tests.test_deployment_fixes_iter8.TestRegressionCriticalFlows" name="test_file_complaint" time="0.122" /><testcase classname="backend.tests.test_deployment_fixes_iter8.TestRegressionCriticalFlows" name="test_payroll_unchanged" time="0.040" /><testcase classname="backend.tests.test_erp.TestMaterials" name="test_create_material" time="0.448" /><testcase classname="backend.tests.test_erp.TestMaterials" name="test_list_materials_persists" time="0.109" /><testcase classname="backend.tests.test_erp.TestMaterials" name="test_update_material" time="0.188" /><testcase classname="backend.tests.test_erp.TestMaterials" name="test_delete_material" time="0.190" /><testcase classname="backend.tests.test_erp.TestTools" name="test_create_tool_with_status" time="0.096" /><testcase classname="backend.tests.test_erp.TestTools" name="test_list_tools" time="0.098" /><testcase classname="backend.tests.test_erp.TestTools" name="test_delete_tool" time="0.097" /><testcase classname="backend.tests.test_erp.TestEstimates" name="test_create_estimate_auto_computes" time="0.097" /><testcase classname="backend.tests.test_erp.TestEstimates" name="test_estimate_zero_revenue" time="0.127" /><testcase classname="backend.tests.test_erp.TestEstimates" name="test_list_estimates" time="0.095" /><testcase classname="backend.tests.test_erp.TestBills" name="test_create_bill_auto_bill_no_and_calc" time="0.101" /><testcase classname="backend.tests.test_erp.TestBills" name="test_bill_no_increments" time="0.101" /><testcase classname="backend.tests.test_erp.TestBills" name="test_mark_paid" time="0.182" /><testcase classname="backend.tests.test_erp.TestBills" name="test_mark_paid_404" time="0.101" /><testcase classname="backend.tests.test_erp.TestDashboard" name="test_dashboard_keys" time="0.095" /><testcase classname="backend.tests.test_erp.TestDashboard" name="test_low_stock_detection" time="0.275" /><testcase classname="backend.tests.test_erp.TestAuthGuards" name="test_worker_blocked[/erp/materials-GET]" time="0.416" /><testcase classname="backend.tests.test_erp.TestAuthGuards" name="test_worker_blocked[/erp/materials-POST]" time="0.124" /><testcase classname="backend.tests.test_erp.TestAuthGuards" name="test_worker_blocked[/erp/tools-GET]" time="0.110" /><testcase classname="backend.tests.test_erp.TestAuthGuards" name="test_worker_blocked[/erp/tools-POST]" time="0.097" /><testcase classname="backend.tests.test_erp.TestAuthGuards" name="test_worker_blocked[/erp/estimates-GET]" time="0.102" /><testcase classname="backend.tests.test_erp.TestAuthGuards" name="test_worker_blocked[/erp/estimates-POST]" time="0.095" /><testcase classname="backend.tests.test_erp.TestAuthGuards" name="test_worker_blocked[/erp/bills-GET]" time="0.102" /><testcase classname="backend.tests.test_erp.TestAuthGuards" name="test_worker_blocked[/erp/bills-POST]" time="0.094" /><testcase classname="backend.tests.test_erp.TestAuthGuards" name="test_worker_blocked[/erp/dashboard-GET]" time="0.103" /><testcase classname="backend.tests.test_erp.TestAuthGuards" name="test_client_blocked_dashboard" time="0.460" /><testcase classname="backend.tests.test_erp.TestAuthGuards" name="test_admin_blocked_dashboard" time="0.410" /><testcase classname="backend.tests.test_erp.TestAuthGuards" name="test_no_token_blocked" time="0.092" /><testcase classname="backend.tests.test_erp.TestOwnerIsolation" name="test_delete_other_owner_returns_404" time="0.097" /><testcase classname="backend.tests.test_health_and_regression.TestHealthEndpoints" name="test_health_endpoint_200[/api/health-status-False]" time="0.103" /><testcase classname="backend.tests.test_health_and_regression.TestHealthEndpoints" name="test_health_endpoint_200[/api/healthz-status-False]" time="0.047" /><testcase classname="backend.tests.test_health_and_regression.TestHealthEndpoints" name="test_health_endpoint_200[/health-status-True]" time="0.002" /><testcase classname="backend.tests.test_health_and_regression.TestHealthEndpoints" name="test_health_endpoint_200[/healthz-status-True]" time="0.042" /><testcase classname="backend.tests.test_health_and_regression.TestHealthEndpoints" name="test_api_root_alive" time="0.046" /><testcase classname="backend.tests.test_health_and_regression.TestHealthLoad" name="test_50_rapid_sequential_hits" time="2.349" /><testcase classname="backend.tests.test_health_and_regression.TestHealthLoad" name="test_50_concurrent_hits" time="1.967" /><testcase classname="backend.tests.test_health_and_regression.TestSeedUsers" name="test_demo_login[9000000001-demo1234-client]" time="0.273" /><testcase classname="backend.tests.test_health_and_regression.TestSeedUsers" name="test_demo_login[9000000002-demo1234-worker]" time="0.269" /><testcase classname="backend.tests.test_health_and_regression.TestSeedUsers" name="test_demo_login[9000000003-demo1234-contractor]" time="0.269" /><testcase classname="backend.tests.test_health_and_regression.TestSeedUsers" name="test_demo_login[9000000000-admin1234-admin]" time="0.269" /><testcase classname="backend.tests.test_health_and_regression.TestAuthAndProfile" name="test_login_works" time="0.269" /><testcase classname="backend.tests.test_health_and_regression.TestAuthAndProfile" name="test_me_endpoint" time="0.050" /><testcase classname="backend.tests.test_health_and_regression.TestAuthAndProfile" name="test_me_unauthorized" time="0.044" /><testcase classname="backend.tests.test_health_and_regression.TestAuthAndProfile" name="test_password_change_roundtrip" time="1.786" /><testcase classname="backend.tests.test_health_and_regression.TestAuthAndProfile" name="test_password_change_wrong_old" time="0.281" /><testcase classname="backend.tests.test_health_and_regression.TestComplaints" name="test_create_and_get_mine" time="0.095" /><testcase classname="backend.tests.test_health_and_regression.TestPayroll" name="test_payroll_get" time="0.048" /><testcase classname="backend.tests.test_health_and_regression.TestPayroll" name="test_payroll_forbidden_for_worker" time="0.314" /><testcase classname="backend.tests.test_password_profile.TestPasswordChange" name="test_no_auth_returns_401_or_403" time="68.586" /><testcase classname="backend.tests.test_password_profile.TestPasswordChange" name="test_invalid_token_returns_401" time="0.042" /><testcase classname="backend.tests.test_password_profile.TestPasswordChange" name="test_missing_old_password_empty_string" time="0.305" /><testcase classname="backend.tests.test_password_profile.TestPasswordChange" name="test_missing_new_password_empty_string" time="0.083" /><testcase classname="backend.tests.test_password_profile.TestPasswordChange" name="test_missing_field_returns_422" time="0.083" /><testcase classname="backend.tests.test_password_profile.TestPasswordChange" name="test_new_password_too_short" time="0.082" /><testcase classname="backend.tests.test_password_profile.TestPasswordChange" name="test_wrong_old_password" time="0.263" /><testcase classname="backend.tests.test_password_profile.TestPasswordChange" name="test_change_success" time="0.485" /><testcase classname="backend.tests.test_password_profile.TestPasswordChange" name="test_password_updated_at_set_on_user" time="0.081" /><testcase classname="backend.tests.test_password_profile.TestPasswordChange" name="test_old_password_rejected_after_change" time="0.263" /><testcase classname="backend.tests.test_password_profile.TestPasswordChange" name="test_login_with_new_password_works" time="0.263" /><testcase classname="backend.tests.test_password_profile.TestPasswordChange" name="test_revert_password_to_demo" time="1.095" /><testcase classname="backend.tests.test_password_profile.TestProfilePhoto" name="test_set_photo_persists" time="0.347" /><testcase classname="backend.tests.test_password_profile.TestProfilePhoto" name="test_clear_photo_with_empty_string" time="0.125" /><testcase classname="backend.tests.test_password_profile.TestProfilePhoto" name="test_other_fields_regression" time="0.083" /><testcase classname="backend.tests.test_password_profile.TestProfilePhoto" name="test_partial_update_does_not_wipe_fields" time="0.083" /><testcase classname="backend.tests.test_password_profile.TestProfilePhoto" name="test_put_me_no_auth" time="0.043" /><testcase classname="backend.tests.test_password_profile.TestExistingEndpoints" name="test_login_still_works" time="0.263" /><testcase classname="backend.tests.test_password_profile.TestExistingEndpoints" name="test_login_other_roles" time="0.525" /><testcase classname="backend.tests.test_password_profile.TestExistingEndpoints" name="test_get_me_returns_full_user" time="0.304" /><testcase classname="backend.tests.test_password_profile.TestExistingEndpoints" name="test_put_me_full_profile_body" time="0.349" /></testsuite></testsuites>