<?xml version="1.0" encoding="utf-8"?><testsuites name="pytest tests"><testsuite name="pytest" errors="0" failures="0" skipped="0" tests="16" time="3.464" timestamp="2026-07-26T06:58:56.621796+00:00" hostname="agent-env-dd9109b4-2ed5-4fab-9ed5-c989f6ee51cc"><testcase classname="backend.tests.test_attendance_export_iter20.TestWorkerMine" name="test_csv_worker_mine" time="1.581" /><testcase classname="backend.tests.test_attendance_export_iter20.TestWorkerMine" name="test_pdf_worker_mine" time="0.208" /><testcase classname="backend.tests.test_attendance_export_iter20.TestWorkerWorkersForbidden" name="test_csv_worker_workers_403" time="0.102" /><testcase classname="backend.tests.test_attendance_export_iter20.TestWorkerWorkersForbidden" name="test_pdf_worker_workers_403" time="0.128" /><testcase classname="backend.tests.test_attendance_export_iter20.TestClient" name="test_csv_client_workers" time="0.093" /><testcase classname="backend.tests.test_attendance_export_iter20.TestClient" name="test_pdf_client_workers" time="0.113" /><testcase classname="backend.tests.test_attendance_export_iter20.TestClient" name="test_csv_client_mine_403" time="0.097" /><testcase classname="backend.tests.test_attendance_export_iter20.TestClient" name="test_pdf_client_mine_403" time="0.123" /><testcase classname="backend.tests.test_attendance_export_iter20.TestContractor" name="test_csv_contractor_workers" time="0.092" /><testcase classname="backend.tests.test_attendance_export_iter20.TestContractor" name="test_pdf_contractor_workers" time="0.103" /><testcase classname="backend.tests.test_attendance_export_iter20.TestAdmin" name="test_csv_admin_workers" time="0.097" /><testcase classname="backend.tests.test_attendance_export_iter20.TestAdmin" name="test_pdf_admin_workers" time="0.108" /><testcase classname="backend.tests.test_attendance_export_iter20.TestAdmin" name="test_csv_admin_mine_403" time="0.100" /><testcase classname="backend.tests.test_attendance_export_iter20.TestAdmin" name="test_pdf_admin_mine_403" time="0.095" /><testcase classname="backend.tests.test_attendance_export_iter20.TestUnauth" name="test_csv_no_auth_401" time="0.130" /><testcase classname="backend.tests.test_attendance_export_iter20.TestUnauth" name="test_pdf_no_auth_401" time="0.094" /></testsuite></testsuites>