<?xml version="1.0" encoding="utf-8"?><testsuites name="pytest tests"><testsuite name="pytest" errors="0" failures="0" skipped="0" tests="3" time="3.882" timestamp="2026-08-10T13:37:11.986290+00:00" hostname="agent-env-dd9109b4-2ed5-4fab-9ed5-c989f6ee51cc"><testcase classname="backend.tests.test_iter38_phase4_vacancies.TestVacancyExpansion" name="test_vacancy_expands_to_four_slots_and_filters_after_apply" time="1.625" /><testcase classname="backend.tests.test_iter38_phase4_vacancies.TestOverbookingPrevention" name="test_second_accept_blocked_when_vacancies_full" time="1.970" /><testcase classname="backend.tests.test_iter38_phase4_vacancies.TestJobEnrichment" name="test_job_response_has_accepted_count_and_remaining" time="0.203" /></testsuite></testsuites>