<?xml version="1.0" encoding="utf-8"?><testsuites name="pytest tests"><testsuite name="pytest" errors="0" failures="1" skipped="0" tests="9" time="3.860" timestamp="2026-07-04T17:04:30.459342+00:00" hostname="agent-env-dd9109b4-2ed5-4fab-9ed5-c989f6ee51cc"><testcase classname="backend.tests.test_wallet_signs_iter13" name="test_api_health" time="0.201" /><testcase classname="backend.tests.test_wallet_signs_iter13" name="test_login_worker_client_admin" time="1.012" /><testcase classname="backend.tests.test_wallet_signs_iter13" name="test_me_returns_user" time="0.432" /><testcase classname="backend.tests.test_wallet_signs_iter13" name="test_wallet_returns_transactions_array" time="0.465" /><testcase classname="backend.tests.test_wallet_signs_iter13" name="test_wallet_transaction_amounts_are_numeric" time="0.426" /><testcase classname="backend.tests.test_wallet_signs_iter13" name="test_withdrawal_creates_negative_amount_transaction" time="0.559"><failure message="AssertionError: withdraw failed: 422 {&quot;detail&quot;:[{&quot;type&quot;:&quot;missing&quot;,&quot;loc&quot;:[&quot;body&quot;,&quot;upi_id&quot;],&quot;msg&quot;:&quot;Field required&quot;,&quot;input&quot;:{&quot;amount&quot;:1},&quot;url&quot;:&quot;https://errors.pydantic.dev/2.13/v/missing&quot;}]}&#10;assert 422 == 200&#10; +  where 422 = &lt;Response [422]&gt;.status_code">backend/tests/test_wallet_signs_iter13.py:91: in test_withdrawal_creates_negative_amount_transaction
    assert r.status_code == 200, f"withdraw failed: {r.status_code} {r.text}"
E   AssertionError: withdraw failed: 422 {"detail":[{"type":"missing","loc":["body","upi_id"],"msg":"Field required","input":{"amount":1},"url":"https://errors.pydantic.dev/2.13/v/missing"}]}
E   assert 422 == 200
E    +  where 422 = &lt;Response [422]&gt;.status_code</failure></testcase><testcase classname="backend.tests.test_wallet_signs_iter13" name="test_root_serves_index_html" time="0.100" /><testcase classname="backend.tests.test_wallet_signs_iter13" name="test_js_bundle_served" time="0.101" /><testcase classname="backend.tests.test_wallet_signs_iter13" name="test_root_health_endpoints" time="0.409" /></testsuite></testsuites>