<?xml version="1.0" encoding="utf-8"?><testsuites name="pytest tests"><testsuite name="pytest" errors="0" failures="0" skipped="0" tests="5" time="1.490" timestamp="2026-08-10T12:32:41.834254+00:00" hostname="agent-env-dd9109b4-2ed5-4fab-9ed5-c989f6ee51cc"><testcase classname="backend.tests.test_post_job_iter36.TestPerSkillWages" name="test_full_submit_with_wages_and_supervisor" time="0.722" /><testcase classname="backend.tests.test_post_job_iter36.TestPerSkillWages" name="test_only_full_trained_with_wage" time="0.249" /><testcase classname="backend.tests.test_post_job_iter36.TestPerSkillWages" name="test_only_supervisor_row" time="0.239" /><testcase classname="backend.tests.test_post_job_iter36.TestContractorRegression" name="test_contractor_no_skills_required" time="0.102" /><testcase classname="backend.tests.test_post_job_iter36.TestSeedRegression" name="test_list_jobs_no_500" time="0.099" /></testsuite></testsuites>