<?xml version="1.0" encoding="utf-8"?><testsuites name="pytest tests"><testsuite name="pytest" errors="0" failures="3" skipped="0" tests="116" time="42.734" timestamp="2026-07-04T17:48:42.412942+00:00" hostname="agent-env-dd9109b4-2ed5-4fab-9ed5-c989f6ee51cc"><testcase classname="backend.tests.test_phase1_audit.TestRegression" name="test_me" time="0.539" /><testcase classname="backend.tests.test_phase1_audit.TestRegression" name="test_jobs_list" time="0.044" /><testcase classname="backend.tests.test_phase1_audit.TestRegression" name="test_complaints_list" time="0.047" /><testcase classname="backend.tests.test_phase1_audit.TestRegression" name="test_erp_bills" time="0.310" /><testcase classname="backend.tests.test_phase1_audit.TestRegression" name="test_chat_threads" time="0.349" /><testcase classname="backend.tests.test_phase1_audit.TestE2EFlow" name="test_01_client_posts_job" time="0.083" /><testcase classname="backend.tests.test_phase1_audit.TestE2EFlow" name="test_02_worker_applies" time="0.047" /><testcase classname="backend.tests.test_phase1_audit.TestE2EFlow" name="test_03_client_lists_applicants" time="0.049" /><testcase classname="backend.tests.test_phase1_audit.TestE2EFlow" name="test_04_accept_status_forbidden_for_other_user" time="0.045" /><testcase classname="backend.tests.test_phase1_audit.TestE2EFlow" name="test_05_accept_status_invalid_value" time="0.042" /><testcase classname="backend.tests.test_phase1_audit.TestE2EFlow" name="test_06_client_accepts_applicant" time="0.044" /><testcase classname="backend.tests.test_phase1_audit.TestE2EFlow" name="test_07_job_transitioned_to_in_progress" time="0.043" /><testcase classname="backend.tests.test_phase1_audit.TestE2EFlow" name="test_08_worker_hired_jobs_includes" time="0.048" /><testcase classname="backend.tests.test_phase1_audit.TestE2EFlow" name="test_09_hired_empty_for_non_workers" time="0.083" /><testcase classname="backend.tests.test_phase1_audit.TestE2EFlow" name="test_10_worker_public_profile" time="0.047" /><testcase classname="backend.tests.test_phase1_audit.TestE2EFlow" name="test_11_worker_profile_404" time="0.044" /><testcase classname="backend.tests.test_phase1_audit.TestE2EFlow" name="test_12_worker_checks_in" time="0.043" /><testcase classname="backend.tests.test_phase1_audit.TestE2EFlow" name="test_13_client_sees_my_workers_attendance" time="0.043" /><testcase classname="backend.tests.test_phase1_audit.TestE2EFlow" name="test_14_worker_forbidden_from_my_workers" time="0.084" /><testcase classname="backend.tests.test_phase1_audit.TestE2EFlow" name="test_15_payroll_shows_current_worker" time="0.046" /><testcase classname="backend.tests.test_phase1_audit.TestE2EFlow" name="test_16_payroll_forbidden_for_worker" time="0.045" /><testcase classname="backend.tests.test_phase1_audit.TestE2EFlow" name="test_17_payroll_isolation_contractor_sees_own_only" time="0.044" /><testcase classname="backend.tests.test_phase1_audit.TestE2EFlow" name="test_18_job_status_invalid" time="0.043" /><testcase classname="backend.tests.test_phase1_audit.TestE2EFlow" name="test_19_job_status_forbidden_for_non_poster" time="0.043" /><testcase classname="backend.tests.test_phase1_audit.TestE2EFlow" name="test_20_client_completes_job" time="0.125" /><testcase classname="backend.tests.test_phase1_audit.TestE2EFlow" name="test_21_hired_excludes_completed" time="0.043" /><testcase classname="backend.tests.test_phase1_audit.TestWalletWithdraw" name="test_invalid_amount" time="0.044" /><testcase classname="backend.tests.test_phase1_audit.TestWalletWithdraw" name="test_invalid_upi" time="0.045" /><testcase classname="backend.tests.test_phase1_audit.TestWalletWithdraw" name="test_insufficient_balance" time="0.044" /><testcase classname="backend.tests.test_phase1_audit.TestWalletWithdraw" name="test_success_withdrawal" time="0.092" /><testcase classname="backend.tests.test_phase2_features.TestSmokeRegression" name="test_health" time="0.133" /><testcase classname="backend.tests.test_phase2_features.TestSmokeRegression" name="test_login_all_roles" time="1.299" /><testcase classname="backend.tests.test_phase2_features.TestSmokeRegression" name="test_me" time="0.095" /><testcase classname="backend.tests.test_phase2_features.TestSmokeRegression" name="test_jobs_list" time="0.094" /><testcase classname="backend.tests.test_phase2_features.TestSmokeRegression" name="test_complaints_mine" time="0.139" /><testcase classname="backend.tests.test_phase2_features.TestSmokeRegression" name="test_erp_bills" time="0.104" /><testcase classname="backend.tests.test_phase2_features.TestSmokeRegression" name="test_attendance_mine" time="0.112" /><testcase classname="backend.tests.test_phase2_features.TestSmokeRegression" name="test_payroll" time="0.101" /><testcase classname="backend.tests.test_phase2_features.TestForgotPassword" name="test_forgot_invalid_mobile" time="0.102" /><testcase classname="backend.tests.test_phase2_features.TestForgotPassword" name="test_forgot_nonexistent_user_still_ok" time="0.114" /><testcase classname="backend.tests.test_phase2_features.TestForgotPassword" name="test_forgot_existing_user_returns_dev_code" time="0.105" /><testcase classname="backend.tests.test_phase2_features.TestForgotPassword" name="test_reset_short_password_400" time="0.099" /><testcase classname="backend.tests.test_phase2_features.TestForgotPassword" name="test_reset_invalid_otp_401" time="0.273" /><testcase classname="backend.tests.test_phase2_features.TestForgotPassword" name="test_reset_flow_success_and_login_works" time="0.734" /><testcase classname="backend.tests.test_phase2_features.TestJobsSearch" name="test_requires_auth" time="0.095" /><testcase classname="backend.tests.test_phase2_features.TestJobsSearch" name="test_search_defaults" time="0.099" /><testcase classname="backend.tests.test_phase2_features.TestJobsSearch" name="test_search_with_filters" time="0.097" /><testcase classname="backend.tests.test_phase2_features.TestEscrow" name="test_deposit_only_client_contractor" time="0.195" /><testcase classname="backend.tests.test_phase2_features.TestEscrow" name="test_deposit_invalid_amount" time="0.101" /><testcase classname="backend.tests.test_phase2_features.TestEscrow" name="test_deposit_not_your_job" time="0.094" /><testcase classname="backend.tests.test_phase2_features.TestEscrow" name="test_deposit_success_5000" time="0.116" /><testcase classname="backend.tests.test_phase2_features.TestEscrow" name="test_escrow_mine_shows_deposit" time="0.096" /><testcase classname="backend.tests.test_phase2_features.TestEscrow" name="test_release_amount_gt_balance_fails" time="0.104" /><testcase classname="backend.tests.test_phase2_features.TestEscrow" name="test_release_partial_1000_and_wallet_credit" time="0.300" /><testcase classname="backend.tests.test_phase2_features.TestEscrow" name="test_release_by_non_owner_forbidden" time="0.095" /><testcase classname="backend.tests.test_phase2_features.TestEscrow" name="test_refund_held_ok" time="0.305" /><testcase classname="backend.tests.test_phase2_features.TestE2EJobFlow" name="test_worker_apply" time="0.093" /><testcase classname="backend.tests.test_phase2_features.TestE2EJobFlow" name="test_client_accept_worker" time="0.107" /><testcase classname="backend.tests.test_phase2_features.TestE2EJobFlow" name="test_worker_checkin_within_geofence" time="0.111" /><testcase classname="backend.tests.test_phase2_features.TestRatings" name="test_public_user_ratings" time="0.098" /><testcase classname="backend.tests.test_phase2_features.TestRatings" name="test_create_rating" time="0.097" /><testcase classname="backend.tests.test_phase2_features.TestRatings" name="test_ratings_mine" time="0.096" /><testcase classname="backend.tests.test_phase2_features.TestLeave" name="test_leave_request_worker_only" time="0.094" /><testcase classname="backend.tests.test_phase2_features.TestLeave" name="test_leave_missing_fields_400" time="0.093" /><testcase classname="backend.tests.test_phase2_features.TestLeave" name="test_leave_request_ok" time="0.097" /><testcase classname="backend.tests.test_phase2_features.TestLeave" name="test_leave_mine" time="0.098" /><testcase classname="backend.tests.test_phase2_features.TestLeave" name="test_leave_inbox_client" time="0.101" /><testcase classname="backend.tests.test_phase2_features.TestLeave" name="test_leave_decision_by_non_approver" time="0.096" /><testcase classname="backend.tests.test_phase2_features.TestLeave" name="test_leave_decision_approve" time="0.116" /><testcase classname="backend.tests.test_phase2_features.TestProgressPhotos" name="test_upload_photo" time="0.100" /><testcase classname="backend.tests.test_phase2_features.TestProgressPhotos" name="test_upload_nonexistent_job_404" time="0.100" /><testcase classname="backend.tests.test_phase2_features.TestProgressPhotos" name="test_list_photos" time="0.097" /><testcase classname="backend.tests.test_phase2_features.TestProgressPhotos" name="test_delete_non_owner_forbidden" time="0.101" /><testcase classname="backend.tests.test_phase2_features.TestProgressPhotos" name="test_delete_by_owner_ok" time="0.191" /><testcase classname="backend.tests.test_phase2_features.TestProjectProgress" name="test_client_sees_progress" time="0.101" /><testcase classname="backend.tests.test_phase2_features.TestProjectProgress" name="test_worker_forbidden" time="0.113" /><testcase classname="backend.tests.test_phase2_features.TestSalarySummary" name="test_worker_summary" time="0.115" /><testcase classname="backend.tests.test_phase2_features.TestSalarySummary" name="test_non_worker_403" time="0.101" /><testcase classname="backend.tests.test_phase2_features.TestAdminMonitor" name="test_monitor_admin_only" time="0.103" /><testcase classname="backend.tests.test_phase2_features.TestAdminMonitor" name="test_monitor_ok" time="0.105" /><testcase classname="backend.tests.test_phase2_features.TestAdminMonitor" name="test_activity_admin_only" time="0.105" /><testcase classname="backend.tests.test_phase2_features.TestAdminMonitor" name="test_activity_ok" time="0.105" /><testcase classname="backend.tests.test_phase3_hardening.TestRateLimit" name="test_login_rate_limit_returns_429" time="1.074" /><testcase classname="backend.tests.test_phase3_hardening.TestRateLimit" name="test_register_rate_limit_5_per_min" time="1.718" /><testcase classname="backend.tests.test_phase3_hardening.TestRateLimit" name="test_otp_send_rate_limit_3_per_min" time="0.600" /><testcase classname="backend.tests.test_phase3_hardening.TestRateLimit" name="test_forgot_password_rate_limit_10_per_min" time="1.079" /><testcase classname="backend.tests.test_phase3_hardening.TestRateLimit" name="test_different_ips_not_shared" time="21.323" /><testcase classname="backend.tests.test_phase3_hardening.TestProgressPhotoValidation" name="test_photo_too_large_returns_413" time="0.949" /><testcase classname="backend.tests.test_phase3_hardening.TestProgressPhotoValidation" name="test_photo_invalid_format_400" time="0.098" /><testcase classname="backend.tests.test_phase3_hardening.TestProgressPhotoValidation" name="test_caption_sanitization_strips_nulls" time="0.099" /><testcase classname="backend.tests.test_phase3_hardening.TestProgressPhotoValidation" name="test_empty_photo_allowed" time="0.105" /><testcase classname="backend.tests.test_phase3_hardening.TestMongoIndexes" name="test_users_mobile_unique_index" time="0.065" /><testcase classname="backend.tests.test_phase3_hardening.TestMongoIndexes" name="test_users_role_and_id_indexes" time="0.001" /><testcase classname="backend.tests.test_phase3_hardening.TestMongoIndexes" name="test_jobs_indexes" time="0.001" /><testcase classname="backend.tests.test_phase3_hardening.TestMongoIndexes" name="test_applications_composite_index" time="0.000" /><testcase classname="backend.tests.test_phase3_hardening.TestMongoIndexes" name="test_attendance_composite_indexes" time="0.001" /><testcase classname="backend.tests.test_phase3_hardening.TestMongoIndexes" name="test_erp_collections_indexed" time="0.001" /><testcase classname="backend.tests.test_phase3_hardening.TestMongoIndexes" name="test_chat_messages_composite" time="0.000" /><testcase classname="backend.tests.test_phase3_hardening.TestMongoIndexes" name="test_progress_photos_composite" time="0.001" /><testcase classname="backend.tests.test_phase3_hardening.TestMongoIndexes" name="test_password_resets_ttl" time="0.000" /><testcase classname="backend.tests.test_phase3_hardening.TestMongoIndexes" name="test_wallet_txns_composite" time="0.000" /><testcase classname="backend.tests.test_phase3_hardening.TestCORS" name="test_default_cors_allows_all_when_env_unset" time="0.068" /><testcase classname="backend.tests.test_phase3_hardening.TestCORS" name="test_get_health_returns_ok" time="0.106" /><testcase classname="backend.tests.test_phase3_hardening.TestSmokeNoBreakage" name="test_login_valid_creds" time="0.317" /><testcase classname="backend.tests.test_phase3_hardening.TestSmokeNoBreakage" name="test_me_returns_user" time="0.094"><failure message="AssertionError: {&quot;detail&quot;:&quot;Too many requests. Please wait a bit.&quot;}&#10;assert 429 == 200&#10; +  where 429 = &lt;Response [429]&gt;.status_code">backend/tests/test_phase3_hardening.py:270: in test_me_returns_user
    tok = _login(WORKER)
          ^^^^^^^^^^^^^^
backend/tests/test_phase3_hardening.py:22: in _login
    assert r.status_code == 200, r.text
E   AssertionError: {"detail":"Too many requests. Please wait a bit."}
E   assert 429 == 200
E    +  where 429 = &lt;Response [429]&gt;.status_code</failure></testcase><testcase classname="backend.tests.test_phase3_hardening.TestSmokeNoBreakage" name="test_jobs_list" time="0.094"><failure message="AssertionError: {&quot;detail&quot;:&quot;Too many requests. Please wait a bit.&quot;}&#10;assert 429 == 200&#10; +  where 429 = &lt;Response [429]&gt;.status_code">backend/tests/test_phase3_hardening.py:280: in test_jobs_list
    tok = _login(WORKER)
          ^^^^^^^^^^^^^^
backend/tests/test_phase3_hardening.py:22: in _login
    assert r.status_code == 200, r.text
E   AssertionError: {"detail":"Too many requests. Please wait a bit."}
E   assert 429 == 200
E    +  where 429 = &lt;Response [429]&gt;.status_code</failure></testcase><testcase classname="backend.tests.test_phase3_hardening.TestSmokeNoBreakage" name="test_complaints_mine" time="0.094"><failure message="AssertionError: {&quot;detail&quot;:&quot;Too many requests. Please wait a bit.&quot;}&#10;assert 429 == 200&#10; +  where 429 = &lt;Response [429]&gt;.status_code">backend/tests/test_phase3_hardening.py:286: in test_complaints_mine
    tok = _login(WORKER)
          ^^^^^^^^^^^^^^
backend/tests/test_phase3_hardening.py:22: in _login
    assert r.status_code == 200, r.text
E   AssertionError: {"detail":"Too many requests. Please wait a bit."}
E   assert 429 == 200
E    +  where 429 = &lt;Response [429]&gt;.status_code</failure></testcase><testcase classname="backend.tests.test_wallet_signs_iter13" name="test_api_health" time="0.106" /><testcase classname="backend.tests.test_wallet_signs_iter13" name="test_login_worker_client_admin" time="0.978" /><testcase classname="backend.tests.test_wallet_signs_iter13" name="test_me_returns_user" time="0.418" /><testcase classname="backend.tests.test_wallet_signs_iter13" name="test_wallet_returns_transactions_array" time="0.436" /><testcase classname="backend.tests.test_wallet_signs_iter13" name="test_wallet_transaction_amounts_are_numeric" time="0.415" /><testcase classname="backend.tests.test_wallet_signs_iter13" name="test_withdrawal_creates_negative_amount_transaction" time="1.158" /><testcase classname="backend.tests.test_wallet_signs_iter13" name="test_root_serves_index_html" time="0.095" /><testcase classname="backend.tests.test_wallet_signs_iter13" name="test_js_bundle_served" time="0.111" /><testcase classname="backend.tests.test_wallet_signs_iter13" name="test_root_health_endpoints" time="0.379" /></testsuite></testsuites>