<?xml version="1.0" encoding="utf-8"?><testsuites name="pytest tests"><testsuite name="pytest" errors="0" failures="0" skipped="0" tests="5" time="1.849" timestamp="2026-07-29T10:55:22.465408+00:00" hostname="agent-env-dd9109b4-2ed5-4fab-9ed5-c989f6ee51cc"><testcase classname="backend.tests.test_iter25_client_profile" name="test_client_stats_client_ok" time="0.460" /><testcase classname="backend.tests.test_iter25_client_profile" name="test_client_stats_contractor_ok" time="0.351" /><testcase classname="backend.tests.test_iter25_client_profile" name="test_client_stats_worker_forbidden" time="0.309" /><testcase classname="backend.tests.test_iter25_client_profile" name="test_client_stats_unauth" time="0.082" /><testcase classname="backend.tests.test_iter25_client_profile" name="test_client_profile_update_persists_and_completion_increases" time="0.456" /></testsuite></testsuites>