<?xml version="1.0" encoding="utf-8"?><testsuites name="pytest tests"><testsuite name="pytest" errors="0" failures="0" skipped="0" tests="12" time="2.966" timestamp="2026-07-26T04:57:12.094296+00:00" hostname="agent-env-dd9109b4-2ed5-4fab-9ed5-c989f6ee51cc"><testcase classname="backend.tests.test_attendance_iter18.TestWorkerAttendance" name="test_worker_my_attendance" time="0.603" /><testcase classname="backend.tests.test_attendance_iter18.TestWorkerAttendance" name="test_salary_summary_worker" time="0.128" /><testcase classname="backend.tests.test_attendance_iter18.TestRoleGuards" name="test_salary_summary_client_403" time="0.415" /><testcase classname="backend.tests.test_attendance_iter18.TestRoleGuards" name="test_salary_summary_admin_403" time="0.447" /><testcase classname="backend.tests.test_attendance_iter18.TestRoleGuards" name="test_my_workers_worker_403" time="0.097" /><testcase classname="backend.tests.test_attendance_iter18.TestRoleGuards" name="test_admin_attendance_worker_403" time="0.089" /><testcase classname="backend.tests.test_attendance_iter18.TestMonitorEndpoint" name="test_my_workers_client" time="0.102" /><testcase classname="backend.tests.test_attendance_iter18.TestMonitorEndpoint" name="test_my_workers_client_7d" time="0.139" /><testcase classname="backend.tests.test_attendance_iter18.TestMonitorEndpoint" name="test_my_workers_client_30d" time="0.095" /><testcase classname="backend.tests.test_attendance_iter18.TestMonitorEndpoint" name="test_my_workers_contractor" time="0.431" /><testcase classname="backend.tests.test_attendance_iter18.TestAdminAttendance" name="test_admin_attendance" time="0.126" /><testcase classname="backend.tests.test_attendance_iter18.TestUnauthed" name="test_no_token_401" time="0.088" /></testsuite></testsuites>