<?xml version="1.0" encoding="utf-8"?><testsuites name="pytest tests"><testsuite name="pytest" errors="0" failures="0" skipped="0" tests="2" time="1.251" timestamp="2026-08-10T12:13:40.386564+00:00" hostname="agent-env-dd9109b4-2ed5-4fab-9ed5-c989f6ee51cc"><testcase classname="backend.tests.test_iter34_other_job.TestOtherCustomJobTitle" name="test_post_job_with_custom_other_title" time="0.584" /><testcase classname="backend.tests.test_iter34_other_job.TestWorkerCustomSkillPersistence" name="test_worker_can_save_custom_skill" time="0.417" /></testsuite></testsuites>