<?xml version="1.0" encoding="utf-8"?><testsuites name="pytest tests"><testsuite name="pytest" errors="125" failures="15" skipped="7" tests="276" time="102.576" timestamp="2026-07-03T15:57:18.857805+00:00" hostname="agent-env-dd9109b4-2ed5-4fab-9ed5-c989f6ee51cc"><testcase classname="backend.tests.test_admin.TestAdminAuth" name="test_admin_login_role_and_token" time="0.371" /><testcase classname="backend.tests.test_admin.TestAdminStats" name="test_stats_keys_and_types" time="0.090" /><testcase classname="backend.tests.test_admin.TestAdminStats" name="test_stats_non_admin_forbidden" time="0.328" /><testcase classname="backend.tests.test_admin.TestAdminStats" name="test_stats_no_token" time="0.048" /><testcase classname="backend.tests.test_admin.TestAdminUsers" name="test_list_all_users" time="0.052" /><testcase classname="backend.tests.test_admin.TestAdminUsers" name="test_filter_by_role_worker" time="0.052" /><testcase classname="backend.tests.test_admin.TestAdminUsers" name="test_search_by_mobile" time="0.052" /><testcase classname="backend.tests.test_admin.TestAdminUsers" name="test_users_non_admin_forbidden" time="0.326" /><testcase classname="backend.tests.test_admin.TestAdminUserActions" name="test_verify_user" time="0.384" /><testcase classname="backend.tests.test_admin.TestAdminUserActions" name="test_suspend_and_login_blocked" time="0.329" /><testcase classname="backend.tests.test_admin.TestAdminUserActions" name="test_unsuspend_and_login_works" time="0.341" /><testcase classname="backend.tests.test_admin.TestAdminUserActions" name="test_verify_unknown_404" time="0.050" /><testcase classname="backend.tests.test_admin.TestAdminUserActions" name="test_suspend_by_non_admin_forbidden" time="0.057" /><testcase classname="backend.tests.test_admin.TestAdminJobs" name="test_list_all_jobs" time="0.051" /><testcase classname="backend.tests.test_admin.TestAdminJobs" name="test_close_job" time="0.161" /><testcase classname="backend.tests.test_admin.TestAdminJobs" name="test_close_unknown_404" time="0.054" /><testcase classname="backend.tests.test_admin.TestAdminJobs" name="test_jobs_non_admin_forbidden" time="0.059" /><testcase classname="backend.tests.test_admin.TestAdminComplaints" name="test_list_open_complaints_has_seed" time="0.049" /><testcase classname="backend.tests.test_admin.TestAdminComplaints" name="test_resolve_complaint" time="0.148" /><testcase classname="backend.tests.test_admin.TestAdminComplaints" name="test_reject_complaint" time="0.160" /><testcase classname="backend.tests.test_admin.TestAdminComplaints" name="test_resolve_unknown_404" time="0.052" /><testcase classname="backend.tests.test_admin.TestAdminComplaints" name="test_complaints_non_admin_forbidden" time="0.049" /><testcase classname="backend.tests.test_buildmitra.TestAuth" name="test_login_worker" time="0.111"><error message="failed on setup with &quot;AssertionError: {&quot;detail&quot;:&quot;Too many requests. Please wait a bit.&quot;}&#10;assert 429 == 200&#10; +  where 429 = &lt;Response [429]&gt;.status_code&quot;">E   AssertionError: {"detail":"Too many requests. Please wait a bit."}
    assert 429 == 200
     +  where 429 = &lt;Response [429]&gt;.status_code</error></testcase><testcase classname="backend.tests.test_buildmitra.TestAuth" name="test_login_invalid" time="0.049"><failure message="assert 429 == 401&#10; +  where 429 = &lt;Response [429]&gt;.status_code">E   assert 429 == 401
     +  where 429 = &lt;Response [429]&gt;.status_code</failure></testcase><testcase classname="backend.tests.test_buildmitra.TestAuth" name="test_register_and_me" time="0.321" /><testcase classname="backend.tests.test_buildmitra.TestAuth" name="test_me_no_token" time="0.076" /><testcase classname="backend.tests.test_buildmitra.TestJobs" name="test_list_jobs_seeded" time="0.051" /><testcase classname="backend.tests.test_buildmitra.TestJobs" name="test_list_jobs_filter_skill" time="0.051" /><testcase classname="backend.tests.test_buildmitra.TestJobs" name="test_post_job_client" time="0.050"><error message="failed on setup with &quot;AssertionError: {&quot;detail&quot;:&quot;Too many requests. Please wait a bit.&quot;}&#10;assert 429 == 200&#10; +  where 429 = &lt;Response [429]&gt;.status_code&quot;">E   AssertionError: {"detail":"Too many requests. Please wait a bit."}
    assert 429 == 200
     +  where 429 = &lt;Response [429]&gt;.status_code</error></testcase><testcase classname="backend.tests.test_buildmitra.TestJobs" name="test_post_job_worker_forbidden" time="0.000"><error message="failed on setup with &quot;AssertionError: {&quot;detail&quot;:&quot;Too many requests. Please wait a bit.&quot;}&#10;assert 429 == 200&#10; +  where 429 = &lt;Response [429]&gt;.status_code&quot;">E   AssertionError: {"detail":"Too many requests. Please wait a bit."}
    assert 429 == 200
     +  where 429 = &lt;Response [429]&gt;.status_code</error></testcase><testcase classname="backend.tests.test_buildmitra.TestApplications" name="test_apply_and_list" time="0.000"><error message="failed on setup with &quot;AssertionError: {&quot;detail&quot;:&quot;Too many requests. Please wait a bit.&quot;}&#10;assert 429 == 200&#10; +  where 429 = &lt;Response [429]&gt;.status_code&quot;">E   AssertionError: {"detail":"Too many requests. Please wait a bit."}
    assert 429 == 200
     +  where 429 = &lt;Response [429]&gt;.status_code</error></testcase><testcase classname="backend.tests.test_buildmitra.TestAttendance" name="test_attendance_create" time="0.000"><error message="failed on setup with &quot;AssertionError: {&quot;detail&quot;:&quot;Too many requests. Please wait a bit.&quot;}&#10;assert 429 == 200&#10; +  where 429 = &lt;Response [429]&gt;.status_code&quot;">E   AssertionError: {"detail":"Too many requests. Please wait a bit."}
    assert 429 == 200
     +  where 429 = &lt;Response [429]&gt;.status_code</error></testcase><testcase classname="backend.tests.test_buildmitra.TestWallet" name="test_wallet_worker" time="0.000"><error message="failed on setup with &quot;AssertionError: {&quot;detail&quot;:&quot;Too many requests. Please wait a bit.&quot;}&#10;assert 429 == 200&#10; +  where 429 = &lt;Response [429]&gt;.status_code&quot;">E   AssertionError: {"detail":"Too many requests. Please wait a bit."}
    assert 429 == 200
     +  where 429 = &lt;Response [429]&gt;.status_code</error></testcase><testcase classname="backend.tests.test_buildmitra.TestAIMatch" name="test_ai_match_worker" time="0.000"><error message="failed on setup with &quot;AssertionError: {&quot;detail&quot;:&quot;Too many requests. Please wait a bit.&quot;}&#10;assert 429 == 200&#10; +  where 429 = &lt;Response [429]&gt;.status_code&quot;">E   AssertionError: {"detail":"Too many requests. Please wait a bit."}
    assert 429 == 200
     +  where 429 = &lt;Response [429]&gt;.status_code</error></testcase><testcase classname="backend.tests.test_buildmitra.TestAIMatch" name="test_ai_match_client_forbidden" time="0.000"><error message="failed on setup with &quot;AssertionError: {&quot;detail&quot;:&quot;Too many requests. Please wait a bit.&quot;}&#10;assert 429 == 200&#10; +  where 429 = &lt;Response [429]&gt;.status_code&quot;">E   AssertionError: {"detail":"Too many requests. Please wait a bit."}
    assert 429 == 200
     +  where 429 = &lt;Response [429]&gt;.status_code</error></testcase><testcase classname="backend.tests.test_complaints.TestFileComplaint" name="test_file_complaint_success" time="0.094"><error message="failed on setup with &quot;AssertionError: login failed 429: {&quot;detail&quot;:&quot;Too many requests. Please wait a bit.&quot;}&#10;assert 429 == 200&#10; +  where 429 = &lt;Response [429]&gt;.status_code&quot;">E   AssertionError: login failed 429: {"detail":"Too many requests. Please wait a bit."}
    assert 429 == 200
     +  where 429 = &lt;Response [429]&gt;.status_code</error></testcase><testcase classname="backend.tests.test_complaints.TestFileComplaint" name="test_file_complaint_unauthenticated" time="0.100" /><testcase classname="backend.tests.test_complaints.TestFileComplaint" name="test_file_complaint_missing_subject" time="0.000"><error message="failed on setup with &quot;AssertionError: login failed 429: {&quot;detail&quot;:&quot;Too many requests. Please wait a bit.&quot;}&#10;assert 429 == 200&#10; +  where 429 = &lt;Response [429]&gt;.status_code&quot;">E   AssertionError: login failed 429: {"detail":"Too many requests. Please wait a bit."}
    assert 429 == 200
     +  where 429 = &lt;Response [429]&gt;.status_code</error></testcase><testcase classname="backend.tests.test_complaints.TestMyComplaints" name="test_my_complaints_lists_filed" time="0.000"><error message="failed on setup with &quot;AssertionError: login failed 429: {&quot;detail&quot;:&quot;Too many requests. Please wait a bit.&quot;}&#10;assert 429 == 200&#10; +  where 429 = &lt;Response [429]&gt;.status_code&quot;">E   AssertionError: login failed 429: {"detail":"Too many requests. Please wait a bit."}
    assert 429 == 200
     +  where 429 = &lt;Response [429]&gt;.status_code</error></testcase><testcase classname="backend.tests.test_complaints.TestMyComplaints" name="test_my_complaints_includes_recent_file" time="0.000"><error message="failed on setup with &quot;AssertionError: login failed 429: {&quot;detail&quot;:&quot;Too many requests. Please wait a bit.&quot;}&#10;assert 429 == 200&#10; +  where 429 = &lt;Response [429]&gt;.status_code&quot;">E   AssertionError: login failed 429: {"detail":"Too many requests. Please wait a bit."}
    assert 429 == 200
     +  where 429 = &lt;Response [429]&gt;.status_code</error></testcase><testcase classname="backend.tests.test_complaints.TestMyComplaints" name="test_my_complaints_isolation_admin_sees_via_admin_route" time="20.553" /><testcase classname="backend.tests.test_complaints.TestAdminComplaintsRegression" name="test_admin_can_see_user_complaint" time="0.000"><error message="failed on setup with &quot;AssertionError: login failed 429: {&quot;detail&quot;:&quot;Too many requests. Please wait a bit.&quot;}&#10;assert 429 == 200&#10; +  where 429 = &lt;Response [429]&gt;.status_code&quot;">E   AssertionError: login failed 429: {"detail":"Too many requests. Please wait a bit."}
    assert 429 == 200
     +  where 429 = &lt;Response [429]&gt;.status_code</error></testcase><testcase classname="backend.tests.test_complaints.TestRegressionProfile" name="test_change_password_roundtrip" time="0.000"><error message="failed on setup with &quot;AssertionError: login failed 429: {&quot;detail&quot;:&quot;Too many requests. Please wait a bit.&quot;}&#10;assert 429 == 200&#10; +  where 429 = &lt;Response [429]&gt;.status_code&quot;">E   AssertionError: login failed 429: {"detail":"Too many requests. Please wait a bit."}
    assert 429 == 200
     +  where 429 = &lt;Response [429]&gt;.status_code</error></testcase><testcase classname="backend.tests.test_complaints.TestRegressionProfile" name="test_photo_update_clear" time="0.000"><error message="failed on setup with &quot;AssertionError: login failed 429: {&quot;detail&quot;:&quot;Too many requests. Please wait a bit.&quot;}&#10;assert 429 == 200&#10; +  where 429 = &lt;Response [429]&gt;.status_code&quot;">E   AssertionError: login failed 429: {"detail":"Too many requests. Please wait a bit."}
    assert 429 == 200
     +  where 429 = &lt;Response [429]&gt;.status_code</error></testcase><testcase classname="backend.tests.test_deployment_fixes_iter8.TestHealth" name="test_health_endpoint[/api/health-False-2000]" time="0.099" /><testcase classname="backend.tests.test_deployment_fixes_iter8.TestHealth" name="test_health_endpoint[/api/healthz-False-2000]" time="0.050" /><testcase classname="backend.tests.test_deployment_fixes_iter8.TestHealth" name="test_health_endpoint[/health-True-300]" time="0.002" /><testcase classname="backend.tests.test_deployment_fixes_iter8.TestHealth" name="test_health_endpoint[/healthz-True-300]" time="0.042" /><testcase classname="backend.tests.test_deployment_fixes_iter8.TestSeedUsers" name="test_demo_login[9000000000-admin1234-admin]" time="0.279" /><testcase classname="backend.tests.test_deployment_fixes_iter8.TestSeedUsers" name="test_demo_login[9000000001-demo1234-client]" time="0.274" /><testcase classname="backend.tests.test_deployment_fixes_iter8.TestSeedUsers" name="test_demo_login[9000000002-demo1234-worker]" time="0.272" /><testcase classname="backend.tests.test_deployment_fixes_iter8.TestSeedUsers" name="test_demo_login[9000000003-demo1234-contractor]" time="0.270" /><testcase classname="backend.tests.test_deployment_fixes_iter8.TestLimitedListEndpoints" name="test_jobs_mine" time="0.340" /><testcase classname="backend.tests.test_deployment_fixes_iter8.TestLimitedListEndpoints" name="test_applications_mine" time="0.333" /><testcase classname="backend.tests.test_deployment_fixes_iter8.TestLimitedListEndpoints" name="test_applications_by_job" time="0.372" /><testcase classname="backend.tests.test_deployment_fixes_iter8.TestLimitedListEndpoints" name="test_erp_materials" time="0.059" /><testcase classname="backend.tests.test_deployment_fixes_iter8.TestLimitedListEndpoints" name="test_erp_tools" time="0.054" /><testcase classname="backend.tests.test_deployment_fixes_iter8.TestLimitedListEndpoints" name="test_erp_estimates" time="0.056" /><testcase classname="backend.tests.test_deployment_fixes_iter8.TestLimitedListEndpoints" name="test_erp_bills" time="0.056" /><testcase classname="backend.tests.test_deployment_fixes_iter8.TestLimitedListEndpoints" name="test_complaints_mine" time="0.053" /><testcase classname="backend.tests.test_deployment_fixes_iter8.TestBillExports" name="test_pdf_export" time="0.363" /><testcase classname="backend.tests.test_deployment_fixes_iter8.TestBillExports" name="test_excel_export" time="0.446" /><testcase classname="backend.tests.test_deployment_fixes_iter8.TestIntegrationsDevMode" name="test_pricing_razorpay_disabled" time="0.054" /><testcase classname="backend.tests.test_deployment_fixes_iter8.TestIntegrationsDevMode" name="test_otp_send_dev_mode" time="0.060" /><testcase classname="backend.tests.test_deployment_fixes_iter8.TestIntegrationsDevMode" name="test_otp_verify_existing_user_login" time="0.109" /><testcase classname="backend.tests.test_deployment_fixes_iter8.TestRequirementsTxt" name="test_required_packages_present" time="0.001" /><testcase classname="backend.tests.test_deployment_fixes_iter8.TestRegressionCriticalFlows" name="test_password_change_roundtrip" time="1.549" /><testcase classname="backend.tests.test_deployment_fixes_iter8.TestRegressionCriticalFlows" name="test_profile_photo_update_via_me" time="0.154" /><testcase classname="backend.tests.test_deployment_fixes_iter8.TestRegressionCriticalFlows" name="test_file_complaint" time="0.113" /><testcase classname="backend.tests.test_deployment_fixes_iter8.TestRegressionCriticalFlows" name="test_payroll_unchanged" time="0.063" /><testcase classname="backend.tests.test_erp.TestMaterials" name="test_create_material" time="0.149"><error message="failed on setup with &quot;AssertionError: {&quot;detail&quot;:&quot;Too many requests. Please wait a bit.&quot;}&#10;assert 429 == 200&#10; +  where 429 = &lt;Response [429]&gt;.status_code&quot;">E   AssertionError: {"detail":"Too many requests. Please wait a bit."}
    assert 429 == 200
     +  where 429 = &lt;Response [429]&gt;.status_code</error></testcase><testcase classname="backend.tests.test_erp.TestMaterials" name="test_list_materials_persists" time="0.000"><error message="failed on setup with &quot;AssertionError: {&quot;detail&quot;:&quot;Too many requests. Please wait a bit.&quot;}&#10;assert 429 == 200&#10; +  where 429 = &lt;Response [429]&gt;.status_code&quot;">E   AssertionError: {"detail":"Too many requests. Please wait a bit."}
    assert 429 == 200
     +  where 429 = &lt;Response [429]&gt;.status_code</error></testcase><testcase classname="backend.tests.test_erp.TestMaterials" name="test_update_material" time="0.000"><error message="failed on setup with &quot;AssertionError: {&quot;detail&quot;:&quot;Too many requests. Please wait a bit.&quot;}&#10;assert 429 == 200&#10; +  where 429 = &lt;Response [429]&gt;.status_code&quot;">E   AssertionError: {"detail":"Too many requests. Please wait a bit."}
    assert 429 == 200
     +  where 429 = &lt;Response [429]&gt;.status_code</error></testcase><testcase classname="backend.tests.test_erp.TestMaterials" name="test_delete_material" time="0.000"><error message="failed on setup with &quot;AssertionError: {&quot;detail&quot;:&quot;Too many requests. Please wait a bit.&quot;}&#10;assert 429 == 200&#10; +  where 429 = &lt;Response [429]&gt;.status_code&quot;">E   AssertionError: {"detail":"Too many requests. Please wait a bit."}
    assert 429 == 200
     +  where 429 = &lt;Response [429]&gt;.status_code</error></testcase><testcase classname="backend.tests.test_erp.TestTools" name="test_create_tool_with_status" time="0.000"><error message="failed on setup with &quot;AssertionError: {&quot;detail&quot;:&quot;Too many requests. Please wait a bit.&quot;}&#10;assert 429 == 200&#10; +  where 429 = &lt;Response [429]&gt;.status_code&quot;">E   AssertionError: {"detail":"Too many requests. Please wait a bit."}
    assert 429 == 200
     +  where 429 = &lt;Response [429]&gt;.status_code</error></testcase><testcase classname="backend.tests.test_erp.TestTools" name="test_list_tools" time="0.000"><error message="failed on setup with &quot;AssertionError: {&quot;detail&quot;:&quot;Too many requests. Please wait a bit.&quot;}&#10;assert 429 == 200&#10; +  where 429 = &lt;Response [429]&gt;.status_code&quot;">E   AssertionError: {"detail":"Too many requests. Please wait a bit."}
    assert 429 == 200
     +  where 429 = &lt;Response [429]&gt;.status_code</error></testcase><testcase classname="backend.tests.test_erp.TestTools" name="test_delete_tool" time="0.000"><error message="failed on setup with &quot;AssertionError: {&quot;detail&quot;:&quot;Too many requests. Please wait a bit.&quot;}&#10;assert 429 == 200&#10; +  where 429 = &lt;Response [429]&gt;.status_code&quot;">E   AssertionError: {"detail":"Too many requests. Please wait a bit."}
    assert 429 == 200
     +  where 429 = &lt;Response [429]&gt;.status_code</error></testcase><testcase classname="backend.tests.test_erp.TestEstimates" name="test_create_estimate_auto_computes" time="0.000"><error message="failed on setup with &quot;AssertionError: {&quot;detail&quot;:&quot;Too many requests. Please wait a bit.&quot;}&#10;assert 429 == 200&#10; +  where 429 = &lt;Response [429]&gt;.status_code&quot;">E   AssertionError: {"detail":"Too many requests. Please wait a bit."}
    assert 429 == 200
     +  where 429 = &lt;Response [429]&gt;.status_code</error></testcase><testcase classname="backend.tests.test_erp.TestEstimates" name="test_estimate_zero_revenue" time="0.000"><error message="failed on setup with &quot;AssertionError: {&quot;detail&quot;:&quot;Too many requests. Please wait a bit.&quot;}&#10;assert 429 == 200&#10; +  where 429 = &lt;Response [429]&gt;.status_code&quot;">E   AssertionError: {"detail":"Too many requests. Please wait a bit."}
    assert 429 == 200
     +  where 429 = &lt;Response [429]&gt;.status_code</error></testcase><testcase classname="backend.tests.test_erp.TestEstimates" name="test_list_estimates" time="0.000"><error message="failed on setup with &quot;AssertionError: {&quot;detail&quot;:&quot;Too many requests. Please wait a bit.&quot;}&#10;assert 429 == 200&#10; +  where 429 = &lt;Response [429]&gt;.status_code&quot;">E   AssertionError: {"detail":"Too many requests. Please wait a bit."}
    assert 429 == 200
     +  where 429 = &lt;Response [429]&gt;.status_code</error></testcase><testcase classname="backend.tests.test_erp.TestBills" name="test_create_bill_auto_bill_no_and_calc" time="0.000"><error message="failed on setup with &quot;AssertionError: {&quot;detail&quot;:&quot;Too many requests. Please wait a bit.&quot;}&#10;assert 429 == 200&#10; +  where 429 = &lt;Response [429]&gt;.status_code&quot;">E   AssertionError: {"detail":"Too many requests. Please wait a bit."}
    assert 429 == 200
     +  where 429 = &lt;Response [429]&gt;.status_code</error></testcase><testcase classname="backend.tests.test_erp.TestBills" name="test_bill_no_increments" time="0.000"><error message="failed on setup with &quot;AssertionError: {&quot;detail&quot;:&quot;Too many requests. Please wait a bit.&quot;}&#10;assert 429 == 200&#10; +  where 429 = &lt;Response [429]&gt;.status_code&quot;">E   AssertionError: {"detail":"Too many requests. Please wait a bit."}
    assert 429 == 200
     +  where 429 = &lt;Response [429]&gt;.status_code</error></testcase><testcase classname="backend.tests.test_erp.TestBills" name="test_mark_paid" time="0.000"><error message="failed on setup with &quot;AssertionError: {&quot;detail&quot;:&quot;Too many requests. Please wait a bit.&quot;}&#10;assert 429 == 200&#10; +  where 429 = &lt;Response [429]&gt;.status_code&quot;">E   AssertionError: {"detail":"Too many requests. Please wait a bit."}
    assert 429 == 200
     +  where 429 = &lt;Response [429]&gt;.status_code</error></testcase><testcase classname="backend.tests.test_erp.TestBills" name="test_mark_paid_404" time="0.000"><error message="failed on setup with &quot;AssertionError: {&quot;detail&quot;:&quot;Too many requests. Please wait a bit.&quot;}&#10;assert 429 == 200&#10; +  where 429 = &lt;Response [429]&gt;.status_code&quot;">E   AssertionError: {"detail":"Too many requests. Please wait a bit."}
    assert 429 == 200
     +  where 429 = &lt;Response [429]&gt;.status_code</error></testcase><testcase classname="backend.tests.test_erp.TestDashboard" name="test_dashboard_keys" time="0.000"><error message="failed on setup with &quot;AssertionError: {&quot;detail&quot;:&quot;Too many requests. Please wait a bit.&quot;}&#10;assert 429 == 200&#10; +  where 429 = &lt;Response [429]&gt;.status_code&quot;">E   AssertionError: {"detail":"Too many requests. Please wait a bit."}
    assert 429 == 200
     +  where 429 = &lt;Response [429]&gt;.status_code</error></testcase><testcase classname="backend.tests.test_erp.TestDashboard" name="test_low_stock_detection" time="0.000"><error message="failed on setup with &quot;AssertionError: {&quot;detail&quot;:&quot;Too many requests. Please wait a bit.&quot;}&#10;assert 429 == 200&#10; +  where 429 = &lt;Response [429]&gt;.status_code&quot;">E   AssertionError: {"detail":"Too many requests. Please wait a bit."}
    assert 429 == 200
     +  where 429 = &lt;Response [429]&gt;.status_code</error></testcase><testcase classname="backend.tests.test_erp.TestAuthGuards" name="test_worker_blocked[/erp/materials-GET]" time="0.097"><error message="failed on setup with &quot;AssertionError: {&quot;detail&quot;:&quot;Too many requests. Please wait a bit.&quot;}&#10;assert 429 == 200&#10; +  where 429 = &lt;Response [429]&gt;.status_code&quot;">E   AssertionError: {"detail":"Too many requests. Please wait a bit."}
    assert 429 == 200
     +  where 429 = &lt;Response [429]&gt;.status_code</error></testcase><testcase classname="backend.tests.test_erp.TestAuthGuards" name="test_worker_blocked[/erp/materials-POST]" time="0.000"><error message="failed on setup with &quot;AssertionError: {&quot;detail&quot;:&quot;Too many requests. Please wait a bit.&quot;}&#10;assert 429 == 200&#10; +  where 429 = &lt;Response [429]&gt;.status_code&quot;">E   AssertionError: {"detail":"Too many requests. Please wait a bit."}
    assert 429 == 200
     +  where 429 = &lt;Response [429]&gt;.status_code</error></testcase><testcase classname="backend.tests.test_erp.TestAuthGuards" name="test_worker_blocked[/erp/tools-GET]" time="0.000"><error message="failed on setup with &quot;AssertionError: {&quot;detail&quot;:&quot;Too many requests. Please wait a bit.&quot;}&#10;assert 429 == 200&#10; +  where 429 = &lt;Response [429]&gt;.status_code&quot;">E   AssertionError: {"detail":"Too many requests. Please wait a bit."}
    assert 429 == 200
     +  where 429 = &lt;Response [429]&gt;.status_code</error></testcase><testcase classname="backend.tests.test_erp.TestAuthGuards" name="test_worker_blocked[/erp/tools-POST]" time="0.000"><error message="failed on setup with &quot;AssertionError: {&quot;detail&quot;:&quot;Too many requests. Please wait a bit.&quot;}&#10;assert 429 == 200&#10; +  where 429 = &lt;Response [429]&gt;.status_code&quot;">E   AssertionError: {"detail":"Too many requests. Please wait a bit."}
    assert 429 == 200
     +  where 429 = &lt;Response [429]&gt;.status_code</error></testcase><testcase classname="backend.tests.test_erp.TestAuthGuards" name="test_worker_blocked[/erp/estimates-GET]" time="0.000"><error message="failed on setup with &quot;AssertionError: {&quot;detail&quot;:&quot;Too many requests. Please wait a bit.&quot;}&#10;assert 429 == 200&#10; +  where 429 = &lt;Response [429]&gt;.status_code&quot;">E   AssertionError: {"detail":"Too many requests. Please wait a bit."}
    assert 429 == 200
     +  where 429 = &lt;Response [429]&gt;.status_code</error></testcase><testcase classname="backend.tests.test_erp.TestAuthGuards" name="test_worker_blocked[/erp/estimates-POST]" time="0.000"><error message="failed on setup with &quot;AssertionError: {&quot;detail&quot;:&quot;Too many requests. Please wait a bit.&quot;}&#10;assert 429 == 200&#10; +  where 429 = &lt;Response [429]&gt;.status_code&quot;">E   AssertionError: {"detail":"Too many requests. Please wait a bit."}
    assert 429 == 200
     +  where 429 = &lt;Response [429]&gt;.status_code</error></testcase><testcase classname="backend.tests.test_erp.TestAuthGuards" name="test_worker_blocked[/erp/bills-GET]" time="0.000"><error message="failed on setup with &quot;AssertionError: {&quot;detail&quot;:&quot;Too many requests. Please wait a bit.&quot;}&#10;assert 429 == 200&#10; +  where 429 = &lt;Response [429]&gt;.status_code&quot;">E   AssertionError: {"detail":"Too many requests. Please wait a bit."}
    assert 429 == 200
     +  where 429 = &lt;Response [429]&gt;.status_code</error></testcase><testcase classname="backend.tests.test_erp.TestAuthGuards" name="test_worker_blocked[/erp/bills-POST]" time="0.000"><error message="failed on setup with &quot;AssertionError: {&quot;detail&quot;:&quot;Too many requests. Please wait a bit.&quot;}&#10;assert 429 == 200&#10; +  where 429 = &lt;Response [429]&gt;.status_code&quot;">E   AssertionError: {"detail":"Too many requests. Please wait a bit."}
    assert 429 == 200
     +  where 429 = &lt;Response [429]&gt;.status_code</error></testcase><testcase classname="backend.tests.test_erp.TestAuthGuards" name="test_worker_blocked[/erp/dashboard-GET]" time="0.000"><error message="failed on setup with &quot;AssertionError: {&quot;detail&quot;:&quot;Too many requests. Please wait a bit.&quot;}&#10;assert 429 == 200&#10; +  where 429 = &lt;Response [429]&gt;.status_code&quot;">E   AssertionError: {"detail":"Too many requests. Please wait a bit."}
    assert 429 == 200
     +  where 429 = &lt;Response [429]&gt;.status_code</error></testcase><testcase classname="backend.tests.test_erp.TestAuthGuards" name="test_client_blocked_dashboard" time="0.091"><error message="failed on setup with &quot;AssertionError: {&quot;detail&quot;:&quot;Too many requests. Please wait a bit.&quot;}&#10;assert 429 == 200&#10; +  where 429 = &lt;Response [429]&gt;.status_code&quot;">E   AssertionError: {"detail":"Too many requests. Please wait a bit."}
    assert 429 == 200
     +  where 429 = &lt;Response [429]&gt;.status_code</error></testcase><testcase classname="backend.tests.test_erp.TestAuthGuards" name="test_admin_blocked_dashboard" time="0.100"><error message="failed on setup with &quot;AssertionError: {&quot;detail&quot;:&quot;Too many requests. Please wait a bit.&quot;}&#10;assert 429 == 200&#10; +  where 429 = &lt;Response [429]&gt;.status_code&quot;">E   AssertionError: {"detail":"Too many requests. Please wait a bit."}
    assert 429 == 200
     +  where 429 = &lt;Response [429]&gt;.status_code</error></testcase><testcase classname="backend.tests.test_erp.TestAuthGuards" name="test_no_token_blocked" time="0.093" /><testcase classname="backend.tests.test_erp.TestOwnerIsolation" name="test_delete_other_owner_returns_404" time="0.000"><error message="failed on setup with &quot;AssertionError: {&quot;detail&quot;:&quot;Too many requests. Please wait a bit.&quot;}&#10;assert 429 == 200&#10; +  where 429 = &lt;Response [429]&gt;.status_code&quot;">E   AssertionError: {"detail":"Too many requests. Please wait a bit."}
    assert 429 == 200
     +  where 429 = &lt;Response [429]&gt;.status_code</error></testcase><testcase classname="backend.tests.test_health_and_regression.TestHealthEndpoints" name="test_health_endpoint_200[/api/health-status-False]" time="0.101" /><testcase classname="backend.tests.test_health_and_regression.TestHealthEndpoints" name="test_health_endpoint_200[/api/healthz-status-False]" time="0.052" /><testcase classname="backend.tests.test_health_and_regression.TestHealthEndpoints" name="test_health_endpoint_200[/health-status-True]" time="0.002" /><testcase classname="backend.tests.test_health_and_regression.TestHealthEndpoints" name="test_health_endpoint_200[/healthz-status-True]" time="0.042" /><testcase classname="backend.tests.test_health_and_regression.TestHealthEndpoints" name="test_api_root_alive" time="0.050" /><testcase classname="backend.tests.test_health_and_regression.TestHealthLoad" name="test_50_rapid_sequential_hits" time="2.831" /><testcase classname="backend.tests.test_health_and_regression.TestHealthLoad" name="test_50_concurrent_hits" time="3.516" /><testcase classname="backend.tests.test_health_and_regression.TestSeedUsers" name="test_demo_login[9000000001-demo1234-client]" time="7.761"><failure message="Failed: Demo user 9000000001 (client) not seeded after 5 retries. last=429: {&quot;detail&quot;:&quot;Too many requests. Please wait a bit.&quot;}">E   Failed: Demo user 9000000001 (client) not seeded after 5 retries. last=429: {"detail":"Too many requests. Please wait a bit."}</failure></testcase><testcase classname="backend.tests.test_health_and_regression.TestSeedUsers" name="test_demo_login[9000000002-demo1234-worker]" time="7.787"><failure message="Failed: Demo user 9000000002 (worker) not seeded after 5 retries. last=429: {&quot;detail&quot;:&quot;Too many requests. Please wait a bit.&quot;}">E   Failed: Demo user 9000000002 (worker) not seeded after 5 retries. last=429: {"detail":"Too many requests. Please wait a bit."}</failure></testcase><testcase classname="backend.tests.test_health_and_regression.TestSeedUsers" name="test_demo_login[9000000003-demo1234-contractor]" time="7.762"><failure message="Failed: Demo user 9000000003 (contractor) not seeded after 5 retries. last=429: {&quot;detail&quot;:&quot;Too many requests. Please wait a bit.&quot;}">E   Failed: Demo user 9000000003 (contractor) not seeded after 5 retries. last=429: {"detail":"Too many requests. Please wait a bit."}</failure></testcase><testcase classname="backend.tests.test_health_and_regression.TestSeedUsers" name="test_demo_login[9000000000-admin1234-admin]" time="7.756"><failure message="Failed: Demo user 9000000000 (admin) not seeded after 5 retries. last=429: {&quot;detail&quot;:&quot;Too many requests. Please wait a bit.&quot;}">E   Failed: Demo user 9000000000 (admin) not seeded after 5 retries. last=429: {"detail":"Too many requests. Please wait a bit."}</failure></testcase><testcase classname="backend.tests.test_health_and_regression.TestAuthAndProfile" name="test_login_works" time="0.048"><skipped type="pytest.skip" message="client demo login failed: 429 {&quot;detail&quot;:&quot;Too many requests. Please wait a bit.&quot;}">/app/backend/tests/test_health_and_regression.py:149: client demo login failed: 429 {"detail":"Too many requests. Please wait a bit."}</skipped></testcase><testcase classname="backend.tests.test_health_and_regression.TestAuthAndProfile" name="test_me_endpoint" time="0.000"><skipped type="pytest.skip" message="client demo login failed: 429 {&quot;detail&quot;:&quot;Too many requests. Please wait a bit.&quot;}">/app/backend/tests/test_health_and_regression.py:153: client demo login failed: 429 {"detail":"Too many requests. Please wait a bit."}</skipped></testcase><testcase classname="backend.tests.test_health_and_regression.TestAuthAndProfile" name="test_me_unauthorized" time="0.056" /><testcase classname="backend.tests.test_health_and_regression.TestAuthAndProfile" name="test_password_change_roundtrip" time="0.051"><skipped type="pytest.skip" message="contractor seed login failed: {&quot;detail&quot;:&quot;Too many requests. Please wait a bit.&quot;}">/app/backend/tests/test_health_and_regression.py:168: contractor seed login failed: {"detail":"Too many requests. Please wait a bit."}</skipped></testcase><testcase classname="backend.tests.test_health_and_regression.TestAuthAndProfile" name="test_password_change_wrong_old" time="0.000"><skipped type="pytest.skip" message="client demo login failed: 429 {&quot;detail&quot;:&quot;Too many requests. Please wait a bit.&quot;}">/app/backend/tests/test_health_and_regression.py:196: client demo login failed: 429 {"detail":"Too many requests. Please wait a bit."}</skipped></testcase><testcase classname="backend.tests.test_health_and_regression.TestComplaints" name="test_create_and_get_mine" time="0.000"><skipped type="pytest.skip" message="client demo login failed: 429 {&quot;detail&quot;:&quot;Too many requests. Please wait a bit.&quot;}">/app/backend/tests/test_health_and_regression.py:206: client demo login failed: 429 {"detail":"Too many requests. Please wait a bit."}</skipped></testcase><testcase classname="backend.tests.test_health_and_regression.TestPayroll" name="test_payroll_get" time="0.000"><skipped type="pytest.skip" message="client demo login failed: 429 {&quot;detail&quot;:&quot;Too many requests. Please wait a bit.&quot;}">/app/backend/tests/test_health_and_regression.py:226: client demo login failed: 429 {"detail":"Too many requests. Please wait a bit."}</skipped></testcase><testcase classname="backend.tests.test_health_and_regression.TestPayroll" name="test_payroll_forbidden_for_worker" time="0.049"><skipped type="pytest.skip" message="worker demo login failed: 429 {&quot;detail&quot;:&quot;Too many requests. Please wait a bit.&quot;}">/app/backend/tests/test_health_and_regression.py:236: worker demo login failed: 429 {"detail":"Too many requests. Please wait a bit."}</skipped></testcase><testcase classname="backend.tests.test_password_profile.TestPasswordChange" name="test_no_auth_returns_401_or_403" time="0.189" /><testcase classname="backend.tests.test_password_profile.TestPasswordChange" name="test_invalid_token_returns_401" time="0.052" /><testcase classname="backend.tests.test_password_profile.TestPasswordChange" name="test_missing_old_password_empty_string" time="0.071"><error message="failed on setup with &quot;AssertionError: baseline login failed: 429 {&quot;detail&quot;:&quot;Too many requests. Please wait a bit.&quot;}&#10;assert 429 == 200&#10; +  where 429 = &lt;Response [429]&gt;.status_code&quot;">E   AssertionError: baseline login failed: 429 {"detail":"Too many requests. Please wait a bit."}
    assert 429 == 200
     +  where 429 = &lt;Response [429]&gt;.status_code</error></testcase><testcase classname="backend.tests.test_password_profile.TestPasswordChange" name="test_missing_new_password_empty_string" time="0.000"><error message="failed on setup with &quot;AssertionError: baseline login failed: 429 {&quot;detail&quot;:&quot;Too many requests. Please wait a bit.&quot;}&#10;assert 429 == 200&#10; +  where 429 = &lt;Response [429]&gt;.status_code&quot;">E   AssertionError: baseline login failed: 429 {"detail":"Too many requests. Please wait a bit."}
    assert 429 == 200
     +  where 429 = &lt;Response [429]&gt;.status_code</error></testcase><testcase classname="backend.tests.test_password_profile.TestPasswordChange" name="test_missing_field_returns_422" time="0.000"><error message="failed on setup with &quot;AssertionError: baseline login failed: 429 {&quot;detail&quot;:&quot;Too many requests. Please wait a bit.&quot;}&#10;assert 429 == 200&#10; +  where 429 = &lt;Response [429]&gt;.status_code&quot;">E   AssertionError: baseline login failed: 429 {"detail":"Too many requests. Please wait a bit."}
    assert 429 == 200
     +  where 429 = &lt;Response [429]&gt;.status_code</error></testcase><testcase classname="backend.tests.test_password_profile.TestPasswordChange" name="test_new_password_too_short" time="0.000"><error message="failed on setup with &quot;AssertionError: baseline login failed: 429 {&quot;detail&quot;:&quot;Too many requests. Please wait a bit.&quot;}&#10;assert 429 == 200&#10; +  where 429 = &lt;Response [429]&gt;.status_code&quot;">E   AssertionError: baseline login failed: 429 {"detail":"Too many requests. Please wait a bit."}
    assert 429 == 200
     +  where 429 = &lt;Response [429]&gt;.status_code</error></testcase><testcase classname="backend.tests.test_password_profile.TestPasswordChange" name="test_wrong_old_password" time="0.000"><error message="failed on setup with &quot;AssertionError: baseline login failed: 429 {&quot;detail&quot;:&quot;Too many requests. Please wait a bit.&quot;}&#10;assert 429 == 200&#10; +  where 429 = &lt;Response [429]&gt;.status_code&quot;">E   AssertionError: baseline login failed: 429 {"detail":"Too many requests. Please wait a bit."}
    assert 429 == 200
     +  where 429 = &lt;Response [429]&gt;.status_code</error></testcase><testcase classname="backend.tests.test_password_profile.TestPasswordChange" name="test_change_success" time="0.000"><error message="failed on setup with &quot;AssertionError: baseline login failed: 429 {&quot;detail&quot;:&quot;Too many requests. Please wait a bit.&quot;}&#10;assert 429 == 200&#10; +  where 429 = &lt;Response [429]&gt;.status_code&quot;">E   AssertionError: baseline login failed: 429 {"detail":"Too many requests. Please wait a bit."}
    assert 429 == 200
     +  where 429 = &lt;Response [429]&gt;.status_code</error></testcase><testcase classname="backend.tests.test_password_profile.TestPasswordChange" name="test_password_updated_at_set_on_user" time="0.000"><error message="failed on setup with &quot;AssertionError: baseline login failed: 429 {&quot;detail&quot;:&quot;Too many requests. Please wait a bit.&quot;}&#10;assert 429 == 200&#10; +  where 429 = &lt;Response [429]&gt;.status_code&quot;">E   AssertionError: baseline login failed: 429 {"detail":"Too many requests. Please wait a bit."}
    assert 429 == 200
     +  where 429 = &lt;Response [429]&gt;.status_code</error></testcase><testcase classname="backend.tests.test_password_profile.TestPasswordChange" name="test_old_password_rejected_after_change" time="0.081"><failure message="assert 429 == 401&#10; +  where 429 = &lt;Response [429]&gt;.status_code">E   assert 429 == 401
     +  where 429 = &lt;Response [429]&gt;.status_code</failure></testcase><testcase classname="backend.tests.test_password_profile.TestPasswordChange" name="test_login_with_new_password_works" time="0.064"><failure message="AssertionError: {&quot;detail&quot;:&quot;Too many requests. Please wait a bit.&quot;}&#10;assert 429 == 200&#10; +  where 429 = &lt;Response [429]&gt;.status_code">E   AssertionError: {"detail":"Too many requests. Please wait a bit."}
    assert 429 == 200
     +  where 429 = &lt;Response [429]&gt;.status_code</failure></testcase><testcase classname="backend.tests.test_password_profile.TestPasswordChange" name="test_revert_password_to_demo" time="0.062"><failure message="AssertionError: must be able to login with new pw to revert&#10;assert 429 == 200&#10; +  where 429 = &lt;Response [429]&gt;.status_code">E   AssertionError: must be able to login with new pw to revert
    assert 429 == 200
     +  where 429 = &lt;Response [429]&gt;.status_code</failure></testcase><testcase classname="backend.tests.test_password_profile.TestProfilePhoto" name="test_set_photo_persists" time="0.069"><error message="failed on setup with &quot;AssertionError: {&quot;detail&quot;:&quot;Too many requests. Please wait a bit.&quot;}&#10;assert 429 == 200&#10; +  where 429 = &lt;Response [429]&gt;.status_code&quot;">E   AssertionError: {"detail":"Too many requests. Please wait a bit."}
    assert 429 == 200
     +  where 429 = &lt;Response [429]&gt;.status_code</error></testcase><testcase classname="backend.tests.test_password_profile.TestProfilePhoto" name="test_clear_photo_with_empty_string" time="0.000"><error message="failed on setup with &quot;AssertionError: {&quot;detail&quot;:&quot;Too many requests. Please wait a bit.&quot;}&#10;assert 429 == 200&#10; +  where 429 = &lt;Response [429]&gt;.status_code&quot;">E   AssertionError: {"detail":"Too many requests. Please wait a bit."}
    assert 429 == 200
     +  where 429 = &lt;Response [429]&gt;.status_code</error></testcase><testcase classname="backend.tests.test_password_profile.TestProfilePhoto" name="test_other_fields_regression" time="0.000"><error message="failed on setup with &quot;AssertionError: {&quot;detail&quot;:&quot;Too many requests. Please wait a bit.&quot;}&#10;assert 429 == 200&#10; +  where 429 = &lt;Response [429]&gt;.status_code&quot;">E   AssertionError: {"detail":"Too many requests. Please wait a bit."}
    assert 429 == 200
     +  where 429 = &lt;Response [429]&gt;.status_code</error></testcase><testcase classname="backend.tests.test_password_profile.TestProfilePhoto" name="test_partial_update_does_not_wipe_fields" time="0.000"><error message="failed on setup with &quot;AssertionError: {&quot;detail&quot;:&quot;Too many requests. Please wait a bit.&quot;}&#10;assert 429 == 200&#10; +  where 429 = &lt;Response [429]&gt;.status_code&quot;">E   AssertionError: {"detail":"Too many requests. Please wait a bit."}
    assert 429 == 200
     +  where 429 = &lt;Response [429]&gt;.status_code</error></testcase><testcase classname="backend.tests.test_password_profile.TestProfilePhoto" name="test_put_me_no_auth" time="0.067" /><testcase classname="backend.tests.test_password_profile.TestExistingEndpoints" name="test_login_still_works" time="0.071"><failure message="assert 429 == 200&#10; +  where 429 = &lt;Response [429]&gt;.status_code">E   assert 429 == 200
     +  where 429 = &lt;Response [429]&gt;.status_code</failure></testcase><testcase classname="backend.tests.test_password_profile.TestExistingEndpoints" name="test_login_other_roles" time="0.067"><failure message="AssertionError: 9000000001 login failed: {&quot;detail&quot;:&quot;Too many requests. Please wait a bit.&quot;}&#10;assert 429 == 200&#10; +  where 429 = &lt;Response [429]&gt;.status_code">E   AssertionError: 9000000001 login failed: {"detail":"Too many requests. Please wait a bit."}
    assert 429 == 200
     +  where 429 = &lt;Response [429]&gt;.status_code</failure></testcase><testcase classname="backend.tests.test_password_profile.TestExistingEndpoints" name="test_get_me_returns_full_user" time="0.061"><failure message="KeyError: 'token'">E   KeyError: 'token'</failure></testcase><testcase classname="backend.tests.test_password_profile.TestExistingEndpoints" name="test_put_me_full_profile_body" time="0.052"><failure message="KeyError: 'token'">E   KeyError: 'token'</failure></testcase><testcase classname="backend.tests.test_phase1_audit.TestRegression" name="test_me" time="0.097"><error message="failed on setup with &quot;AssertionError: login 9000000001 failed: 429 {&quot;detail&quot;:&quot;Too many requests. Please wait a bit.&quot;}&#10;assert 429 == 200&#10; +  where 429 = &lt;Response [429]&gt;.status_code&quot;">E   AssertionError: login 9000000001 failed: 429 {"detail":"Too many requests. Please wait a bit."}
    assert 429 == 200
     +  where 429 = &lt;Response [429]&gt;.status_code</error></testcase><testcase classname="backend.tests.test_phase1_audit.TestRegression" name="test_jobs_list" time="0.047" /><testcase classname="backend.tests.test_phase1_audit.TestRegression" name="test_complaints_list" time="0.000"><error message="failed on setup with &quot;AssertionError: login 9000000001 failed: 429 {&quot;detail&quot;:&quot;Too many requests. Please wait a bit.&quot;}&#10;assert 429 == 200&#10; +  where 429 = &lt;Response [429]&gt;.status_code&quot;">E   AssertionError: login 9000000001 failed: 429 {"detail":"Too many requests. Please wait a bit."}
    assert 429 == 200
     +  where 429 = &lt;Response [429]&gt;.status_code</error></testcase><testcase classname="backend.tests.test_phase1_audit.TestRegression" name="test_erp_bills" time="0.042"><error message="failed on setup with &quot;AssertionError: login 9000000003 failed: 429 {&quot;detail&quot;:&quot;Too many requests. Please wait a bit.&quot;}&#10;assert 429 == 200&#10; +  where 429 = &lt;Response [429]&gt;.status_code&quot;">E   AssertionError: login 9000000003 failed: 429 {"detail":"Too many requests. Please wait a bit."}
    assert 429 == 200
     +  where 429 = &lt;Response [429]&gt;.status_code</error></testcase><testcase classname="backend.tests.test_phase1_audit.TestRegression" name="test_chat_threads" time="0.044"><error message="failed on setup with &quot;AssertionError: login 9000000002 failed: 429 {&quot;detail&quot;:&quot;Too many requests. Please wait a bit.&quot;}&#10;assert 429 == 200&#10; +  where 429 = &lt;Response [429]&gt;.status_code&quot;">E   AssertionError: login 9000000002 failed: 429 {"detail":"Too many requests. Please wait a bit."}
    assert 429 == 200
     +  where 429 = &lt;Response [429]&gt;.status_code</error></testcase><testcase classname="backend.tests.test_phase1_audit.TestE2EFlow" name="test_01_client_posts_job" time="0.000"><error message="failed on setup with &quot;AssertionError: login 9000000001 failed: 429 {&quot;detail&quot;:&quot;Too many requests. Please wait a bit.&quot;}&#10;assert 429 == 200&#10; +  where 429 = &lt;Response [429]&gt;.status_code&quot;">E   AssertionError: login 9000000001 failed: 429 {"detail":"Too many requests. Please wait a bit."}
    assert 429 == 200
     +  where 429 = &lt;Response [429]&gt;.status_code</error></testcase><testcase classname="backend.tests.test_phase1_audit.TestE2EFlow" name="test_02_worker_applies" time="0.000"><error message="failed on setup with &quot;AssertionError: login 9000000002 failed: 429 {&quot;detail&quot;:&quot;Too many requests. Please wait a bit.&quot;}&#10;assert 429 == 200&#10; +  where 429 = &lt;Response [429]&gt;.status_code&quot;">E   AssertionError: login 9000000002 failed: 429 {"detail":"Too many requests. Please wait a bit."}
    assert 429 == 200
     +  where 429 = &lt;Response [429]&gt;.status_code</error></testcase><testcase classname="backend.tests.test_phase1_audit.TestE2EFlow" name="test_03_client_lists_applicants" time="0.000"><error message="failed on setup with &quot;AssertionError: login 9000000001 failed: 429 {&quot;detail&quot;:&quot;Too many requests. Please wait a bit.&quot;}&#10;assert 429 == 200&#10; +  where 429 = &lt;Response [429]&gt;.status_code&quot;">E   AssertionError: login 9000000001 failed: 429 {"detail":"Too many requests. Please wait a bit."}
    assert 429 == 200
     +  where 429 = &lt;Response [429]&gt;.status_code</error></testcase><testcase classname="backend.tests.test_phase1_audit.TestE2EFlow" name="test_04_accept_status_forbidden_for_other_user" time="0.000"><error message="failed on setup with &quot;AssertionError: login 9000000002 failed: 429 {&quot;detail&quot;:&quot;Too many requests. Please wait a bit.&quot;}&#10;assert 429 == 200&#10; +  where 429 = &lt;Response [429]&gt;.status_code&quot;">E   AssertionError: login 9000000002 failed: 429 {"detail":"Too many requests. Please wait a bit."}
    assert 429 == 200
     +  where 429 = &lt;Response [429]&gt;.status_code</error></testcase><testcase classname="backend.tests.test_phase1_audit.TestE2EFlow" name="test_05_accept_status_invalid_value" time="0.000"><error message="failed on setup with &quot;AssertionError: login 9000000001 failed: 429 {&quot;detail&quot;:&quot;Too many requests. Please wait a bit.&quot;}&#10;assert 429 == 200&#10; +  where 429 = &lt;Response [429]&gt;.status_code&quot;">E   AssertionError: login 9000000001 failed: 429 {"detail":"Too many requests. Please wait a bit."}
    assert 429 == 200
     +  where 429 = &lt;Response [429]&gt;.status_code</error></testcase><testcase classname="backend.tests.test_phase1_audit.TestE2EFlow" name="test_06_client_accepts_applicant" time="0.000"><error message="failed on setup with &quot;AssertionError: login 9000000001 failed: 429 {&quot;detail&quot;:&quot;Too many requests. Please wait a bit.&quot;}&#10;assert 429 == 200&#10; +  where 429 = &lt;Response [429]&gt;.status_code&quot;">E   AssertionError: login 9000000001 failed: 429 {"detail":"Too many requests. Please wait a bit."}
    assert 429 == 200
     +  where 429 = &lt;Response [429]&gt;.status_code</error></testcase><testcase classname="backend.tests.test_phase1_audit.TestE2EFlow" name="test_07_job_transitioned_to_in_progress" time="0.000"><failure message="KeyError: 'job_id'">E   KeyError: 'job_id'</failure></testcase><testcase classname="backend.tests.test_phase1_audit.TestE2EFlow" name="test_08_worker_hired_jobs_includes" time="0.000"><error message="failed on setup with &quot;AssertionError: login 9000000002 failed: 429 {&quot;detail&quot;:&quot;Too many requests. Please wait a bit.&quot;}&#10;assert 429 == 200&#10; +  where 429 = &lt;Response [429]&gt;.status_code&quot;">E   AssertionError: login 9000000002 failed: 429 {"detail":"Too many requests. Please wait a bit."}
    assert 429 == 200
     +  where 429 = &lt;Response [429]&gt;.status_code</error></testcase><testcase classname="backend.tests.test_phase1_audit.TestE2EFlow" name="test_09_hired_empty_for_non_workers" time="0.000"><error message="failed on setup with &quot;AssertionError: login 9000000001 failed: 429 {&quot;detail&quot;:&quot;Too many requests. Please wait a bit.&quot;}&#10;assert 429 == 200&#10; +  where 429 = &lt;Response [429]&gt;.status_code&quot;">E   AssertionError: login 9000000001 failed: 429 {"detail":"Too many requests. Please wait a bit."}
    assert 429 == 200
     +  where 429 = &lt;Response [429]&gt;.status_code</error></testcase><testcase classname="backend.tests.test_phase1_audit.TestE2EFlow" name="test_10_worker_public_profile" time="0.000"><error message="failed on setup with &quot;AssertionError: login 9000000001 failed: 429 {&quot;detail&quot;:&quot;Too many requests. Please wait a bit.&quot;}&#10;assert 429 == 200&#10; +  where 429 = &lt;Response [429]&gt;.status_code&quot;">E   AssertionError: login 9000000001 failed: 429 {"detail":"Too many requests. Please wait a bit."}
    assert 429 == 200
     +  where 429 = &lt;Response [429]&gt;.status_code</error></testcase><testcase classname="backend.tests.test_phase1_audit.TestE2EFlow" name="test_11_worker_profile_404" time="0.000"><error message="failed on setup with &quot;AssertionError: login 9000000001 failed: 429 {&quot;detail&quot;:&quot;Too many requests. Please wait a bit.&quot;}&#10;assert 429 == 200&#10; +  where 429 = &lt;Response [429]&gt;.status_code&quot;">E   AssertionError: login 9000000001 failed: 429 {"detail":"Too many requests. Please wait a bit."}
    assert 429 == 200
     +  where 429 = &lt;Response [429]&gt;.status_code</error></testcase><testcase classname="backend.tests.test_phase1_audit.TestE2EFlow" name="test_12_worker_checks_in" time="0.000"><error message="failed on setup with &quot;AssertionError: login 9000000002 failed: 429 {&quot;detail&quot;:&quot;Too many requests. Please wait a bit.&quot;}&#10;assert 429 == 200&#10; +  where 429 = &lt;Response [429]&gt;.status_code&quot;">E   AssertionError: login 9000000002 failed: 429 {"detail":"Too many requests. Please wait a bit."}
    assert 429 == 200
     +  where 429 = &lt;Response [429]&gt;.status_code</error></testcase><testcase classname="backend.tests.test_phase1_audit.TestE2EFlow" name="test_13_client_sees_my_workers_attendance" time="0.000"><error message="failed on setup with &quot;AssertionError: login 9000000001 failed: 429 {&quot;detail&quot;:&quot;Too many requests. Please wait a bit.&quot;}&#10;assert 429 == 200&#10; +  where 429 = &lt;Response [429]&gt;.status_code&quot;">E   AssertionError: login 9000000001 failed: 429 {"detail":"Too many requests. Please wait a bit."}
    assert 429 == 200
     +  where 429 = &lt;Response [429]&gt;.status_code</error></testcase><testcase classname="backend.tests.test_phase1_audit.TestE2EFlow" name="test_14_worker_forbidden_from_my_workers" time="0.000"><error message="failed on setup with &quot;AssertionError: login 9000000002 failed: 429 {&quot;detail&quot;:&quot;Too many requests. Please wait a bit.&quot;}&#10;assert 429 == 200&#10; +  where 429 = &lt;Response [429]&gt;.status_code&quot;">E   AssertionError: login 9000000002 failed: 429 {"detail":"Too many requests. Please wait a bit."}
    assert 429 == 200
     +  where 429 = &lt;Response [429]&gt;.status_code</error></testcase><testcase classname="backend.tests.test_phase1_audit.TestE2EFlow" name="test_15_payroll_shows_current_worker" time="0.000"><error message="failed on setup with &quot;AssertionError: login 9000000001 failed: 429 {&quot;detail&quot;:&quot;Too many requests. Please wait a bit.&quot;}&#10;assert 429 == 200&#10; +  where 429 = &lt;Response [429]&gt;.status_code&quot;">E   AssertionError: login 9000000001 failed: 429 {"detail":"Too many requests. Please wait a bit."}
    assert 429 == 200
     +  where 429 = &lt;Response [429]&gt;.status_code</error></testcase><testcase classname="backend.tests.test_phase1_audit.TestE2EFlow" name="test_16_payroll_forbidden_for_worker" time="0.000"><error message="failed on setup with &quot;AssertionError: login 9000000002 failed: 429 {&quot;detail&quot;:&quot;Too many requests. Please wait a bit.&quot;}&#10;assert 429 == 200&#10; +  where 429 = &lt;Response [429]&gt;.status_code&quot;">E   AssertionError: login 9000000002 failed: 429 {"detail":"Too many requests. Please wait a bit."}
    assert 429 == 200
     +  where 429 = &lt;Response [429]&gt;.status_code</error></testcase><testcase classname="backend.tests.test_phase1_audit.TestE2EFlow" name="test_17_payroll_isolation_contractor_sees_own_only" time="0.000"><error message="failed on setup with &quot;AssertionError: login 9000000003 failed: 429 {&quot;detail&quot;:&quot;Too many requests. Please wait a bit.&quot;}&#10;assert 429 == 200&#10; +  where 429 = &lt;Response [429]&gt;.status_code&quot;">E   AssertionError: login 9000000003 failed: 429 {"detail":"Too many requests. Please wait a bit."}
    assert 429 == 200
     +  where 429 = &lt;Response [429]&gt;.status_code</error></testcase><testcase classname="backend.tests.test_phase1_audit.TestE2EFlow" name="test_18_job_status_invalid" time="0.000"><error message="failed on setup with &quot;AssertionError: login 9000000001 failed: 429 {&quot;detail&quot;:&quot;Too many requests. Please wait a bit.&quot;}&#10;assert 429 == 200&#10; +  where 429 = &lt;Response [429]&gt;.status_code&quot;">E   AssertionError: login 9000000001 failed: 429 {"detail":"Too many requests. Please wait a bit."}
    assert 429 == 200
     +  where 429 = &lt;Response [429]&gt;.status_code</error></testcase><testcase classname="backend.tests.test_phase1_audit.TestE2EFlow" name="test_19_job_status_forbidden_for_non_poster" time="0.000"><error message="failed on setup with &quot;AssertionError: login 9000000002 failed: 429 {&quot;detail&quot;:&quot;Too many requests. Please wait a bit.&quot;}&#10;assert 429 == 200&#10; +  where 429 = &lt;Response [429]&gt;.status_code&quot;">E   AssertionError: login 9000000002 failed: 429 {"detail":"Too many requests. Please wait a bit."}
    assert 429 == 200
     +  where 429 = &lt;Response [429]&gt;.status_code</error></testcase><testcase classname="backend.tests.test_phase1_audit.TestE2EFlow" name="test_20_client_completes_job" time="0.000"><error message="failed on setup with &quot;AssertionError: login 9000000001 failed: 429 {&quot;detail&quot;:&quot;Too many requests. Please wait a bit.&quot;}&#10;assert 429 == 200&#10; +  where 429 = &lt;Response [429]&gt;.status_code&quot;">E   AssertionError: login 9000000001 failed: 429 {"detail":"Too many requests. Please wait a bit."}
    assert 429 == 200
     +  where 429 = &lt;Response [429]&gt;.status_code</error></testcase><testcase classname="backend.tests.test_phase1_audit.TestE2EFlow" name="test_21_hired_excludes_completed" time="0.000"><error message="failed on setup with &quot;AssertionError: login 9000000002 failed: 429 {&quot;detail&quot;:&quot;Too many requests. Please wait a bit.&quot;}&#10;assert 429 == 200&#10; +  where 429 = &lt;Response [429]&gt;.status_code&quot;">E   AssertionError: login 9000000002 failed: 429 {"detail":"Too many requests. Please wait a bit."}
    assert 429 == 200
     +  where 429 = &lt;Response [429]&gt;.status_code</error></testcase><testcase classname="backend.tests.test_phase1_audit.TestWalletWithdraw" name="test_invalid_amount" time="0.000"><error message="failed on setup with &quot;AssertionError: login 9000000002 failed: 429 {&quot;detail&quot;:&quot;Too many requests. Please wait a bit.&quot;}&#10;assert 429 == 200&#10; +  where 429 = &lt;Response [429]&gt;.status_code&quot;">E   AssertionError: login 9000000002 failed: 429 {"detail":"Too many requests. Please wait a bit."}
    assert 429 == 200
     +  where 429 = &lt;Response [429]&gt;.status_code</error></testcase><testcase classname="backend.tests.test_phase1_audit.TestWalletWithdraw" name="test_invalid_upi" time="0.000"><error message="failed on setup with &quot;AssertionError: login 9000000002 failed: 429 {&quot;detail&quot;:&quot;Too many requests. Please wait a bit.&quot;}&#10;assert 429 == 200&#10; +  where 429 = &lt;Response [429]&gt;.status_code&quot;">E   AssertionError: login 9000000002 failed: 429 {"detail":"Too many requests. Please wait a bit."}
    assert 429 == 200
     +  where 429 = &lt;Response [429]&gt;.status_code</error></testcase><testcase classname="backend.tests.test_phase1_audit.TestWalletWithdraw" name="test_insufficient_balance" time="0.000"><error message="failed on setup with &quot;AssertionError: login 9000000002 failed: 429 {&quot;detail&quot;:&quot;Too many requests. Please wait a bit.&quot;}&#10;assert 429 == 200&#10; +  where 429 = &lt;Response [429]&gt;.status_code&quot;">E   AssertionError: login 9000000002 failed: 429 {"detail":"Too many requests. Please wait a bit."}
    assert 429 == 200
     +  where 429 = &lt;Response [429]&gt;.status_code</error></testcase><testcase classname="backend.tests.test_phase1_audit.TestWalletWithdraw" name="test_success_withdrawal" time="0.000"><error message="failed on setup with &quot;AssertionError: login 9000000002 failed: 429 {&quot;detail&quot;:&quot;Too many requests. Please wait a bit.&quot;}&#10;assert 429 == 200&#10; +  where 429 = &lt;Response [429]&gt;.status_code&quot;">E   AssertionError: login 9000000002 failed: 429 {"detail":"Too many requests. Please wait a bit."}
    assert 429 == 200
     +  where 429 = &lt;Response [429]&gt;.status_code</error></testcase><testcase classname="backend.tests.test_phase2_features.TestSmokeRegression" name="test_health" time="0.101" /><testcase classname="backend.tests.test_phase2_features.TestSmokeRegression" name="test_login_all_roles" time="0.102"><error message="failed on setup with &quot;AssertionError: login failed for 9000000001: 429 {&quot;detail&quot;:&quot;Too many requests. Please wait a bit.&quot;}&#10;assert 429 == 200&#10; +  where 429 = &lt;Response [429]&gt;.status_code&quot;">E   AssertionError: login failed for 9000000001: 429 {"detail":"Too many requests. Please wait a bit."}
    assert 429 == 200
     +  where 429 = &lt;Response [429]&gt;.status_code</error></testcase><testcase classname="backend.tests.test_phase2_features.TestSmokeRegression" name="test_me" time="0.000"><error message="failed on setup with &quot;AssertionError: login failed for 9000000001: 429 {&quot;detail&quot;:&quot;Too many requests. Please wait a bit.&quot;}&#10;assert 429 == 200&#10; +  where 429 = &lt;Response [429]&gt;.status_code&quot;">E   AssertionError: login failed for 9000000001: 429 {"detail":"Too many requests. Please wait a bit."}
    assert 429 == 200
     +  where 429 = &lt;Response [429]&gt;.status_code</error></testcase><testcase classname="backend.tests.test_phase2_features.TestSmokeRegression" name="test_jobs_list" time="0.104" /><testcase classname="backend.tests.test_phase2_features.TestSmokeRegression" name="test_complaints_mine" time="0.000"><error message="failed on setup with &quot;AssertionError: login failed for 9000000001: 429 {&quot;detail&quot;:&quot;Too many requests. Please wait a bit.&quot;}&#10;assert 429 == 200&#10; +  where 429 = &lt;Response [429]&gt;.status_code&quot;">E   AssertionError: login failed for 9000000001: 429 {"detail":"Too many requests. Please wait a bit."}
    assert 429 == 200
     +  where 429 = &lt;Response [429]&gt;.status_code</error></testcase><testcase classname="backend.tests.test_phase2_features.TestSmokeRegression" name="test_erp_bills" time="0.000"><error message="failed on setup with &quot;AssertionError: login failed for 9000000001: 429 {&quot;detail&quot;:&quot;Too many requests. Please wait a bit.&quot;}&#10;assert 429 == 200&#10; +  where 429 = &lt;Response [429]&gt;.status_code&quot;">E   AssertionError: login failed for 9000000001: 429 {"detail":"Too many requests. Please wait a bit."}
    assert 429 == 200
     +  where 429 = &lt;Response [429]&gt;.status_code</error></testcase><testcase classname="backend.tests.test_phase2_features.TestSmokeRegression" name="test_attendance_mine" time="0.000"><error message="failed on setup with &quot;AssertionError: login failed for 9000000001: 429 {&quot;detail&quot;:&quot;Too many requests. Please wait a bit.&quot;}&#10;assert 429 == 200&#10; +  where 429 = &lt;Response [429]&gt;.status_code&quot;">E   AssertionError: login failed for 9000000001: 429 {"detail":"Too many requests. Please wait a bit."}
    assert 429 == 200
     +  where 429 = &lt;Response [429]&gt;.status_code</error></testcase><testcase classname="backend.tests.test_phase2_features.TestSmokeRegression" name="test_payroll" time="0.000"><error message="failed on setup with &quot;AssertionError: login failed for 9000000001: 429 {&quot;detail&quot;:&quot;Too many requests. Please wait a bit.&quot;}&#10;assert 429 == 200&#10; +  where 429 = &lt;Response [429]&gt;.status_code&quot;">E   AssertionError: login failed for 9000000001: 429 {"detail":"Too many requests. Please wait a bit."}
    assert 429 == 200
     +  where 429 = &lt;Response [429]&gt;.status_code</error></testcase><testcase classname="backend.tests.test_phase2_features.TestForgotPassword" name="test_forgot_invalid_mobile" time="0.098" /><testcase classname="backend.tests.test_phase2_features.TestForgotPassword" name="test_forgot_nonexistent_user_still_ok" time="0.107" /><testcase classname="backend.tests.test_phase2_features.TestForgotPassword" name="test_forgot_existing_user_returns_dev_code" time="0.097" /><testcase classname="backend.tests.test_phase2_features.TestForgotPassword" name="test_reset_short_password_400" time="0.096" /><testcase classname="backend.tests.test_phase2_features.TestForgotPassword" name="test_reset_invalid_otp_401" time="0.205" /><testcase classname="backend.tests.test_phase2_features.TestForgotPassword" name="test_reset_flow_success_and_login_works" time="0.743" /><testcase classname="backend.tests.test_phase2_features.TestJobsSearch" name="test_requires_auth" time="0.121" /><testcase classname="backend.tests.test_phase2_features.TestJobsSearch" name="test_search_defaults" time="0.000"><error message="failed on setup with &quot;AssertionError: login failed for 9000000001: 429 {&quot;detail&quot;:&quot;Too many requests. Please wait a bit.&quot;}&#10;assert 429 == 200&#10; +  where 429 = &lt;Response [429]&gt;.status_code&quot;">E   AssertionError: login failed for 9000000001: 429 {"detail":"Too many requests. Please wait a bit."}
    assert 429 == 200
     +  where 429 = &lt;Response [429]&gt;.status_code</error></testcase><testcase classname="backend.tests.test_phase2_features.TestJobsSearch" name="test_search_with_filters" time="0.000"><error message="failed on setup with &quot;AssertionError: login failed for 9000000001: 429 {&quot;detail&quot;:&quot;Too many requests. Please wait a bit.&quot;}&#10;assert 429 == 200&#10; +  where 429 = &lt;Response [429]&gt;.status_code&quot;">E   AssertionError: login failed for 9000000001: 429 {"detail":"Too many requests. Please wait a bit."}
    assert 429 == 200
     +  where 429 = &lt;Response [429]&gt;.status_code</error></testcase><testcase classname="backend.tests.test_phase2_features.TestEscrow" name="test_deposit_only_client_contractor" time="0.000"><error message="failed on setup with &quot;AssertionError: login failed for 9000000001: 429 {&quot;detail&quot;:&quot;Too many requests. Please wait a bit.&quot;}&#10;assert 429 == 200&#10; +  where 429 = &lt;Response [429]&gt;.status_code&quot;">E   AssertionError: login failed for 9000000001: 429 {"detail":"Too many requests. Please wait a bit."}
    assert 429 == 200
     +  where 429 = &lt;Response [429]&gt;.status_code</error></testcase><testcase classname="backend.tests.test_phase2_features.TestEscrow" name="test_deposit_invalid_amount" time="0.000"><error message="failed on setup with &quot;AssertionError: login failed for 9000000001: 429 {&quot;detail&quot;:&quot;Too many requests. Please wait a bit.&quot;}&#10;assert 429 == 200&#10; +  where 429 = &lt;Response [429]&gt;.status_code&quot;">E   AssertionError: login failed for 9000000001: 429 {"detail":"Too many requests. Please wait a bit."}
    assert 429 == 200
     +  where 429 = &lt;Response [429]&gt;.status_code</error></testcase><testcase classname="backend.tests.test_phase2_features.TestEscrow" name="test_deposit_not_your_job" time="0.000"><error message="failed on setup with &quot;AssertionError: login failed for 9000000001: 429 {&quot;detail&quot;:&quot;Too many requests. Please wait a bit.&quot;}&#10;assert 429 == 200&#10; +  where 429 = &lt;Response [429]&gt;.status_code&quot;">E   AssertionError: login failed for 9000000001: 429 {"detail":"Too many requests. Please wait a bit."}
    assert 429 == 200
     +  where 429 = &lt;Response [429]&gt;.status_code</error></testcase><testcase classname="backend.tests.test_phase2_features.TestEscrow" name="test_deposit_success_5000" time="0.000"><error message="failed on setup with &quot;AssertionError: login failed for 9000000001: 429 {&quot;detail&quot;:&quot;Too many requests. Please wait a bit.&quot;}&#10;assert 429 == 200&#10; +  where 429 = &lt;Response [429]&gt;.status_code&quot;">E   AssertionError: login failed for 9000000001: 429 {"detail":"Too many requests. Please wait a bit."}
    assert 429 == 200
     +  where 429 = &lt;Response [429]&gt;.status_code</error></testcase><testcase classname="backend.tests.test_phase2_features.TestEscrow" name="test_escrow_mine_shows_deposit" time="0.000"><error message="failed on setup with &quot;AssertionError: login failed for 9000000001: 429 {&quot;detail&quot;:&quot;Too many requests. Please wait a bit.&quot;}&#10;assert 429 == 200&#10; +  where 429 = &lt;Response [429]&gt;.status_code&quot;">E   AssertionError: login failed for 9000000001: 429 {"detail":"Too many requests. Please wait a bit."}
    assert 429 == 200
     +  where 429 = &lt;Response [429]&gt;.status_code</error></testcase><testcase classname="backend.tests.test_phase2_features.TestEscrow" name="test_release_amount_gt_balance_fails" time="0.000"><error message="failed on setup with &quot;AssertionError: login failed for 9000000001: 429 {&quot;detail&quot;:&quot;Too many requests. Please wait a bit.&quot;}&#10;assert 429 == 200&#10; +  where 429 = &lt;Response [429]&gt;.status_code&quot;">E   AssertionError: login failed for 9000000001: 429 {"detail":"Too many requests. Please wait a bit."}
    assert 429 == 200
     +  where 429 = &lt;Response [429]&gt;.status_code</error></testcase><testcase classname="backend.tests.test_phase2_features.TestEscrow" name="test_release_partial_1000_and_wallet_credit" time="0.000"><error message="failed on setup with &quot;AssertionError: login failed for 9000000001: 429 {&quot;detail&quot;:&quot;Too many requests. Please wait a bit.&quot;}&#10;assert 429 == 200&#10; +  where 429 = &lt;Response [429]&gt;.status_code&quot;">E   AssertionError: login failed for 9000000001: 429 {"detail":"Too many requests. Please wait a bit."}
    assert 429 == 200
     +  where 429 = &lt;Response [429]&gt;.status_code</error></testcase><testcase classname="backend.tests.test_phase2_features.TestEscrow" name="test_release_by_non_owner_forbidden" time="0.000"><error message="failed on setup with &quot;AssertionError: login failed for 9000000001: 429 {&quot;detail&quot;:&quot;Too many requests. Please wait a bit.&quot;}&#10;assert 429 == 200&#10; +  where 429 = &lt;Response [429]&gt;.status_code&quot;">E   AssertionError: login failed for 9000000001: 429 {"detail":"Too many requests. Please wait a bit."}
    assert 429 == 200
     +  where 429 = &lt;Response [429]&gt;.status_code</error></testcase><testcase classname="backend.tests.test_phase2_features.TestEscrow" name="test_refund_held_ok" time="0.000"><error message="failed on setup with &quot;AssertionError: login failed for 9000000001: 429 {&quot;detail&quot;:&quot;Too many requests. Please wait a bit.&quot;}&#10;assert 429 == 200&#10; +  where 429 = &lt;Response [429]&gt;.status_code&quot;">E   AssertionError: login failed for 9000000001: 429 {"detail":"Too many requests. Please wait a bit."}
    assert 429 == 200
     +  where 429 = &lt;Response [429]&gt;.status_code</error></testcase><testcase classname="backend.tests.test_phase2_features.TestE2EJobFlow" name="test_worker_apply" time="0.000"><error message="failed on setup with &quot;AssertionError: login failed for 9000000001: 429 {&quot;detail&quot;:&quot;Too many requests. Please wait a bit.&quot;}&#10;assert 429 == 200&#10; +  where 429 = &lt;Response [429]&gt;.status_code&quot;">E   AssertionError: login failed for 9000000001: 429 {"detail":"Too many requests. Please wait a bit."}
    assert 429 == 200
     +  where 429 = &lt;Response [429]&gt;.status_code</error></testcase><testcase classname="backend.tests.test_phase2_features.TestE2EJobFlow" name="test_client_accept_worker" time="0.000"><error message="failed on setup with &quot;AssertionError: login failed for 9000000001: 429 {&quot;detail&quot;:&quot;Too many requests. Please wait a bit.&quot;}&#10;assert 429 == 200&#10; +  where 429 = &lt;Response [429]&gt;.status_code&quot;">E   AssertionError: login failed for 9000000001: 429 {"detail":"Too many requests. Please wait a bit."}
    assert 429 == 200
     +  where 429 = &lt;Response [429]&gt;.status_code</error></testcase><testcase classname="backend.tests.test_phase2_features.TestE2EJobFlow" name="test_worker_checkin_within_geofence" time="0.000"><error message="failed on setup with &quot;AssertionError: login failed for 9000000001: 429 {&quot;detail&quot;:&quot;Too many requests. Please wait a bit.&quot;}&#10;assert 429 == 200&#10; +  where 429 = &lt;Response [429]&gt;.status_code&quot;">E   AssertionError: login failed for 9000000001: 429 {"detail":"Too many requests. Please wait a bit."}
    assert 429 == 200
     +  where 429 = &lt;Response [429]&gt;.status_code</error></testcase><testcase classname="backend.tests.test_phase2_features.TestRatings" name="test_public_user_ratings" time="0.000"><error message="failed on setup with &quot;AssertionError: login failed for 9000000001: 429 {&quot;detail&quot;:&quot;Too many requests. Please wait a bit.&quot;}&#10;assert 429 == 200&#10; +  where 429 = &lt;Response [429]&gt;.status_code&quot;">E   AssertionError: login failed for 9000000001: 429 {"detail":"Too many requests. Please wait a bit."}
    assert 429 == 200
     +  where 429 = &lt;Response [429]&gt;.status_code</error></testcase><testcase classname="backend.tests.test_phase2_features.TestRatings" name="test_create_rating" time="0.000"><error message="failed on setup with &quot;AssertionError: login failed for 9000000001: 429 {&quot;detail&quot;:&quot;Too many requests. Please wait a bit.&quot;}&#10;assert 429 == 200&#10; +  where 429 = &lt;Response [429]&gt;.status_code&quot;">E   AssertionError: login failed for 9000000001: 429 {"detail":"Too many requests. Please wait a bit."}
    assert 429 == 200
     +  where 429 = &lt;Response [429]&gt;.status_code</error></testcase><testcase classname="backend.tests.test_phase2_features.TestRatings" name="test_ratings_mine" time="0.000"><error message="failed on setup with &quot;AssertionError: login failed for 9000000001: 429 {&quot;detail&quot;:&quot;Too many requests. Please wait a bit.&quot;}&#10;assert 429 == 200&#10; +  where 429 = &lt;Response [429]&gt;.status_code&quot;">E   AssertionError: login failed for 9000000001: 429 {"detail":"Too many requests. Please wait a bit."}
    assert 429 == 200
     +  where 429 = &lt;Response [429]&gt;.status_code</error></testcase><testcase classname="backend.tests.test_phase2_features.TestLeave" name="test_leave_request_worker_only" time="0.000"><error message="failed on setup with &quot;AssertionError: login failed for 9000000001: 429 {&quot;detail&quot;:&quot;Too many requests. Please wait a bit.&quot;}&#10;assert 429 == 200&#10; +  where 429 = &lt;Response [429]&gt;.status_code&quot;">E   AssertionError: login failed for 9000000001: 429 {"detail":"Too many requests. Please wait a bit."}
    assert 429 == 200
     +  where 429 = &lt;Response [429]&gt;.status_code</error></testcase><testcase classname="backend.tests.test_phase2_features.TestLeave" name="test_leave_missing_fields_400" time="0.000"><error message="failed on setup with &quot;AssertionError: login failed for 9000000001: 429 {&quot;detail&quot;:&quot;Too many requests. Please wait a bit.&quot;}&#10;assert 429 == 200&#10; +  where 429 = &lt;Response [429]&gt;.status_code&quot;">E   AssertionError: login failed for 9000000001: 429 {"detail":"Too many requests. Please wait a bit."}
    assert 429 == 200
     +  where 429 = &lt;Response [429]&gt;.status_code</error></testcase><testcase classname="backend.tests.test_phase2_features.TestLeave" name="test_leave_request_ok" time="0.000"><error message="failed on setup with &quot;AssertionError: login failed for 9000000001: 429 {&quot;detail&quot;:&quot;Too many requests. Please wait a bit.&quot;}&#10;assert 429 == 200&#10; +  where 429 = &lt;Response [429]&gt;.status_code&quot;">E   AssertionError: login failed for 9000000001: 429 {"detail":"Too many requests. Please wait a bit."}
    assert 429 == 200
     +  where 429 = &lt;Response [429]&gt;.status_code</error></testcase><testcase classname="backend.tests.test_phase2_features.TestLeave" name="test_leave_mine" time="0.000"><error message="failed on setup with &quot;AssertionError: login failed for 9000000001: 429 {&quot;detail&quot;:&quot;Too many requests. Please wait a bit.&quot;}&#10;assert 429 == 200&#10; +  where 429 = &lt;Response [429]&gt;.status_code&quot;">E   AssertionError: login failed for 9000000001: 429 {"detail":"Too many requests. Please wait a bit."}
    assert 429 == 200
     +  where 429 = &lt;Response [429]&gt;.status_code</error></testcase><testcase classname="backend.tests.test_phase2_features.TestLeave" name="test_leave_inbox_client" time="0.000"><error message="failed on setup with &quot;AssertionError: login failed for 9000000001: 429 {&quot;detail&quot;:&quot;Too many requests. Please wait a bit.&quot;}&#10;assert 429 == 200&#10; +  where 429 = &lt;Response [429]&gt;.status_code&quot;">E   AssertionError: login failed for 9000000001: 429 {"detail":"Too many requests. Please wait a bit."}
    assert 429 == 200
     +  where 429 = &lt;Response [429]&gt;.status_code</error></testcase><testcase classname="backend.tests.test_phase2_features.TestLeave" name="test_leave_decision_by_non_approver" time="0.000"><error message="failed on setup with &quot;AssertionError: login failed for 9000000001: 429 {&quot;detail&quot;:&quot;Too many requests. Please wait a bit.&quot;}&#10;assert 429 == 200&#10; +  where 429 = &lt;Response [429]&gt;.status_code&quot;">E   AssertionError: login failed for 9000000001: 429 {"detail":"Too many requests. Please wait a bit."}
    assert 429 == 200
     +  where 429 = &lt;Response [429]&gt;.status_code</error></testcase><testcase classname="backend.tests.test_phase2_features.TestLeave" name="test_leave_decision_approve" time="0.000"><error message="failed on setup with &quot;AssertionError: login failed for 9000000001: 429 {&quot;detail&quot;:&quot;Too many requests. Please wait a bit.&quot;}&#10;assert 429 == 200&#10; +  where 429 = &lt;Response [429]&gt;.status_code&quot;">E   AssertionError: login failed for 9000000001: 429 {"detail":"Too many requests. Please wait a bit."}
    assert 429 == 200
     +  where 429 = &lt;Response [429]&gt;.status_code</error></testcase><testcase classname="backend.tests.test_phase2_features.TestProgressPhotos" name="test_upload_photo" time="0.000"><error message="failed on setup with &quot;AssertionError: login failed for 9000000001: 429 {&quot;detail&quot;:&quot;Too many requests. Please wait a bit.&quot;}&#10;assert 429 == 200&#10; +  where 429 = &lt;Response [429]&gt;.status_code&quot;">E   AssertionError: login failed for 9000000001: 429 {"detail":"Too many requests. Please wait a bit."}
    assert 429 == 200
     +  where 429 = &lt;Response [429]&gt;.status_code</error></testcase><testcase classname="backend.tests.test_phase2_features.TestProgressPhotos" name="test_upload_nonexistent_job_404" time="0.000"><error message="failed on setup with &quot;AssertionError: login failed for 9000000001: 429 {&quot;detail&quot;:&quot;Too many requests. Please wait a bit.&quot;}&#10;assert 429 == 200&#10; +  where 429 = &lt;Response [429]&gt;.status_code&quot;">E   AssertionError: login failed for 9000000001: 429 {"detail":"Too many requests. Please wait a bit."}
    assert 429 == 200
     +  where 429 = &lt;Response [429]&gt;.status_code</error></testcase><testcase classname="backend.tests.test_phase2_features.TestProgressPhotos" name="test_list_photos" time="0.000"><error message="failed on setup with &quot;AssertionError: login failed for 9000000001: 429 {&quot;detail&quot;:&quot;Too many requests. Please wait a bit.&quot;}&#10;assert 429 == 200&#10; +  where 429 = &lt;Response [429]&gt;.status_code&quot;">E   AssertionError: login failed for 9000000001: 429 {"detail":"Too many requests. Please wait a bit."}
    assert 429 == 200
     +  where 429 = &lt;Response [429]&gt;.status_code</error></testcase><testcase classname="backend.tests.test_phase2_features.TestProgressPhotos" name="test_delete_non_owner_forbidden" time="0.000"><error message="failed on setup with &quot;AssertionError: login failed for 9000000001: 429 {&quot;detail&quot;:&quot;Too many requests. Please wait a bit.&quot;}&#10;assert 429 == 200&#10; +  where 429 = &lt;Response [429]&gt;.status_code&quot;">E   AssertionError: login failed for 9000000001: 429 {"detail":"Too many requests. Please wait a bit."}
    assert 429 == 200
     +  where 429 = &lt;Response [429]&gt;.status_code</error></testcase><testcase classname="backend.tests.test_phase2_features.TestProgressPhotos" name="test_delete_by_owner_ok" time="0.000"><error message="failed on setup with &quot;AssertionError: login failed for 9000000001: 429 {&quot;detail&quot;:&quot;Too many requests. Please wait a bit.&quot;}&#10;assert 429 == 200&#10; +  where 429 = &lt;Response [429]&gt;.status_code&quot;">E   AssertionError: login failed for 9000000001: 429 {"detail":"Too many requests. Please wait a bit."}
    assert 429 == 200
     +  where 429 = &lt;Response [429]&gt;.status_code</error></testcase><testcase classname="backend.tests.test_phase2_features.TestProjectProgress" name="test_client_sees_progress" time="0.000"><error message="failed on setup with &quot;AssertionError: login failed for 9000000001: 429 {&quot;detail&quot;:&quot;Too many requests. Please wait a bit.&quot;}&#10;assert 429 == 200&#10; +  where 429 = &lt;Response [429]&gt;.status_code&quot;">E   AssertionError: login failed for 9000000001: 429 {"detail":"Too many requests. Please wait a bit."}
    assert 429 == 200
     +  where 429 = &lt;Response [429]&gt;.status_code</error></testcase><testcase classname="backend.tests.test_phase2_features.TestProjectProgress" name="test_worker_forbidden" time="0.000"><error message="failed on setup with &quot;AssertionError: login failed for 9000000001: 429 {&quot;detail&quot;:&quot;Too many requests. Please wait a bit.&quot;}&#10;assert 429 == 200&#10; +  where 429 = &lt;Response [429]&gt;.status_code&quot;">E   AssertionError: login failed for 9000000001: 429 {"detail":"Too many requests. Please wait a bit."}
    assert 429 == 200
     +  where 429 = &lt;Response [429]&gt;.status_code</error></testcase><testcase classname="backend.tests.test_phase2_features.TestSalarySummary" name="test_worker_summary" time="0.000"><error message="failed on setup with &quot;AssertionError: login failed for 9000000001: 429 {&quot;detail&quot;:&quot;Too many requests. Please wait a bit.&quot;}&#10;assert 429 == 200&#10; +  where 429 = &lt;Response [429]&gt;.status_code&quot;">E   AssertionError: login failed for 9000000001: 429 {"detail":"Too many requests. Please wait a bit."}
    assert 429 == 200
     +  where 429 = &lt;Response [429]&gt;.status_code</error></testcase><testcase classname="backend.tests.test_phase2_features.TestSalarySummary" name="test_non_worker_403" time="0.000"><error message="failed on setup with &quot;AssertionError: login failed for 9000000001: 429 {&quot;detail&quot;:&quot;Too many requests. Please wait a bit.&quot;}&#10;assert 429 == 200&#10; +  where 429 = &lt;Response [429]&gt;.status_code&quot;">E   AssertionError: login failed for 9000000001: 429 {"detail":"Too many requests. Please wait a bit."}
    assert 429 == 200
     +  where 429 = &lt;Response [429]&gt;.status_code</error></testcase><testcase classname="backend.tests.test_phase2_features.TestAdminMonitor" name="test_monitor_admin_only" time="0.000"><error message="failed on setup with &quot;AssertionError: login failed for 9000000001: 429 {&quot;detail&quot;:&quot;Too many requests. Please wait a bit.&quot;}&#10;assert 429 == 200&#10; +  where 429 = &lt;Response [429]&gt;.status_code&quot;">E   AssertionError: login failed for 9000000001: 429 {"detail":"Too many requests. Please wait a bit."}
    assert 429 == 200
     +  where 429 = &lt;Response [429]&gt;.status_code</error></testcase><testcase classname="backend.tests.test_phase2_features.TestAdminMonitor" name="test_monitor_ok" time="0.000"><error message="failed on setup with &quot;AssertionError: login failed for 9000000001: 429 {&quot;detail&quot;:&quot;Too many requests. Please wait a bit.&quot;}&#10;assert 429 == 200&#10; +  where 429 = &lt;Response [429]&gt;.status_code&quot;">E   AssertionError: login failed for 9000000001: 429 {"detail":"Too many requests. Please wait a bit."}
    assert 429 == 200
     +  where 429 = &lt;Response [429]&gt;.status_code</error></testcase><testcase classname="backend.tests.test_phase2_features.TestAdminMonitor" name="test_activity_admin_only" time="0.000"><error message="failed on setup with &quot;AssertionError: login failed for 9000000001: 429 {&quot;detail&quot;:&quot;Too many requests. Please wait a bit.&quot;}&#10;assert 429 == 200&#10; +  where 429 = &lt;Response [429]&gt;.status_code&quot;">E   AssertionError: login failed for 9000000001: 429 {"detail":"Too many requests. Please wait a bit."}
    assert 429 == 200
     +  where 429 = &lt;Response [429]&gt;.status_code</error></testcase><testcase classname="backend.tests.test_phase2_features.TestAdminMonitor" name="test_activity_ok" time="0.000"><error message="failed on setup with &quot;AssertionError: login failed for 9000000001: 429 {&quot;detail&quot;:&quot;Too many requests. Please wait a bit.&quot;}&#10;assert 429 == 200&#10; +  where 429 = &lt;Response [429]&gt;.status_code&quot;">E   AssertionError: login failed for 9000000001: 429 {"detail":"Too many requests. Please wait a bit."}
    assert 429 == 200
     +  where 429 = &lt;Response [429]&gt;.status_code</error></testcase><testcase classname="backend.tests.test_phase3_hardening.TestRateLimit" name="test_login_rate_limit_returns_429" time="1.118" /><testcase classname="backend.tests.test_phase3_hardening.TestRateLimit" name="test_register_rate_limit_5_per_min" time="1.772" /><testcase classname="backend.tests.test_phase3_hardening.TestRateLimit" name="test_otp_send_rate_limit_3_per_min" time="0.410" /><testcase classname="backend.tests.test_phase3_hardening.TestRateLimit" name="test_forgot_password_rate_limit_10_per_min" time="1.129" /><testcase classname="backend.tests.test_phase3_hardening.TestRateLimit" name="test_different_ips_not_shared" time="1.212" /><testcase classname="backend.tests.test_phase3_hardening.TestProgressPhotoValidation" name="test_photo_too_large_returns_413" time="0.937" /><testcase classname="backend.tests.test_phase3_hardening.TestProgressPhotoValidation" name="test_photo_invalid_format_400" time="0.094" /><testcase classname="backend.tests.test_phase3_hardening.TestProgressPhotoValidation" name="test_caption_sanitization_strips_nulls" time="0.110" /><testcase classname="backend.tests.test_phase3_hardening.TestProgressPhotoValidation" name="test_empty_photo_allowed" time="0.121" /><testcase classname="backend.tests.test_phase3_hardening.TestMongoIndexes" name="test_users_mobile_unique_index" time="0.064" /><testcase classname="backend.tests.test_phase3_hardening.TestMongoIndexes" name="test_users_role_and_id_indexes" time="0.001" /><testcase classname="backend.tests.test_phase3_hardening.TestMongoIndexes" name="test_jobs_indexes" time="0.001" /><testcase classname="backend.tests.test_phase3_hardening.TestMongoIndexes" name="test_applications_composite_index" time="0.000" /><testcase classname="backend.tests.test_phase3_hardening.TestMongoIndexes" name="test_attendance_composite_indexes" time="0.000" /><testcase classname="backend.tests.test_phase3_hardening.TestMongoIndexes" name="test_erp_collections_indexed" time="0.001" /><testcase classname="backend.tests.test_phase3_hardening.TestMongoIndexes" name="test_chat_messages_composite" time="0.000" /><testcase classname="backend.tests.test_phase3_hardening.TestMongoIndexes" name="test_progress_photos_composite" time="0.000" /><testcase classname="backend.tests.test_phase3_hardening.TestMongoIndexes" name="test_password_resets_ttl" time="0.000" /><testcase classname="backend.tests.test_phase3_hardening.TestMongoIndexes" name="test_wallet_txns_composite" time="0.000" /><testcase classname="backend.tests.test_phase3_hardening.TestCORS" name="test_default_cors_allows_all_when_env_unset" time="0.068" /><testcase classname="backend.tests.test_phase3_hardening.TestCORS" name="test_get_health_returns_ok" time="0.101" /><testcase classname="backend.tests.test_phase3_hardening.TestSmokeNoBreakage" name="test_login_valid_creds" time="0.369" /><testcase classname="backend.tests.test_phase3_hardening.TestSmokeNoBreakage" name="test_me_returns_user" time="20.476" /><testcase classname="backend.tests.test_phase3_hardening.TestSmokeNoBreakage" name="test_jobs_list" time="0.495" /><testcase classname="backend.tests.test_phase3_hardening.TestSmokeNoBreakage" name="test_complaints_mine" time="0.423" /><testcase classname="backend.tests.test_spa_head_iter10.TestHeadSpa" name="test_head_root" time="0.028" /><testcase classname="backend.tests.test_spa_head_iter10.TestHeadSpa" name="test_head_random_route_spa_fallback" time="0.002" /><testcase classname="backend.tests.test_spa_head_iter10.TestHeadSpa" name="test_head_deep_nested_route" time="0.001" /><testcase classname="backend.tests.test_spa_head_iter10.TestHeadSpa" name="test_head_favicon" time="0.001" /><testcase classname="backend.tests.test_spa_head_iter10.TestHeadSpa" name="test_head_api_health" time="0.001" /><testcase classname="backend.tests.test_spa_head_iter10.TestHeadSpa" name="test_head_root_health" time="0.001"><failure message="assert 404 == 200&#10; +  where 404 = &lt;Response [404]&gt;.status_code">E   assert 404 == 200
     +  where 404 = &lt;Response [404]&gt;.status_code</failure></testcase><testcase classname="backend.tests.test_spa_head_iter10.TestGetRegression" name="test_get_root_has_html_root" time="0.042" /><testcase classname="backend.tests.test_spa_head_iter10.TestGetRegression" name="test_get_spa_fallback_serves_index" time="0.043" /><testcase classname="backend.tests.test_spa_head_iter10.TestGetRegression" name="test_get_api_not_shadowed_health" time="0.042" /><testcase classname="backend.tests.test_spa_head_iter10.TestGetRegression" name="test_get_api_skills" time="0.042" /><testcase classname="backend.tests.test_spa_head_iter10.TestGetRegression" name="test_get_api_login" time="0.265" /><testcase classname="backend.tests.test_spa_head_iter10.TestGetRegression" name="test_get_api_unknown_json_404" time="0.043" /><testcase classname="backend.tests.test_spa_serving_iter9.TestSpaRoot" name="test_root_returns_html" time="0.002" /><testcase classname="backend.tests.test_spa_serving_iter9.TestSpaRoot" name="test_js_bundle_served" time="0.042"><failure message="assert 404 == 200&#10; +  where 404 = &lt;Response [404]&gt;.status_code">E   assert 404 == 200
     +  where 404 = &lt;Response [404]&gt;.status_code</failure></testcase><testcase classname="backend.tests.test_spa_serving_iter9.TestSpaRoot" name="test_favicon_served" time="0.042" /><testcase classname="backend.tests.test_spa_serving_iter9.TestSpaRoot" name="test_missing_static_asset_returns_404" time="0.042" /><testcase classname="backend.tests.test_spa_serving_iter9.TestSpaFallback" name="test_unknown_route_returns_spa[random-route]" time="0.043" /><testcase classname="backend.tests.test_spa_serving_iter9.TestSpaFallback" name="test_unknown_route_returns_spa[complaints]" time="0.043" /><testcase classname="backend.tests.test_spa_serving_iter9.TestSpaFallback" name="test_unknown_route_returns_spa[help]" time="0.042" /><testcase classname="backend.tests.test_spa_serving_iter9.TestSpaFallback" name="test_unknown_route_returns_spa[deep/nested/route]" time="0.042" /><testcase classname="backend.tests.test_spa_serving_iter9.TestApiNotShadowed" name="test_api_root" time="0.042" /><testcase classname="backend.tests.test_spa_serving_iter9.TestApiNotShadowed" name="test_api_health" time="0.042" /><testcase classname="backend.tests.test_spa_serving_iter9.TestApiNotShadowed" name="test_api_healthz" time="0.042" /><testcase classname="backend.tests.test_spa_serving_iter9.TestApiNotShadowed" name="test_api_skills" time="0.042" /><testcase classname="backend.tests.test_spa_serving_iter9.TestApiNotShadowed" name="test_api_login_password" time="0.265" /><testcase classname="backend.tests.test_spa_serving_iter9.TestApiNotShadowed" name="test_api_unknown_returns_404_json" time="0.041" /><testcase classname="backend.tests.test_spa_serving_iter9.TestRootHealth" name="test_health" time="0.042" /><testcase classname="backend.tests.test_spa_serving_iter9.TestRootHealth" name="test_healthz" time="0.042" /><testcase classname="backend.tests.test_spa_serving_iter9.TestRegressionAuth" name="test_me_with_token" time="0.307" /><testcase classname="backend.tests.test_spa_serving_iter9.TestRegressionAuth" name="test_complaints_list" time="0.046" /></testsuite></testsuites>