<?xml version="1.0" encoding="utf-8"?><testsuites name="pytest tests"><testsuite name="pytest" errors="0" failures="0" skipped="0" tests="26" time="5.250" timestamp="2026-06-28T07:54:03.592248+00:00" hostname="agent-env-dd9109b4-2ed5-4fab-9ed5-c989f6ee51cc"><testcase classname="backend.tests.test_deployment_fixes_iter8.TestHealth" name="test_health_endpoint[/api/health-False-2000]" time="0.250" /><testcase classname="backend.tests.test_deployment_fixes_iter8.TestHealth" name="test_health_endpoint[/api/healthz-False-2000]" time="0.043" /><testcase classname="backend.tests.test_deployment_fixes_iter8.TestHealth" name="test_health_endpoint[/health-True-300]" time="0.002" /><testcase classname="backend.tests.test_deployment_fixes_iter8.TestHealth" name="test_health_endpoint[/healthz-True-300]" time="0.042" /><testcase classname="backend.tests.test_deployment_fixes_iter8.TestSeedUsers" name="test_demo_login[9000000000-admin1234-admin]" time="0.267" /><testcase classname="backend.tests.test_deployment_fixes_iter8.TestSeedUsers" name="test_demo_login[9000000001-demo1234-client]" time="0.302" /><testcase classname="backend.tests.test_deployment_fixes_iter8.TestSeedUsers" name="test_demo_login[9000000002-demo1234-worker]" time="0.263" /><testcase classname="backend.tests.test_deployment_fixes_iter8.TestSeedUsers" name="test_demo_login[9000000003-demo1234-contractor]" time="0.263" /><testcase classname="backend.tests.test_deployment_fixes_iter8.TestLimitedListEndpoints" name="test_jobs_mine" time="0.306" /><testcase classname="backend.tests.test_deployment_fixes_iter8.TestLimitedListEndpoints" name="test_applications_mine" time="0.305" /><testcase classname="backend.tests.test_deployment_fixes_iter8.TestLimitedListEndpoints" name="test_applications_by_job" time="0.429" /><testcase classname="backend.tests.test_deployment_fixes_iter8.TestLimitedListEndpoints" name="test_erp_materials" time="0.043" /><testcase classname="backend.tests.test_deployment_fixes_iter8.TestLimitedListEndpoints" name="test_erp_tools" time="0.042" /><testcase classname="backend.tests.test_deployment_fixes_iter8.TestLimitedListEndpoints" name="test_erp_estimates" time="0.043" /><testcase classname="backend.tests.test_deployment_fixes_iter8.TestLimitedListEndpoints" name="test_erp_bills" time="0.042" /><testcase classname="backend.tests.test_deployment_fixes_iter8.TestLimitedListEndpoints" name="test_complaints_mine" time="0.041" /><testcase classname="backend.tests.test_deployment_fixes_iter8.TestBillExports" name="test_pdf_export" time="0.162" /><testcase classname="backend.tests.test_deployment_fixes_iter8.TestBillExports" name="test_excel_export" time="0.144" /><testcase classname="backend.tests.test_deployment_fixes_iter8.TestIntegrationsDevMode" name="test_pricing_razorpay_disabled" time="0.041" /><testcase classname="backend.tests.test_deployment_fixes_iter8.TestIntegrationsDevMode" name="test_otp_send_dev_mode" time="0.083" /><testcase classname="backend.tests.test_deployment_fixes_iter8.TestIntegrationsDevMode" name="test_otp_verify_existing_user_login" time="0.080" /><testcase classname="backend.tests.test_deployment_fixes_iter8.TestRequirementsTxt" name="test_required_packages_present" time="0.001" /><testcase classname="backend.tests.test_deployment_fixes_iter8.TestRegressionCriticalFlows" name="test_password_change_roundtrip" time="1.577" /><testcase classname="backend.tests.test_deployment_fixes_iter8.TestRegressionCriticalFlows" name="test_profile_photo_update_via_me" time="0.166" /><testcase classname="backend.tests.test_deployment_fixes_iter8.TestRegressionCriticalFlows" name="test_file_complaint" time="0.125" /><testcase classname="backend.tests.test_deployment_fixes_iter8.TestRegressionCriticalFlows" name="test_payroll_unchanged" time="0.082" /></testsuite></testsuites>