<?xml version="1.0" encoding="utf-8"?><testsuites name="pytest tests"><testsuite name="pytest" errors="0" failures="0" skipped="0" tests="18" time="1.253" timestamp="2026-06-28T08:57:41.299623+00:00" hostname="agent-env-dd9109b4-2ed5-4fab-9ed5-c989f6ee51cc"><testcase classname="backend.tests.test_spa_serving_iter9.TestSpaRoot" name="test_root_returns_html" time="0.008" /><testcase classname="backend.tests.test_spa_serving_iter9.TestSpaRoot" name="test_js_bundle_served" time="0.007" /><testcase classname="backend.tests.test_spa_serving_iter9.TestSpaRoot" name="test_favicon_served" time="0.041" /><testcase classname="backend.tests.test_spa_serving_iter9.TestSpaRoot" name="test_missing_static_asset_returns_404" time="0.042" /><testcase classname="backend.tests.test_spa_serving_iter9.TestSpaFallback" name="test_unknown_route_returns_spa[random-route]" time="0.042" /><testcase classname="backend.tests.test_spa_serving_iter9.TestSpaFallback" name="test_unknown_route_returns_spa[complaints]" time="0.042" /><testcase classname="backend.tests.test_spa_serving_iter9.TestSpaFallback" name="test_unknown_route_returns_spa[help]" time="0.042" /><testcase classname="backend.tests.test_spa_serving_iter9.TestSpaFallback" name="test_unknown_route_returns_spa[deep/nested/route]" time="0.043" /><testcase classname="backend.tests.test_spa_serving_iter9.TestApiNotShadowed" name="test_api_root" time="0.042" /><testcase classname="backend.tests.test_spa_serving_iter9.TestApiNotShadowed" name="test_api_health" time="0.042" /><testcase classname="backend.tests.test_spa_serving_iter9.TestApiNotShadowed" name="test_api_healthz" time="0.042" /><testcase classname="backend.tests.test_spa_serving_iter9.TestApiNotShadowed" name="test_api_skills" time="0.042" /><testcase classname="backend.tests.test_spa_serving_iter9.TestApiNotShadowed" name="test_api_login_password" time="0.265" /><testcase classname="backend.tests.test_spa_serving_iter9.TestApiNotShadowed" name="test_api_unknown_returns_404_json" time="0.042" /><testcase classname="backend.tests.test_spa_serving_iter9.TestRootHealth" name="test_health" time="0.042" /><testcase classname="backend.tests.test_spa_serving_iter9.TestRootHealth" name="test_healthz" time="0.042" /><testcase classname="backend.tests.test_spa_serving_iter9.TestRegressionAuth" name="test_me_with_token" time="0.307" /><testcase classname="backend.tests.test_spa_serving_iter9.TestRegressionAuth" name="test_complaints_list" time="0.045" /></testsuite></testsuites>