<?xml version="1.0" encoding="utf-8"?><testsuites name="pytest tests"><testsuite name="pytest" errors="0" failures="1" skipped="0" tests="116" time="79.081" timestamp="2026-07-04T17:21:55.828010+00:00" hostname="agent-env-dd9109b4-2ed5-4fab-9ed5-c989f6ee51cc"><testcase classname="backend.tests.test_phase1_audit.TestRegression" name="test_me" time="0.503" /><testcase classname="backend.tests.test_phase1_audit.TestRegression" name="test_jobs_list" time="0.050" /><testcase classname="backend.tests.test_phase1_audit.TestRegression" name="test_complaints_list" time="0.045" /><testcase classname="backend.tests.test_phase1_audit.TestRegression" name="test_erp_bills" time="0.309" /><testcase classname="backend.tests.test_phase1_audit.TestRegression" name="test_chat_threads" time="0.316" /><testcase classname="backend.tests.test_phase1_audit.TestE2EFlow" name="test_01_client_posts_job" time="0.043" /><testcase classname="backend.tests.test_phase1_audit.TestE2EFlow" name="test_02_worker_applies" time="0.045" /><testcase classname="backend.tests.test_phase1_audit.TestE2EFlow" name="test_03_client_lists_applicants" time="0.048" /><testcase classname="backend.tests.test_phase1_audit.TestE2EFlow" name="test_04_accept_status_forbidden_for_other_user" time="0.044" /><testcase classname="backend.tests.test_phase1_audit.TestE2EFlow" name="test_05_accept_status_invalid_value" time="0.042" /><testcase classname="backend.tests.test_phase1_audit.TestE2EFlow" name="test_06_client_accepts_applicant" time="0.042" /><testcase classname="backend.tests.test_phase1_audit.TestE2EFlow" name="test_07_job_transitioned_to_in_progress" time="0.084" /><testcase classname="backend.tests.test_phase1_audit.TestE2EFlow" name="test_08_worker_hired_jobs_includes" time="0.042" /><testcase classname="backend.tests.test_phase1_audit.TestE2EFlow" name="test_09_hired_empty_for_non_workers" time="0.050" /><testcase classname="backend.tests.test_phase1_audit.TestE2EFlow" name="test_10_worker_public_profile" time="0.044" /><testcase classname="backend.tests.test_phase1_audit.TestE2EFlow" name="test_11_worker_profile_404" time="0.045" /><testcase classname="backend.tests.test_phase1_audit.TestE2EFlow" name="test_12_worker_checks_in" time="0.044" /><testcase classname="backend.tests.test_phase1_audit.TestE2EFlow" name="test_13_client_sees_my_workers_attendance" time="0.046" /><testcase classname="backend.tests.test_phase1_audit.TestE2EFlow" name="test_14_worker_forbidden_from_my_workers" time="0.081" /><testcase classname="backend.tests.test_phase1_audit.TestE2EFlow" name="test_15_payroll_shows_current_worker" time="0.045" /><testcase classname="backend.tests.test_phase1_audit.TestE2EFlow" name="test_16_payroll_forbidden_for_worker" time="0.041" /><testcase classname="backend.tests.test_phase1_audit.TestE2EFlow" name="test_17_payroll_isolation_contractor_sees_own_only" time="0.042" /><testcase classname="backend.tests.test_phase1_audit.TestE2EFlow" name="test_18_job_status_invalid" time="0.053" /><testcase classname="backend.tests.test_phase1_audit.TestE2EFlow" name="test_19_job_status_forbidden_for_non_poster" time="0.044" /><testcase classname="backend.tests.test_phase1_audit.TestE2EFlow" name="test_20_client_completes_job" time="0.085" /><testcase classname="backend.tests.test_phase1_audit.TestE2EFlow" name="test_21_hired_excludes_completed" time="0.044" /><testcase classname="backend.tests.test_phase1_audit.TestWalletWithdraw" name="test_invalid_amount" time="0.044" /><testcase classname="backend.tests.test_phase1_audit.TestWalletWithdraw" name="test_invalid_upi" time="0.042" /><testcase classname="backend.tests.test_phase1_audit.TestWalletWithdraw" name="test_insufficient_balance" time="0.044" /><testcase classname="backend.tests.test_phase1_audit.TestWalletWithdraw" name="test_success_withdrawal" time="0.123" /><testcase classname="backend.tests.test_phase2_features.TestSmokeRegression" name="test_health" time="0.135" /><testcase classname="backend.tests.test_phase2_features.TestSmokeRegression" name="test_login_all_roles" time="1.378" /><testcase classname="backend.tests.test_phase2_features.TestSmokeRegression" name="test_me" time="0.157" /><testcase classname="backend.tests.test_phase2_features.TestSmokeRegression" name="test_jobs_list" time="0.098" /><testcase classname="backend.tests.test_phase2_features.TestSmokeRegression" name="test_complaints_mine" time="0.101" /><testcase classname="backend.tests.test_phase2_features.TestSmokeRegression" name="test_erp_bills" time="0.098" /><testcase classname="backend.tests.test_phase2_features.TestSmokeRegression" name="test_attendance_mine" time="0.108" /><testcase classname="backend.tests.test_phase2_features.TestSmokeRegression" name="test_payroll" time="0.104" /><testcase classname="backend.tests.test_phase2_features.TestForgotPassword" name="test_forgot_invalid_mobile" time="0.123" /><testcase classname="backend.tests.test_phase2_features.TestForgotPassword" name="test_forgot_nonexistent_user_still_ok" time="0.096" /><testcase classname="backend.tests.test_phase2_features.TestForgotPassword" name="test_forgot_existing_user_returns_dev_code" time="0.108" /><testcase classname="backend.tests.test_phase2_features.TestForgotPassword" name="test_reset_short_password_400" time="0.271" /><testcase classname="backend.tests.test_phase2_features.TestForgotPassword" name="test_reset_invalid_otp_401" time="0.234" /><testcase classname="backend.tests.test_phase2_features.TestForgotPassword" name="test_reset_flow_success_and_login_works" time="0.746" /><testcase classname="backend.tests.test_phase2_features.TestJobsSearch" name="test_requires_auth" time="0.131" /><testcase classname="backend.tests.test_phase2_features.TestJobsSearch" name="test_search_defaults" time="0.106" /><testcase classname="backend.tests.test_phase2_features.TestJobsSearch" name="test_search_with_filters" time="0.096" /><testcase classname="backend.tests.test_phase2_features.TestEscrow" name="test_deposit_only_client_contractor" time="0.233" /><testcase classname="backend.tests.test_phase2_features.TestEscrow" name="test_deposit_invalid_amount" time="0.101" /><testcase classname="backend.tests.test_phase2_features.TestEscrow" name="test_deposit_not_your_job" time="0.107" /><testcase classname="backend.tests.test_phase2_features.TestEscrow" name="test_deposit_success_5000" time="0.107" /><testcase classname="backend.tests.test_phase2_features.TestEscrow" name="test_escrow_mine_shows_deposit" time="0.103" /><testcase classname="backend.tests.test_phase2_features.TestEscrow" name="test_release_amount_gt_balance_fails" time="0.092" /><testcase classname="backend.tests.test_phase2_features.TestEscrow" name="test_release_partial_1000_and_wallet_credit" time="0.334" /><testcase classname="backend.tests.test_phase2_features.TestEscrow" name="test_release_by_non_owner_forbidden" time="0.095" /><testcase classname="backend.tests.test_phase2_features.TestEscrow" name="test_refund_held_ok" time="0.303" /><testcase classname="backend.tests.test_phase2_features.TestE2EJobFlow" name="test_worker_apply" time="0.096" /><testcase classname="backend.tests.test_phase2_features.TestE2EJobFlow" name="test_client_accept_worker" time="0.105" /><testcase classname="backend.tests.test_phase2_features.TestE2EJobFlow" name="test_worker_checkin_within_geofence" time="0.096" /><testcase classname="backend.tests.test_phase2_features.TestRatings" name="test_public_user_ratings" time="0.105" /><testcase classname="backend.tests.test_phase2_features.TestRatings" name="test_create_rating" time="0.099" /><testcase classname="backend.tests.test_phase2_features.TestRatings" name="test_ratings_mine" time="0.098" /><testcase classname="backend.tests.test_phase2_features.TestLeave" name="test_leave_request_worker_only" time="0.099" /><testcase classname="backend.tests.test_phase2_features.TestLeave" name="test_leave_missing_fields_400" time="0.103" /><testcase classname="backend.tests.test_phase2_features.TestLeave" name="test_leave_request_ok" time="0.101" /><testcase classname="backend.tests.test_phase2_features.TestLeave" name="test_leave_mine" time="0.101" /><testcase classname="backend.tests.test_phase2_features.TestLeave" name="test_leave_inbox_client" time="0.117" /><testcase classname="backend.tests.test_phase2_features.TestLeave" name="test_leave_decision_by_non_approver" time="0.102" /><testcase classname="backend.tests.test_phase2_features.TestLeave" name="test_leave_decision_approve" time="0.098" /><testcase classname="backend.tests.test_phase2_features.TestProgressPhotos" name="test_upload_photo" time="0.098" /><testcase classname="backend.tests.test_phase2_features.TestProgressPhotos" name="test_upload_nonexistent_job_404" time="0.098" /><testcase classname="backend.tests.test_phase2_features.TestProgressPhotos" name="test_list_photos" time="0.101" /><testcase classname="backend.tests.test_phase2_features.TestProgressPhotos" name="test_delete_non_owner_forbidden" time="0.113" /><testcase classname="backend.tests.test_phase2_features.TestProgressPhotos" name="test_delete_by_owner_ok" time="0.211" /><testcase classname="backend.tests.test_phase2_features.TestProjectProgress" name="test_client_sees_progress" time="0.113" /><testcase classname="backend.tests.test_phase2_features.TestProjectProgress" name="test_worker_forbidden" time="0.104" /><testcase classname="backend.tests.test_phase2_features.TestSalarySummary" name="test_worker_summary" time="0.187" /><testcase classname="backend.tests.test_phase2_features.TestSalarySummary" name="test_non_worker_403" time="0.096" /><testcase classname="backend.tests.test_phase2_features.TestAdminMonitor" name="test_monitor_admin_only" time="0.103" /><testcase classname="backend.tests.test_phase2_features.TestAdminMonitor" name="test_monitor_ok" time="0.100" /><testcase classname="backend.tests.test_phase2_features.TestAdminMonitor" name="test_activity_admin_only" time="0.093" /><testcase classname="backend.tests.test_phase2_features.TestAdminMonitor" name="test_activity_ok" time="0.098" /><testcase classname="backend.tests.test_phase3_hardening.TestRateLimit" name="test_login_rate_limit_returns_429" time="1.127" /><testcase classname="backend.tests.test_phase3_hardening.TestRateLimit" name="test_register_rate_limit_5_per_min" time="1.711" /><testcase classname="backend.tests.test_phase3_hardening.TestRateLimit" name="test_otp_send_rate_limit_3_per_min" time="0.392" /><testcase classname="backend.tests.test_phase3_hardening.TestRateLimit" name="test_forgot_password_rate_limit_10_per_min" time="1.098" /><testcase classname="backend.tests.test_phase3_hardening.TestRateLimit" name="test_different_ips_not_shared" time="1.454" /><testcase classname="backend.tests.test_phase3_hardening.TestProgressPhotoValidation" name="test_photo_too_large_returns_413" time="0.939" /><testcase classname="backend.tests.test_phase3_hardening.TestProgressPhotoValidation" name="test_photo_invalid_format_400" time="0.108" /><testcase classname="backend.tests.test_phase3_hardening.TestProgressPhotoValidation" name="test_caption_sanitization_strips_nulls" time="0.100" /><testcase classname="backend.tests.test_phase3_hardening.TestProgressPhotoValidation" name="test_empty_photo_allowed" time="0.099" /><testcase classname="backend.tests.test_phase3_hardening.TestMongoIndexes" name="test_users_mobile_unique_index" time="0.065" /><testcase classname="backend.tests.test_phase3_hardening.TestMongoIndexes" name="test_users_role_and_id_indexes" time="0.001" /><testcase classname="backend.tests.test_phase3_hardening.TestMongoIndexes" name="test_jobs_indexes" time="0.000" /><testcase classname="backend.tests.test_phase3_hardening.TestMongoIndexes" name="test_applications_composite_index" time="0.000" /><testcase classname="backend.tests.test_phase3_hardening.TestMongoIndexes" name="test_attendance_composite_indexes" time="0.000" /><testcase classname="backend.tests.test_phase3_hardening.TestMongoIndexes" name="test_erp_collections_indexed" time="0.001" /><testcase classname="backend.tests.test_phase3_hardening.TestMongoIndexes" name="test_chat_messages_composite" time="0.000" /><testcase classname="backend.tests.test_phase3_hardening.TestMongoIndexes" name="test_progress_photos_composite" time="0.001" /><testcase classname="backend.tests.test_phase3_hardening.TestMongoIndexes" name="test_password_resets_ttl" time="0.001" /><testcase classname="backend.tests.test_phase3_hardening.TestMongoIndexes" name="test_wallet_txns_composite" time="0.000" /><testcase classname="backend.tests.test_phase3_hardening.TestCORS" name="test_default_cors_allows_all_when_env_unset" time="0.073" /><testcase classname="backend.tests.test_phase3_hardening.TestCORS" name="test_get_health_returns_ok" time="0.099" /><testcase classname="backend.tests.test_phase3_hardening.TestSmokeNoBreakage" name="test_login_valid_creds" time="0.320" /><testcase classname="backend.tests.test_phase3_hardening.TestSmokeNoBreakage" name="test_me_returns_user" time="0.410" /><testcase classname="backend.tests.test_phase3_hardening.TestSmokeNoBreakage" name="test_jobs_list" time="0.415" /><testcase classname="backend.tests.test_phase3_hardening.TestSmokeNoBreakage" name="test_complaints_mine" time="0.425" /><testcase classname="backend.tests.test_wallet_signs_iter13" name="test_api_health" time="0.099" /><testcase classname="backend.tests.test_wallet_signs_iter13" name="test_login_worker_client_admin" time="30.460"><failure message="requests.exceptions.ConnectTimeout: HTTPSConnectionPool(host='buildmitra.preview.emergentagent.com', port=443): Max retries exceeded with url: /api/auth/login (Caused by ConnectTimeoutError(&lt;HTTPSConnection(host='buildmitra.preview.emergentagent.com', port=443) at 0xfa08ba305790&gt;, 'Connection to buildmitra.preview.emergentagent.com timed out. (connect timeout=15)'))">/root/.venv/lib/python3.11/site-packages/urllib3/connection.py:204: in _new_conn
    sock = connection.create_connection(
/root/.venv/lib/python3.11/site-packages/urllib3/util/connection.py:85: in create_connection
    raise err
/root/.venv/lib/python3.11/site-packages/urllib3/util/connection.py:73: in create_connection
    sock.connect(sa)
E   TimeoutError: timed out

The above exception was the direct cause of the following exception:
/root/.venv/lib/python3.11/site-packages/urllib3/connectionpool.py:788: in urlopen
    response = self._make_request(
/root/.venv/lib/python3.11/site-packages/urllib3/connectionpool.py:488: in _make_request
    raise new_e
/root/.venv/lib/python3.11/site-packages/urllib3/connectionpool.py:464: in _make_request
    self._validate_conn(conn)
/root/.venv/lib/python3.11/site-packages/urllib3/connectionpool.py:1106: in _validate_conn
    conn.connect()
/root/.venv/lib/python3.11/site-packages/urllib3/connection.py:759: in connect
    self.sock = sock = self._new_conn()
                       ^^^^^^^^^^^^^^^^
/root/.venv/lib/python3.11/site-packages/urllib3/connection.py:213: in _new_conn
    raise ConnectTimeoutError(
E   urllib3.exceptions.ConnectTimeoutError: (&lt;HTTPSConnection(host='buildmitra.preview.emergentagent.com', port=443) at 0xfa08ba305790&gt;, 'Connection to buildmitra.preview.emergentagent.com timed out. (connect timeout=15)')

The above exception was the direct cause of the following exception:
/root/.venv/lib/python3.11/site-packages/requests/adapters.py:696: in send
    resp = conn.urlopen(
/root/.venv/lib/python3.11/site-packages/urllib3/connectionpool.py:842: in urlopen
    retries = retries.increment(
/root/.venv/lib/python3.11/site-packages/urllib3/util/retry.py:543: in increment
    raise MaxRetryError(_pool, url, reason) from reason  # type: ignore[arg-type]
    ^^^^^^^^^^^^^^^^^^^^^^^^^^^^^^^^^^^^^^^^^^^^^^^^^^^
E   urllib3.exceptions.MaxRetryError: HTTPSConnectionPool(host='buildmitra.preview.emergentagent.com', port=443): Max retries exceeded with url: /api/auth/login (Caused by ConnectTimeoutError(&lt;HTTPSConnection(host='buildmitra.preview.emergentagent.com', port=443) at 0xfa08ba305790&gt;, 'Connection to buildmitra.preview.emergentagent.com timed out. (connect timeout=15)'))

During handling of the above exception, another exception occurred:
backend/tests/test_wallet_signs_iter13.py:39: in test_login_worker_client_admin
    tok, _ = _login(creds)
             ^^^^^^^^^^^^^
backend/tests/test_wallet_signs_iter13.py:25: in _login
    r = requests.post(f"{API}/auth/login", json=creds, headers={"X-Forwarded-For": ip}, timeout=15)
        ^^^^^^^^^^^^^^^^^^^^^^^^^^^^^^^^^^^^^^^^^^^^^^^^^^^^^^^^^^^^^^^^^^^^^^^^^^^^^^^^^^^^^^^^^^^
/root/.venv/lib/python3.11/site-packages/requests/api.py:134: in post
    return request("post", url, data=data, json=json, **kwargs)
           ^^^^^^^^^^^^^^^^^^^^^^^^^^^^^^^^^^^^^^^^^^^^^^^^^^^^
/root/.venv/lib/python3.11/site-packages/requests/api.py:71: in request
    return session.request(method=method, url=url, **kwargs)
           ^^^^^^^^^^^^^^^^^^^^^^^^^^^^^^^^^^^^^^^^^^^^^^^^^
/root/.venv/lib/python3.11/site-packages/requests/sessions.py:651: in request
    resp = self.send(prep, **send_kwargs)
           ^^^^^^^^^^^^^^^^^^^^^^^^^^^^^^
/root/.venv/lib/python3.11/site-packages/requests/sessions.py:784: in send
    r = adapter.send(request, **kwargs)
        ^^^^^^^^^^^^^^^^^^^^^^^^^^^^^^^
/root/.venv/lib/python3.11/site-packages/requests/adapters.py:717: in send
    raise ConnectTimeout(e, request=request)
E   requests.exceptions.ConnectTimeout: HTTPSConnectionPool(host='buildmitra.preview.emergentagent.com', port=443): Max retries exceeded with url: /api/auth/login (Caused by ConnectTimeoutError(&lt;HTTPSConnection(host='buildmitra.preview.emergentagent.com', port=443) at 0xfa08ba305790&gt;, 'Connection to buildmitra.preview.emergentagent.com timed out. (connect timeout=15)'))</failure></testcase><testcase classname="backend.tests.test_wallet_signs_iter13" name="test_me_returns_user" time="5.631" /><testcase classname="backend.tests.test_wallet_signs_iter13" name="test_wallet_returns_transactions_array" time="20.708" /><testcase classname="backend.tests.test_wallet_signs_iter13" name="test_wallet_transaction_amounts_are_numeric" time="0.474" /><testcase classname="backend.tests.test_wallet_signs_iter13" name="test_withdrawal_creates_negative_amount_transaction" time="1.125" /><testcase classname="backend.tests.test_wallet_signs_iter13" name="test_root_serves_index_html" time="0.112" /><testcase classname="backend.tests.test_wallet_signs_iter13" name="test_js_bundle_served" time="0.098" /><testcase classname="backend.tests.test_wallet_signs_iter13" name="test_root_health_endpoints" time="0.374" /></testsuite></testsuites>