<?xml version="1.0" encoding="utf-8"?><testsuites name="pytest tests"><testsuite name="pytest" errors="0" failures="0" skipped="0" tests="3" time="1.532" timestamp="2026-08-08T16:38:48.337059+00:00" hostname="agent-env-dd9109b4-2ed5-4fab-9ed5-c989f6ee51cc"><testcase classname="backend.tests.test_working_duration_iter33.TestWorkingDurationField" name="test_post_job_with_standard_duration_persists" time="0.751" /><testcase classname="backend.tests.test_working_duration_iter33.TestWorkingDurationField" name="test_post_job_with_custom_duration_persists" time="0.243" /><testcase classname="backend.tests.test_working_duration_iter33.TestWorkingDurationField" name="test_post_job_without_working_duration_backward_compatible" time="0.231" /></testsuite></testsuites>