<?xml version="1.0" encoding="utf-8"?><testsuites name="pytest tests"><testsuite name="pytest" errors="0" failures="0" skipped="0" tests="10" time="5.148" timestamp="2026-07-26T07:43:26.303576+00:00" hostname="agent-env-dd9109b4-2ed5-4fab-9ed5-c989f6ee51cc"><testcase classname="backend.tests.test_wallet_iter21" name="test_referral_stats_worker_shape_and_code" time="0.520" /><testcase classname="backend.tests.test_wallet_iter21" name="test_referral_stats_other_roles_200[creds0]" time="0.469" /><testcase classname="backend.tests.test_wallet_iter21" name="test_referral_stats_other_roles_200[creds1]" time="0.439" /><testcase classname="backend.tests.test_wallet_iter21" name="test_referral_stats_other_roles_200[creds2]" time="0.432" /><testcase classname="backend.tests.test_wallet_iter21" name="test_referral_stats_unauthenticated_401" time="0.129" /><testcase classname="backend.tests.test_wallet_iter21" name="test_wallet_payload_shape" time="0.439" /><testcase classname="backend.tests.test_wallet_iter21" name="test_withdraw_success_deducts_balance_and_returns_txn" time="0.592" /><testcase classname="backend.tests.test_wallet_iter21" name="test_withdraw_invalid_upi_400" time="0.415" /><testcase classname="backend.tests.test_wallet_iter21" name="test_withdraw_over_balance_400" time="0.533" /><testcase classname="backend.tests.test_wallet_iter21" name="test_payments_create_and_verify_credits_wallet" time="1.085" /></testsuite></testsuites>