<?xml version="1.0" encoding="utf-8"?><testsuites name="pytest tests"><testsuite name="pytest" errors="0" failures="1" skipped="0" tests="30" time="2.554" timestamp="2026-07-04T17:04:51.328670+00:00" hostname="agent-env-dd9109b4-2ed5-4fab-9ed5-c989f6ee51cc"><testcase classname="backend.tests.test_phase1_audit.TestRegression" name="test_me" time="0.405" /><testcase classname="backend.tests.test_phase1_audit.TestRegression" name="test_jobs_list" time="0.050" /><testcase classname="backend.tests.test_phase1_audit.TestRegression" name="test_complaints_list" time="0.046"><failure message="assert 404 == 200&#10; +  where 404 = &lt;Response [404]&gt;.status_code">E   assert 404 == 200
     +  where 404 = &lt;Response [404]&gt;.status_code</failure></testcase><testcase classname="backend.tests.test_phase1_audit.TestRegression" name="test_erp_bills" time="0.320" /><testcase classname="backend.tests.test_phase1_audit.TestRegression" name="test_chat_threads" time="0.329" /><testcase classname="backend.tests.test_phase1_audit.TestE2EFlow" name="test_01_client_posts_job" time="0.050" /><testcase classname="backend.tests.test_phase1_audit.TestE2EFlow" name="test_02_worker_applies" time="0.054" /><testcase classname="backend.tests.test_phase1_audit.TestE2EFlow" name="test_03_client_lists_applicants" time="0.050" /><testcase classname="backend.tests.test_phase1_audit.TestE2EFlow" name="test_04_accept_status_forbidden_for_other_user" time="0.051" /><testcase classname="backend.tests.test_phase1_audit.TestE2EFlow" name="test_05_accept_status_invalid_value" time="0.047" /><testcase classname="backend.tests.test_phase1_audit.TestE2EFlow" name="test_06_client_accepts_applicant" time="0.048" /><testcase classname="backend.tests.test_phase1_audit.TestE2EFlow" name="test_07_job_transitioned_to_in_progress" time="0.052" /><testcase classname="backend.tests.test_phase1_audit.TestE2EFlow" name="test_08_worker_hired_jobs_includes" time="0.052" /><testcase classname="backend.tests.test_phase1_audit.TestE2EFlow" name="test_09_hired_empty_for_non_workers" time="0.047" /><testcase classname="backend.tests.test_phase1_audit.TestE2EFlow" name="test_10_worker_public_profile" time="0.050" /><testcase classname="backend.tests.test_phase1_audit.TestE2EFlow" name="test_11_worker_profile_404" time="0.049" /><testcase classname="backend.tests.test_phase1_audit.TestE2EFlow" name="test_12_worker_checks_in" time="0.048" /><testcase classname="backend.tests.test_phase1_audit.TestE2EFlow" name="test_13_client_sees_my_workers_attendance" time="0.048" /><testcase classname="backend.tests.test_phase1_audit.TestE2EFlow" name="test_14_worker_forbidden_from_my_workers" time="0.044" /><testcase classname="backend.tests.test_phase1_audit.TestE2EFlow" name="test_15_payroll_shows_current_worker" time="0.046" /><testcase classname="backend.tests.test_phase1_audit.TestE2EFlow" name="test_16_payroll_forbidden_for_worker" time="0.045" /><testcase classname="backend.tests.test_phase1_audit.TestE2EFlow" name="test_17_payroll_isolation_contractor_sees_own_only" time="0.046" /><testcase classname="backend.tests.test_phase1_audit.TestE2EFlow" name="test_18_job_status_invalid" time="0.047" /><testcase classname="backend.tests.test_phase1_audit.TestE2EFlow" name="test_19_job_status_forbidden_for_non_poster" time="0.044" /><testcase classname="backend.tests.test_phase1_audit.TestE2EFlow" name="test_20_client_completes_job" time="0.090" /><testcase classname="backend.tests.test_phase1_audit.TestE2EFlow" name="test_21_hired_excludes_completed" time="0.047" /><testcase classname="backend.tests.test_phase1_audit.TestWalletWithdraw" name="test_invalid_amount" time="0.044" /><testcase classname="backend.tests.test_phase1_audit.TestWalletWithdraw" name="test_invalid_upi" time="0.052" /><testcase classname="backend.tests.test_phase1_audit.TestWalletWithdraw" name="test_insufficient_balance" time="0.050" /><testcase classname="backend.tests.test_phase1_audit.TestWalletWithdraw" name="test_success_withdrawal" time="0.099" /></testsuite></testsuites>