<?xml version="1.0" encoding="utf-8"?><testsuites name="pytest tests"><testsuite name="pytest" errors="0" failures="0" skipped="0" tests="9" time="3.874" timestamp="2026-08-07T13:14:08.572405+00:00" hostname="agent-env-dd9109b4-2ed5-4fab-9ed5-c989f6ee51cc"><testcase classname="backend.tests.test_iter30_profile_updates.TestWorkerProfileNewFields" name="test_login_worker" time="1.093" /><testcase classname="backend.tests.test_iter30_profile_updates.TestWorkerProfileNewFields" name="test_put_and_get_new_worker_fields" time="0.196" /><testcase classname="backend.tests.test_iter30_profile_updates.TestWorkerProfileNewFields" name="test_experience_level_casings" time="0.961" /><testcase classname="backend.tests.test_iter30_profile_updates.TestWorkerProfileNewFields" name="test_gender_female_and_flags_false" time="0.193" /><testcase classname="backend.tests.test_iter30_profile_updates.TestWorkerProfileNewFields" name="test_availability_status_still_works" time="0.104" /><testcase classname="backend.tests.test_iter30_profile_updates.TestClientProfileFields" name="test_client_put_business_and_location" time="0.256" /><testcase classname="backend.tests.test_iter30_profile_updates.TestClientProfileFields" name="test_client_business_type_options" time="0.479" /><testcase classname="backend.tests.test_iter30_profile_updates.TestContractorProfileFields" name="test_contractor_put_location" time="0.205" /><testcase classname="backend.tests.test_iter30_profile_updates.TestExistingFieldsRegression" name="test_worker_existing_fields" time="0.198" /></testsuite></testsuites>