<?xml version="1.0" encoding="utf-8"?><testsuites name="pytest tests"><testsuite name="pytest" errors="0" failures="0" skipped="0" tests="8" time="7.626" timestamp="2026-08-19T23:21:53.097011+00:00" hostname="agent-env-dd9109b4-2ed5-4fab-9ed5-c989f6ee51cc"><testcase classname="backend.tests.test_iter43_attendance_monitor.TestEnrichmentSchema" name="test_client_my_workers_enriched" time="0.865" /><testcase classname="backend.tests.test_iter43_attendance_monitor.TestEnrichmentSchema" name="test_contractor_my_workers_enriched" time="1.397" /><testcase classname="backend.tests.test_iter43_attendance_monitor.TestEnrichmentSchema" name="test_worker_my_workers_forbidden" time="0.502" /><testcase classname="backend.tests.test_iter43_attendance_monitor.TestSessionFlow" name="test_full_check_in_then_out_and_client_sees_enriched" time="3.472" /><testcase classname="backend.tests.test_iter43_attendance_monitor.TestScoping" name="test_contractor_does_not_see_client_jobs" time="0.383" /><testcase classname="backend.tests.test_iter43_attendance_monitor.TestScoping" name="test_admin_sees_all" time="0.495" /><testcase classname="backend.tests.test_iter43_attendance_monitor.TestWorkerRegression" name="test_worker_mine_still_works" time="0.127" /><testcase classname="backend.tests.test_iter43_attendance_monitor.TestWorkerRegression" name="test_worker_can_still_check_in_generic" time="0.164" /></testsuite></testsuites>