<?xml version="1.0" encoding="utf-8"?><testsuites name="pytest tests"><testsuite name="pytest" errors="0" failures="2" skipped="0" tests="11" time="3.404" timestamp="2026-07-12T17:58:28.287679+00:00" hostname="agent-env-dd9109b4-2ed5-4fab-9ed5-c989f6ee51cc"><testcase classname="backend.tests.test_register_role.TestRegisterRoles" name="test_register_each_role_succeeds_and_persists[worker]" time="0.588" /><testcase classname="backend.tests.test_register_role.TestRegisterRoles" name="test_register_each_role_succeeds_and_persists[contractor]" time="0.363" /><testcase classname="backend.tests.test_register_role.TestRegisterRoles" name="test_register_each_role_succeeds_and_persists[client]" time="0.400" /><testcase classname="backend.tests.test_register_role.TestRegisterRoles" name="test_register_invalid_role_returns_400[admin]" time="0.144" /><testcase classname="backend.tests.test_register_role.TestRegisterRoles" name="test_register_invalid_role_returns_400[foo]" time="0.095" /><testcase classname="backend.tests.test_register_role.TestRegisterRoles" name="test_register_invalid_role_returns_400[]" time="0.145"><failure message="AssertionError: expected 4xx, got 429 {&quot;detail&quot;:&quot;Too many requests. Please wait a bit.&quot;}&#10;assert 429 in (400, 422)&#10; +  where 429 = &lt;Response [429]&gt;.status_code">backend/tests/test_register_role.py:76: in test_register_invalid_role_returns_400
    assert r.status_code in (400, 422), f"expected 4xx, got {r.status_code} {r.text}"
E   AssertionError: expected 4xx, got 429 {"detail":"Too many requests. Please wait a bit."}
E   assert 429 in (400, 422)
E    +  where 429 = &lt;Response [429]&gt;.status_code</failure></testcase><testcase classname="backend.tests.test_register_role.TestRegisterRoles" name="test_register_invalid_role_returns_400[WORKER]" time="0.150"><failure message="AssertionError: expected 4xx, got 429 {&quot;detail&quot;:&quot;Too many requests. Please wait a bit.&quot;}&#10;assert 429 in (400, 422)&#10; +  where 429 = &lt;Response [429]&gt;.status_code">backend/tests/test_register_role.py:76: in test_register_invalid_role_returns_400
    assert r.status_code in (400, 422), f"expected 4xx, got {r.status_code} {r.text}"
E   AssertionError: expected 4xx, got 429 {"detail":"Too many requests. Please wait a bit."}
E   assert 429 in (400, 422)
E    +  where 429 = &lt;Response [429]&gt;.status_code</failure></testcase><testcase classname="backend.tests.test_register_role.TestDemoLogins" name="test_demo_login[9000000002-demo1234-worker]" time="0.353" /><testcase classname="backend.tests.test_register_role.TestDemoLogins" name="test_demo_login[9000000001-demo1234-client]" time="0.315" /><testcase classname="backend.tests.test_register_role.TestDemoLogins" name="test_demo_login[9000000003-demo1234-contractor]" time="0.317" /><testcase classname="backend.tests.test_register_role.TestDemoLogins" name="test_demo_login[9000000000-admin1234-admin]" time="0.317" /></testsuite></testsuites>