<?xml version="1.0" encoding="utf-8"?><testsuites name="pytest tests"><testsuite name="pytest" errors="0" failures="0" skipped="0" tests="12" time="1.923" timestamp="2026-07-26T14:30:48.858466+00:00" hostname="agent-env-dd9109b4-2ed5-4fab-9ed5-c989f6ee51cc"><testcase classname="backend.tests.test_wallet_iter22.TestCsvExport" name="test_worker_csv_export_ok" time="0.274" /><testcase classname="backend.tests.test_wallet_iter22.TestCsvExport" name="test_client_csv_export_ok" time="0.309" /><testcase classname="backend.tests.test_wallet_iter22.TestCsvExport" name="test_csv_export_unauthenticated_401" time="0.043" /><testcase classname="backend.tests.test_wallet_iter22.TestPdfExport" name="test_worker_pdf_export_ok" time="0.112" /><testcase classname="backend.tests.test_wallet_iter22.TestPdfExport" name="test_pdf_export_unauthenticated_401" time="0.042" /><testcase classname="backend.tests.test_wallet_iter22.TestWithdrawalsEndpoint" name="test_worker_withdrawals_shape" time="0.140" /><testcase classname="backend.tests.test_wallet_iter22.TestWithdrawalsEndpoint" name="test_client_withdrawals_ok" time="0.042" /><testcase classname="backend.tests.test_wallet_iter22.TestWithdrawalsEndpoint" name="test_contractor_withdrawals_ok" time="0.308" /><testcase classname="backend.tests.test_wallet_iter22.TestWithdrawalsEndpoint" name="test_admin_withdrawals_ok" time="0.307" /><testcase classname="backend.tests.test_wallet_iter22.TestWithdrawalsEndpoint" name="test_withdrawals_unauth_401" time="0.042" /><testcase classname="backend.tests.test_wallet_iter22.TestWalletRegression" name="test_wallet_get_shape" time="0.045" /><testcase classname="backend.tests.test_wallet_iter22.TestWalletRegression" name="test_referral_stats_shape" time="0.043" /></testsuite></testsuites>