<?xml version="1.0" encoding="utf-8"?><testsuites name="pytest tests"><testsuite name="pytest" errors="0" failures="0" skipped="0" tests="6" time="2.275" timestamp="2026-07-26T16:13:07.201103+00:00" hostname="agent-env-dd9109b4-2ed5-4fab-9ed5-c989f6ee51cc"><testcase classname="backend.tests.test_iter23_worker_profile.TestProfileExperienceLevel" name="test_put_me_experience_level_full_trained" time="1.281" /><testcase classname="backend.tests.test_iter23_worker_profile.TestProfileExperienceLevel" name="test_put_me_experience_level_semi_trained" time="0.098" /><testcase classname="backend.tests.test_iter23_worker_profile.TestProfileAvailability" name="test_toggle_available_false" time="0.200" /><testcase classname="backend.tests.test_iter23_worker_profile.TestProfileAvailability" name="test_toggle_available_true" time="0.223" /><testcase classname="backend.tests.test_iter23_worker_profile.TestProfileSkills" name="test_put_me_new_skill_list" time="0.199" /><testcase classname="backend.tests.test_iter23_worker_profile.TestProfileRegression" name="test_put_me_regression_fields" time="0.207" /></testsuite></testsuites>