<?xml version="1.0" encoding="utf-8"?><testsuites name="pytest tests"><testsuite name="pytest" errors="0" failures="0" skipped="0" tests="5" time="2.137" timestamp="2026-08-08T14:23:09.170276+00:00" hostname="agent-env-dd9109b4-2ed5-4fab-9ed5-c989f6ee51cc"><testcase classname="backend.tests.test_post_job_iter31" name="test_client_post_job_with_new_fields" time="0.845" /><testcase classname="backend.tests.test_post_job_iter31" name="test_contractor_post_job_with_new_fields" time="0.479" /><testcase classname="backend.tests.test_post_job_iter31" name="test_post_job_without_new_fields_backward_compat" time="0.101" /><testcase classname="backend.tests.test_post_job_iter31" name="test_worker_cannot_post_job" time="0.423" /><testcase classname="backend.tests.test_post_job_iter31" name="test_list_jobs_regression" time="0.098" /></testsuite></testsuites>