<?xml version="1.0" encoding="utf-8"?><testsuites name="pytest tests"><testsuite name="pytest" errors="0" failures="0" skipped="0" tests="25" time="44.285" timestamp="2026-07-04T17:05:35.823065+00:00" hostname="agent-env-dd9109b4-2ed5-4fab-9ed5-c989f6ee51cc"><testcase classname="backend.tests.test_phase3_hardening.TestRateLimit" name="test_login_rate_limit_returns_429" time="1.279" /><testcase classname="backend.tests.test_phase3_hardening.TestRateLimit" name="test_register_rate_limit_5_per_min" time="1.729" /><testcase classname="backend.tests.test_phase3_hardening.TestRateLimit" name="test_otp_send_rate_limit_3_per_min" time="0.398" /><testcase classname="backend.tests.test_phase3_hardening.TestRateLimit" name="test_forgot_password_rate_limit_10_per_min" time="1.125" /><testcase classname="backend.tests.test_phase3_hardening.TestRateLimit" name="test_different_ips_not_shared" time="1.286" /><testcase classname="backend.tests.test_phase3_hardening.TestProgressPhotoValidation" name="test_photo_too_large_returns_413" time="0.742" /><testcase classname="backend.tests.test_phase3_hardening.TestProgressPhotoValidation" name="test_photo_invalid_format_400" time="0.115" /><testcase classname="backend.tests.test_phase3_hardening.TestProgressPhotoValidation" name="test_caption_sanitization_strips_nulls" time="0.102" /><testcase classname="backend.tests.test_phase3_hardening.TestProgressPhotoValidation" name="test_empty_photo_allowed" time="0.118" /><testcase classname="backend.tests.test_phase3_hardening.TestMongoIndexes" name="test_users_mobile_unique_index" time="0.064" /><testcase classname="backend.tests.test_phase3_hardening.TestMongoIndexes" name="test_users_role_and_id_indexes" time="0.001" /><testcase classname="backend.tests.test_phase3_hardening.TestMongoIndexes" name="test_jobs_indexes" time="0.000" /><testcase classname="backend.tests.test_phase3_hardening.TestMongoIndexes" name="test_applications_composite_index" time="0.001" /><testcase classname="backend.tests.test_phase3_hardening.TestMongoIndexes" name="test_attendance_composite_indexes" time="0.000" /><testcase classname="backend.tests.test_phase3_hardening.TestMongoIndexes" name="test_erp_collections_indexed" time="0.001" /><testcase classname="backend.tests.test_phase3_hardening.TestMongoIndexes" name="test_chat_messages_composite" time="0.000" /><testcase classname="backend.tests.test_phase3_hardening.TestMongoIndexes" name="test_progress_photos_composite" time="0.000" /><testcase classname="backend.tests.test_phase3_hardening.TestMongoIndexes" name="test_password_resets_ttl" time="0.000" /><testcase classname="backend.tests.test_phase3_hardening.TestMongoIndexes" name="test_wallet_txns_composite" time="0.000" /><testcase classname="backend.tests.test_phase3_hardening.TestCORS" name="test_default_cors_allows_all_when_env_unset" time="0.071" /><testcase classname="backend.tests.test_phase3_hardening.TestCORS" name="test_get_health_returns_ok" time="0.104" /><testcase classname="backend.tests.test_phase3_hardening.TestSmokeNoBreakage" name="test_login_valid_creds" time="0.323" /><testcase classname="backend.tests.test_phase3_hardening.TestSmokeNoBreakage" name="test_me_returns_user" time="32.674" /><testcase classname="backend.tests.test_phase3_hardening.TestSmokeNoBreakage" name="test_jobs_list" time="0.517" /><testcase classname="backend.tests.test_phase3_hardening.TestSmokeNoBreakage" name="test_complaints_mine" time="3.535" /></testsuite></testsuites>