<?xml version="1.0" encoding="utf-8"?><testsuites name="pytest tests"><testsuite name="pytest" errors="0" failures="0" skipped="0" tests="52" time="8.171" timestamp="2026-07-03T15:55:49.275616+00:00" hostname="agent-env-dd9109b4-2ed5-4fab-9ed5-c989f6ee51cc"><testcase classname="backend.tests.test_phase2_features.TestSmokeRegression" name="test_health" time="0.128" /><testcase classname="backend.tests.test_phase2_features.TestSmokeRegression" name="test_login_all_roles" time="1.306" /><testcase classname="backend.tests.test_phase2_features.TestSmokeRegression" name="test_me" time="0.103" /><testcase classname="backend.tests.test_phase2_features.TestSmokeRegression" name="test_jobs_list" time="0.096" /><testcase classname="backend.tests.test_phase2_features.TestSmokeRegression" name="test_complaints_mine" time="0.107" /><testcase classname="backend.tests.test_phase2_features.TestSmokeRegression" name="test_erp_bills" time="0.102" /><testcase classname="backend.tests.test_phase2_features.TestSmokeRegression" name="test_attendance_mine" time="0.120" /><testcase classname="backend.tests.test_phase2_features.TestSmokeRegression" name="test_payroll" time="0.101" /><testcase classname="backend.tests.test_phase2_features.TestForgotPassword" name="test_forgot_invalid_mobile" time="0.100" /><testcase classname="backend.tests.test_phase2_features.TestForgotPassword" name="test_forgot_nonexistent_user_still_ok" time="0.101" /><testcase classname="backend.tests.test_phase2_features.TestForgotPassword" name="test_forgot_existing_user_returns_dev_code" time="0.098" /><testcase classname="backend.tests.test_phase2_features.TestForgotPassword" name="test_reset_short_password_400" time="0.099" /><testcase classname="backend.tests.test_phase2_features.TestForgotPassword" name="test_reset_invalid_otp_401" time="0.211" /><testcase classname="backend.tests.test_phase2_features.TestForgotPassword" name="test_reset_flow_success_and_login_works" time="0.769" /><testcase classname="backend.tests.test_phase2_features.TestJobsSearch" name="test_requires_auth" time="0.099" /><testcase classname="backend.tests.test_phase2_features.TestJobsSearch" name="test_search_defaults" time="0.109" /><testcase classname="backend.tests.test_phase2_features.TestJobsSearch" name="test_search_with_filters" time="0.117" /><testcase classname="backend.tests.test_phase2_features.TestEscrow" name="test_deposit_only_client_contractor" time="0.222" /><testcase classname="backend.tests.test_phase2_features.TestEscrow" name="test_deposit_invalid_amount" time="0.111" /><testcase classname="backend.tests.test_phase2_features.TestEscrow" name="test_deposit_not_your_job" time="0.094" /><testcase classname="backend.tests.test_phase2_features.TestEscrow" name="test_deposit_success_5000" time="0.109" /><testcase classname="backend.tests.test_phase2_features.TestEscrow" name="test_escrow_mine_shows_deposit" time="0.118" /><testcase classname="backend.tests.test_phase2_features.TestEscrow" name="test_release_amount_gt_balance_fails" time="0.101" /><testcase classname="backend.tests.test_phase2_features.TestEscrow" name="test_release_partial_1000_and_wallet_credit" time="0.300" /><testcase classname="backend.tests.test_phase2_features.TestEscrow" name="test_release_by_non_owner_forbidden" time="0.095" /><testcase classname="backend.tests.test_phase2_features.TestEscrow" name="test_refund_held_ok" time="0.331" /><testcase classname="backend.tests.test_phase2_features.TestE2EJobFlow" name="test_worker_apply" time="0.098" /><testcase classname="backend.tests.test_phase2_features.TestE2EJobFlow" name="test_client_accept_worker" time="0.098" /><testcase classname="backend.tests.test_phase2_features.TestE2EJobFlow" name="test_worker_checkin_within_geofence" time="0.096" /><testcase classname="backend.tests.test_phase2_features.TestRatings" name="test_public_user_ratings" time="0.115" /><testcase classname="backend.tests.test_phase2_features.TestRatings" name="test_create_rating" time="0.103" /><testcase classname="backend.tests.test_phase2_features.TestRatings" name="test_ratings_mine" time="0.155" /><testcase classname="backend.tests.test_phase2_features.TestLeave" name="test_leave_request_worker_only" time="0.096" /><testcase classname="backend.tests.test_phase2_features.TestLeave" name="test_leave_missing_fields_400" time="0.099" /><testcase classname="backend.tests.test_phase2_features.TestLeave" name="test_leave_request_ok" time="0.105" /><testcase classname="backend.tests.test_phase2_features.TestLeave" name="test_leave_mine" time="0.095" /><testcase classname="backend.tests.test_phase2_features.TestLeave" name="test_leave_inbox_client" time="0.101" /><testcase classname="backend.tests.test_phase2_features.TestLeave" name="test_leave_decision_by_non_approver" time="0.098" /><testcase classname="backend.tests.test_phase2_features.TestLeave" name="test_leave_decision_approve" time="0.101" /><testcase classname="backend.tests.test_phase2_features.TestProgressPhotos" name="test_upload_photo" time="0.100" /><testcase classname="backend.tests.test_phase2_features.TestProgressPhotos" name="test_upload_nonexistent_job_404" time="0.105" /><testcase classname="backend.tests.test_phase2_features.TestProgressPhotos" name="test_list_photos" time="0.102" /><testcase classname="backend.tests.test_phase2_features.TestProgressPhotos" name="test_delete_non_owner_forbidden" time="0.125" /><testcase classname="backend.tests.test_phase2_features.TestProgressPhotos" name="test_delete_by_owner_ok" time="0.209" /><testcase classname="backend.tests.test_phase2_features.TestProjectProgress" name="test_client_sees_progress" time="0.104" /><testcase classname="backend.tests.test_phase2_features.TestProjectProgress" name="test_worker_forbidden" time="0.097" /><testcase classname="backend.tests.test_phase2_features.TestSalarySummary" name="test_worker_summary" time="0.101" /><testcase classname="backend.tests.test_phase2_features.TestSalarySummary" name="test_non_worker_403" time="0.104" /><testcase classname="backend.tests.test_phase2_features.TestAdminMonitor" name="test_monitor_admin_only" time="0.100" /><testcase classname="backend.tests.test_phase2_features.TestAdminMonitor" name="test_monitor_ok" time="0.102" /><testcase classname="backend.tests.test_phase2_features.TestAdminMonitor" name="test_activity_admin_only" time="0.133" /><testcase classname="backend.tests.test_phase2_features.TestAdminMonitor" name="test_activity_ok" time="0.100" /></testsuite></testsuites>