<?xml version="1.0" encoding="utf-8"?><testsuites name="pytest tests"><testsuite name="pytest" errors="0" failures="0" skipped="0" tests="11" time="3.720" timestamp="2026-07-26T16:51:30.810961+00:00" hostname="agent-env-dd9109b4-2ed5-4fab-9ed5-c989f6ee51cc"><testcase classname="backend.tests.test_iter24_availability_rules.TestRule1ProfileComplete" name="test_a_fresh_worker_status_incomplete" time="0.571" /><testcase classname="backend.tests.test_iter24_availability_rules.TestRule1ProfileComplete" name="test_b_put_available_true_blocked" time="0.135" /><testcase classname="backend.tests.test_iter24_availability_rules.TestRule1ProfileComplete" name="test_c1_fill_skill" time="0.344" /><testcase classname="backend.tests.test_iter24_availability_rules.TestRule1ProfileComplete" name="test_c2_fill_level" time="0.232" /><testcase classname="backend.tests.test_iter24_availability_rules.TestRule1ProfileComplete" name="test_c3_fill_remaining" time="0.243" /><testcase classname="backend.tests.test_iter24_availability_rules.TestRule1ProfileComplete" name="test_d_put_available_true_succeeds" time="0.095" /><testcase classname="backend.tests.test_iter24_availability_rules.TestRule2ActiveHiringLocks" name="test_a_accept_locks_availability" time="0.933" /><testcase classname="backend.tests.test_iter24_availability_rules.TestRule2ActiveHiringLocks" name="test_b_put_available_true_blocked_while_hired" time="0.106" /><testcase classname="backend.tests.test_iter24_availability_rules.TestRule2ActiveHiringLocks" name="test_c_reject_unlocks" time="0.192" /><testcase classname="backend.tests.test_iter24_availability_rules.TestRule3SingleSelectSkills" name="test_backend_trims_multi_skills" time="0.122" /><testcase classname="backend.tests.test_iter24_availability_rules.TestRegressionSeededHiredWorker" name="test_seeded_hired_worker_locked" time="0.660" /></testsuite></testsuites>