<?xml version="1.0" encoding="utf-8"?><testsuites name="pytest tests"><testsuite name="pytest" errors="0" failures="0" skipped="0" tests="6" time="3.660" timestamp="2026-08-10T14:23:28.795284+00:00" hostname="agent-env-dd9109b4-2ed5-4fab-9ed5-c989f6ee51cc"><testcase classname="backend.tests.test_iter40_vacancy_key_and_mine.TestVacancyKeyReplacesSlotIndex" name="test_vacancy_key_present_slot_index_absent_all_items" time="1.332" /><testcase classname="backend.tests.test_iter40_vacancy_key_and_mine.TestVacancyKeyReplacesSlotIndex" name="test_supervisor_slot_carries_hourly_metadata_with_vacancy_key" time="0.679" /><testcase classname="backend.tests.test_iter40_vacancy_key_and_mine.TestJobsMineEnrichment" name="test_mine_returns_accepted_count_and_remaining" time="0.265" /><testcase classname="backend.tests.test_iter40_vacancy_key_and_mine.TestRegression" name="test_login_flow_intact" time="1.068" /><testcase classname="backend.tests.test_iter40_vacancy_key_and_mine.TestRegression" name="test_post_job_still_works" time="0.118" /><testcase classname="backend.tests.test_iter40_vacancy_key_and_mine.TestRegression" name="test_profile_me_endpoint" time="0.099" /></testsuite></testsuites>