<?xml version="1.0" encoding="utf-8"?><testsuites name="pytest tests"><testsuite name="pytest" errors="0" failures="0" skipped="0" tests="6" time="2.426" timestamp="2026-08-07T05:37:30.307901+00:00" hostname="agent-env-dd9109b4-2ed5-4fab-9ed5-c989f6ee51cc"><testcase classname="backend.tests.test_iter26_client_profile_trim" name="test_client_stats_client_200" time="0.486" /><testcase classname="backend.tests.test_iter26_client_profile_trim" name="test_client_stats_contractor_200" time="0.330" /><testcase classname="backend.tests.test_iter26_client_profile_trim" name="test_client_stats_worker_403" time="0.324" /><testcase classname="backend.tests.test_iter26_client_profile_trim" name="test_missing_fields_excludes_trimmed" time="0.329" /><testcase classname="backend.tests.test_iter26_client_profile_trim" name="test_completion_pct_math_9_items" time="0.380" /><testcase classname="backend.tests.test_iter26_client_profile_trim" name="test_put_me_tolerates_hidden_fields" time="0.379" /></testsuite></testsuites>