<?xml version="1.0" encoding="utf-8"?><testsuites name="pytest tests"><testsuite name="pytest" errors="0" failures="0" skipped="0" tests="21" time="5.709" timestamp="2026-06-28T03:40:23.361617+00:00" hostname="agent-env-dd9109b4-2ed5-4fab-9ed5-c989f6ee51cc"><testcase classname="backend.tests.test_password_profile.TestPasswordChange" name="test_no_auth_returns_401_or_403" time="0.319" /><testcase classname="backend.tests.test_password_profile.TestPasswordChange" name="test_invalid_token_returns_401" time="0.060" /><testcase classname="backend.tests.test_password_profile.TestPasswordChange" name="test_missing_old_password_empty_string" time="0.318" /><testcase classname="backend.tests.test_password_profile.TestPasswordChange" name="test_missing_new_password_empty_string" time="0.044" /><testcase classname="backend.tests.test_password_profile.TestPasswordChange" name="test_missing_field_returns_422" time="0.045" /><testcase classname="backend.tests.test_password_profile.TestPasswordChange" name="test_new_password_too_short" time="0.048" /><testcase classname="backend.tests.test_password_profile.TestPasswordChange" name="test_wrong_old_password" time="0.265" /><testcase classname="backend.tests.test_password_profile.TestPasswordChange" name="test_change_success" time="0.494" /><testcase classname="backend.tests.test_password_profile.TestPasswordChange" name="test_password_updated_at_set_on_user" time="0.046" /><testcase classname="backend.tests.test_password_profile.TestPasswordChange" name="test_old_password_rejected_after_change" time="0.266" /><testcase classname="backend.tests.test_password_profile.TestPasswordChange" name="test_login_with_new_password_works" time="0.266" /><testcase classname="backend.tests.test_password_profile.TestPasswordChange" name="test_revert_password_to_demo" time="1.028" /><testcase classname="backend.tests.test_password_profile.TestProfilePhoto" name="test_set_photo_persists" time="0.378" /><testcase classname="backend.tests.test_password_profile.TestProfilePhoto" name="test_clear_photo_with_empty_string" time="0.097" /><testcase classname="backend.tests.test_password_profile.TestProfilePhoto" name="test_other_fields_regression" time="0.287" /><testcase classname="backend.tests.test_password_profile.TestProfilePhoto" name="test_partial_update_does_not_wipe_fields" time="0.054" /><testcase classname="backend.tests.test_password_profile.TestProfilePhoto" name="test_put_me_no_auth" time="0.051" /><testcase classname="backend.tests.test_password_profile.TestExistingEndpoints" name="test_login_still_works" time="0.272" /><testcase classname="backend.tests.test_password_profile.TestExistingEndpoints" name="test_login_other_roles" time="0.532" /><testcase classname="backend.tests.test_password_profile.TestExistingEndpoints" name="test_get_me_returns_full_user" time="0.334" /><testcase classname="backend.tests.test_password_profile.TestExistingEndpoints" name="test_put_me_full_profile_body" time="0.316" /></testsuite></testsuites>