<?xml version="1.0" encoding="utf-8"?><testsuites name="pytest tests"><testsuite name="pytest" errors="0" failures="0" skipped="0" tests="43" time="64.676" timestamp="2026-06-28T07:36:10.452352+00:00" hostname="agent-env-dd9109b4-2ed5-4fab-9ed5-c989f6ee51cc"><testcase classname="backend.tests.test_buildmitra.TestAuth" name="test_login_worker" time="0.352" /><testcase classname="backend.tests.test_buildmitra.TestAuth" name="test_login_invalid" time="0.267" /><testcase classname="backend.tests.test_buildmitra.TestAuth" name="test_register_and_me" time="0.310" /><testcase classname="backend.tests.test_buildmitra.TestAuth" name="test_me_no_token" time="0.040" /><testcase classname="backend.tests.test_buildmitra.TestJobs" name="test_list_jobs_seeded" time="0.050" /><testcase classname="backend.tests.test_buildmitra.TestJobs" name="test_list_jobs_filter_skill" time="0.043" /><testcase classname="backend.tests.test_buildmitra.TestJobs" name="test_post_job_client" time="0.392" /><testcase classname="backend.tests.test_buildmitra.TestJobs" name="test_post_job_worker_forbidden" time="0.041" /><testcase classname="backend.tests.test_buildmitra.TestApplications" name="test_apply_and_list" time="0.224" /><testcase classname="backend.tests.test_buildmitra.TestAttendance" name="test_attendance_create" time="0.087" /><testcase classname="backend.tests.test_buildmitra.TestWallet" name="test_wallet_worker" time="0.085" /><testcase classname="backend.tests.test_buildmitra.TestAIMatch" name="test_ai_match_worker" time="3.222" /><testcase classname="backend.tests.test_buildmitra.TestAIMatch" name="test_ai_match_client_forbidden" time="0.042" /><testcase classname="backend.tests.test_password_profile.TestPasswordChange" name="test_no_auth_returns_401_or_403" time="0.126" /><testcase classname="backend.tests.test_password_profile.TestPasswordChange" name="test_invalid_token_returns_401" time="0.079" /><testcase classname="backend.tests.test_password_profile.TestPasswordChange" name="test_missing_old_password_empty_string" time="0.324" /><testcase classname="backend.tests.test_password_profile.TestPasswordChange" name="test_missing_new_password_empty_string" time="0.043" /><testcase classname="backend.tests.test_password_profile.TestPasswordChange" name="test_missing_field_returns_422" time="0.082" /><testcase classname="backend.tests.test_password_profile.TestPasswordChange" name="test_new_password_too_short" time="0.080" /><testcase classname="backend.tests.test_password_profile.TestPasswordChange" name="test_wrong_old_password" time="0.262" /><testcase classname="backend.tests.test_password_profile.TestPasswordChange" name="test_change_success" time="0.524" /><testcase classname="backend.tests.test_password_profile.TestPasswordChange" name="test_password_updated_at_set_on_user" time="0.041" /><testcase classname="backend.tests.test_password_profile.TestPasswordChange" name="test_old_password_rejected_after_change" time="0.302" /><testcase classname="backend.tests.test_password_profile.TestPasswordChange" name="test_login_with_new_password_works" time="0.261" /><testcase classname="backend.tests.test_password_profile.TestPasswordChange" name="test_revert_password_to_demo" time="1.092" /><testcase classname="backend.tests.test_password_profile.TestProfilePhoto" name="test_set_photo_persists" time="0.422" /><testcase classname="backend.tests.test_password_profile.TestProfilePhoto" name="test_clear_photo_with_empty_string" time="0.132" /><testcase classname="backend.tests.test_password_profile.TestProfilePhoto" name="test_other_fields_regression" time="0.164" /><testcase classname="backend.tests.test_password_profile.TestProfilePhoto" name="test_partial_update_does_not_wipe_fields" time="0.041" /><testcase classname="backend.tests.test_password_profile.TestProfilePhoto" name="test_put_me_no_auth" time="0.038" /><testcase classname="backend.tests.test_password_profile.TestExistingEndpoints" name="test_login_still_works" time="0.261" /><testcase classname="backend.tests.test_password_profile.TestExistingEndpoints" name="test_login_other_roles" time="0.605" /><testcase classname="backend.tests.test_password_profile.TestExistingEndpoints" name="test_get_me_returns_full_user" time="0.350" /><testcase classname="backend.tests.test_password_profile.TestExistingEndpoints" name="test_put_me_full_profile_body" time="0.347" /><testcase classname="backend.tests.test_complaints.TestFileComplaint" name="test_file_complaint_success" time="31.811" /><testcase classname="backend.tests.test_complaints.TestFileComplaint" name="test_file_complaint_unauthenticated" time="0.100" /><testcase classname="backend.tests.test_complaints.TestFileComplaint" name="test_file_complaint_missing_subject" time="0.102" /><testcase classname="backend.tests.test_complaints.TestMyComplaints" name="test_my_complaints_lists_filed" time="0.093" /><testcase classname="backend.tests.test_complaints.TestMyComplaints" name="test_my_complaints_includes_recent_file" time="19.926" /><testcase classname="backend.tests.test_complaints.TestMyComplaints" name="test_my_complaints_isolation_admin_sees_via_admin_route" time="0.449" /><testcase classname="backend.tests.test_complaints.TestAdminComplaintsRegression" name="test_admin_can_see_user_complaint" time="0.190" /><testcase classname="backend.tests.test_complaints.TestRegressionProfile" name="test_change_password_roundtrip" time="1.078" /><testcase classname="backend.tests.test_complaints.TestRegressionProfile" name="test_photo_update_clear" time="0.095" /></testsuite></testsuites>