<?xml version="1.0" encoding="utf-8"?><testsuites name="pytest tests"><testsuite name="pytest" errors="0" failures="1" skipped="0" tests="13" time="7.577" timestamp="2026-06-27T13:36:04.402287+00:00" hostname="agent-env-dd9109b4-2ed5-4fab-9ed5-c989f6ee51cc"><testcase classname="backend.tests.test_buildmitra.TestAuth" name="test_login_worker" time="0.428" /><testcase classname="backend.tests.test_buildmitra.TestAuth" name="test_login_invalid" time="0.274" /><testcase classname="backend.tests.test_buildmitra.TestAuth" name="test_register_and_me" time="0.277"><failure message="AssertionError: Internal Server Error&#10;assert 500 == 200&#10; +  where 500 = &lt;Response [500]&gt;.status_code">backend/tests/test_buildmitra.py:58: in test_register_and_me
    assert r.status_code == 200, r.text
E   AssertionError: Internal Server Error
E   assert 500 == 200
E    +  where 500 = &lt;Response [500]&gt;.status_code</failure></testcase><testcase classname="backend.tests.test_buildmitra.TestAuth" name="test_me_no_token" time="0.050" /><testcase classname="backend.tests.test_buildmitra.TestJobs" name="test_list_jobs_seeded" time="0.054" /><testcase classname="backend.tests.test_buildmitra.TestJobs" name="test_list_jobs_filter_skill" time="0.049" /><testcase classname="backend.tests.test_buildmitra.TestJobs" name="test_post_job_client" time="0.368" /><testcase classname="backend.tests.test_buildmitra.TestJobs" name="test_post_job_worker_forbidden" time="0.046" /><testcase classname="backend.tests.test_buildmitra.TestApplications" name="test_apply_and_list" time="0.202" /><testcase classname="backend.tests.test_buildmitra.TestAttendance" name="test_attendance_create" time="0.119" /><testcase classname="backend.tests.test_buildmitra.TestWallet" name="test_wallet_worker" time="0.050" /><testcase classname="backend.tests.test_buildmitra.TestAIMatch" name="test_ai_match_worker" time="5.449" /><testcase classname="backend.tests.test_buildmitra.TestAIMatch" name="test_ai_match_client_forbidden" time="0.049" /></testsuite></testsuites>